[2025-10-17 23:19:52,538][modules.dataloader][INFO] - Loaded 800 sequences from C:\Users\yoche\OneDrive - The University of Texas at Austin\Documents\pf_agcn\data\raw\toy_train.fasta
[2025-10-17 23:19:52,568][modules.dataloader][INFO] - Loaded 30640 ground-truth rows from C:\Users\yoche\OneDrive - The University of Texas at Austin\Documents\pf_agcn\data\raw\terms_train_toy.tsv
[2025-10-17 23:19:52,568][modules.dataloader][INFO] - Loaded 200 sequences from C:\Users\yoche\OneDrive - The University of Texas at Austin\Documents\pf_agcn\data\raw\toy_val.fasta
[2025-10-17 23:19:52,578][modules.dataloader][INFO] - Loaded 200 sequences from C:\Users\yoche\OneDrive - The University of Texas at Austin\Documents\pf_agcn\data\raw\toy_test.fasta
[2025-10-17 23:19:52,580][modules.dataloader][INFO] - Loaded 8218 ground-truth rows from C:\Users\yoche\OneDrive - The University of Texas at Austin\Documents\pf_agcn\data\raw\terms_val_toy.tsv
[2025-10-17 23:19:52,588][modules.dataloader][INFO] - Loaded 7267 ground-truth rows from C:\Users\yoche\OneDrive - The University of Texas at Austin\Documents\pf_agcn\data\raw\terms_test_toy.tsv
[2025-10-17 23:19:52,923][preprocessing][WARNING] - train_split_csv C:\Users\yoche\OneDrive - The University of Texas at Austin\Documents\pf_agcn\data\splits\train.csv missing; using cached aggregate C:\Users\yoche\OneDrive - The University of Texas at Austin\Documents\pf_agcn\data\manifests\raw\cc\train_split_cache.csv
[2025-10-17 23:19:53,720][utils.go_prior][WARNING] - GO term GO:0048563 from training set missing in ontology
[2025-10-17 23:19:53,720][utils.go_prior][WARNING] - GO term GO:0048569 from training set missing in ontology
[2025-10-17 23:19:53,720][utils.go_prior][WARNING] - GO term GO:0031323 from training set missing in ontology
[2025-10-17 23:19:53,720][utils.go_prior][WARNING] - GO term GO:0031331 from training set missing in ontology
[2025-10-17 23:19:53,728][utils.go_prior][WARNING] - GO term GO:0031329 from training set missing in ontology
[2025-10-17 23:19:53,728][utils.go_prior][WARNING] - GO term GO:0031325 from training set missing in ontology
[2025-10-17 23:19:53,728][utils.go_prior][WARNING] - GO term GO:0097159 from training set missing in ontology
[2025-10-17 23:19:53,728][utils.go_prior][WARNING] - GO term GO:1903508 from training set missing in ontology
[2025-10-17 23:19:53,728][utils.go_prior][WARNING] - GO term GO:0051171 from training set missing in ontology
[2025-10-17 23:19:53,728][utils.go_prior][WARNING] - GO term GO:0031326 from training set missing in ontology
[2025-10-17 23:19:53,728][utils.go_prior][WARNING] - GO term GO:1903506 from training set missing in ontology
[2025-10-17 23:19:53,728][utils.go_prior][WARNING] - GO term GO:0031328 from training set missing in ontology
[2025-10-17 23:19:53,728][utils.go_prior][WARNING] - GO term GO:0051173 from training set missing in ontology
[2025-10-17 23:19:53,728][utils.go_prior][WARNING] - GO term GO:0010035 from training set missing in ontology
[2025-10-17 23:19:53,730][utils.go_prior][WARNING] - GO term GO:0010243 from training set missing in ontology
[2025-10-17 23:19:53,730][utils.go_prior][WARNING] - GO term GO:0014070 from training set missing in ontology
[2025-10-17 23:19:53,730][utils.go_prior][WARNING] - GO term GO:0010033 from training set missing in ontology
[2025-10-17 23:19:53,730][utils.go_prior][WARNING] - GO term GO:0006807 from training set missing in ontology
[2025-10-17 23:19:53,730][utils.go_prior][WARNING] - GO term GO:1901564 from training set missing in ontology
[2025-10-17 23:19:53,730][utils.go_prior][WARNING] - GO term GO:0071704 from training set missing in ontology
[2025-10-17 23:19:53,730][utils.go_prior][WARNING] - GO term GO:0000904 from training set missing in ontology
[2025-10-17 23:19:53,730][utils.go_prior][WARNING] - GO term GO:0032990 from training set missing in ontology
[2025-10-17 23:19:53,730][utils.go_prior][WARNING] - GO term GO:0006073 from training set missing in ontology
[2025-10-17 23:19:53,730][utils.go_prior][WARNING] - GO term GO:0044237 from training set missing in ontology
[2025-10-17 23:19:53,732][utils.go_prior][WARNING] - GO term GO:1901576 from training set missing in ontology
[2025-10-17 23:19:53,732][utils.go_prior][WARNING] - GO term GO:0033692 from training set missing in ontology
[2025-10-17 23:19:53,732][utils.go_prior][WARNING] - GO term GO:0034637 from training set missing in ontology
[2025-10-17 23:19:53,732][utils.go_prior][WARNING] - GO term GO:0044249 from training set missing in ontology
[2025-10-17 23:19:53,732][utils.go_prior][WARNING] - GO term GO:0034645 from training set missing in ontology
[2025-10-17 23:19:53,732][utils.go_prior][WARNING] - GO term GO:0044260 from training set missing in ontology
[2025-10-17 23:19:53,732][utils.go_prior][WARNING] - GO term GO:0000003 from training set missing in ontology
[2025-10-17 23:19:53,732][utils.go_prior][WARNING] - GO term GO:0044264 from training set missing in ontology
[2025-10-17 23:19:53,734][utils.go_prior][WARNING] - GO term GO:0044262 from training set missing in ontology
[2025-10-17 23:19:53,734][utils.go_prior][WARNING] - GO term GO:0032504 from training set missing in ontology
[2025-10-17 23:19:53,734][utils.go_prior][WARNING] - GO term GO:0009991 from training set missing in ontology
[2025-10-17 23:19:53,734][utils.go_prior][WARNING] - GO term GO:0031668 from training set missing in ontology
[2025-10-17 23:19:53,734][utils.go_prior][WARNING] - GO term GO:0052173 from training set missing in ontology
[2025-10-17 23:19:53,734][utils.go_prior][WARNING] - GO term GO:0019048 from training set missing in ontology
[2025-10-17 23:19:53,734][utils.go_prior][WARNING] - GO term GO:0019049 from training set missing in ontology
[2025-10-17 23:19:53,734][utils.go_prior][WARNING] - GO term GO:0019054 from training set missing in ontology
[2025-10-17 23:19:53,734][utils.go_prior][WARNING] - GO term GO:1901566 from training set missing in ontology
[2025-10-17 23:19:53,734][utils.go_prior][WARNING] - GO term GO:0198738 from training set missing in ontology
[2025-10-17 23:19:53,737][utils.go_prior][WARNING] - GO term GO:0070727 from training set missing in ontology
[2025-10-17 23:19:53,737][utils.go_prior][WARNING] - GO term GO:0071702 from training set missing in ontology
[2025-10-17 23:19:53,737][utils.go_prior][WARNING] - GO term GO:0060389 from training set missing in ontology
[2025-10-17 23:19:53,737][utils.go_prior][WARNING] - GO term GO:1901216 from training set missing in ontology
[2025-10-17 23:19:53,737][utils.go_prior][WARNING] - GO term GO:0010942 from training set missing in ontology
[2025-10-17 23:19:53,737][utils.go_prior][WARNING] - GO term GO:1901214 from training set missing in ontology
[2025-10-17 23:19:53,737][utils.go_prior][WARNING] - GO term GO:0010941 from training set missing in ontology
[2025-10-17 23:19:53,738][utils.go_prior][WARNING] - GO term GO:0062023 from training set missing in ontology
[2025-10-17 23:19:53,738][utils.go_prior][WARNING] - GO term GO:0001505 from training set missing in ontology
[2025-10-17 23:19:53,738][utils.go_prior][WARNING] - GO term GO:0031327 from training set missing in ontology
[2025-10-17 23:19:53,738][utils.go_prior][WARNING] - GO term GO:0051172 from training set missing in ontology
[2025-10-17 23:19:53,738][utils.go_prior][WARNING] - GO term GO:0031324 from training set missing in ontology
[2025-10-17 23:19:53,739][utils.go_prior][WARNING] - GO term GO:1903507 from training set missing in ontology
[2025-10-17 23:19:53,739][utils.go_prior][WARNING] - GO term GO:0031975 from training set missing in ontology
[2025-10-17 23:19:53,739][utils.go_prior][WARNING] - GO term GO:0044248 from training set missing in ontology
[2025-10-17 23:19:53,739][utils.go_prior][WARNING] - GO term GO:0044255 from training set missing in ontology
[2025-10-17 23:19:53,739][utils.go_prior][WARNING] - GO term GO:0044242 from training set missing in ontology
[2025-10-17 23:19:53,740][utils.go_prior][WARNING] - GO term GO:1901575 from training set missing in ontology
[2025-10-17 23:19:53,740][utils.go_prior][WARNING] - GO term GO:1901617 from training set missing in ontology
[2025-10-17 23:19:53,740][utils.go_prior][WARNING] - GO term GO:1901615 from training set missing in ontology
[2025-10-17 23:19:53,740][utils.go_prior][WARNING] - GO term GO:1901362 from training set missing in ontology
[2025-10-17 23:19:53,740][utils.go_prior][WARNING] - GO term GO:1901360 from training set missing in ontology
[2025-10-17 23:19:53,740][utils.go_prior][WARNING] - GO term GO:0046483 from training set missing in ontology
[2025-10-17 23:19:53,740][utils.go_prior][WARNING] - GO term GO:0018130 from training set missing in ontology
[2025-10-17 23:19:53,740][utils.go_prior][WARNING] - GO term GO:0071310 from training set missing in ontology
[2025-10-17 23:19:53,740][utils.go_prior][WARNING] - GO term GO:0043621 from training set missing in ontology
[2025-10-17 23:19:53,740][utils.go_prior][WARNING] - GO term GO:1902595 from training set missing in ontology
[2025-10-17 23:19:53,740][utils.go_prior][WARNING] - GO term GO:0010769 from training set missing in ontology
[2025-10-17 23:19:53,740][utils.go_prior][WARNING] - GO term GO:0055072 from training set missing in ontology
[2025-10-17 23:19:53,740][utils.go_prior][WARNING] - GO term GO:1902844 from training set missing in ontology
[2025-10-17 23:19:53,740][utils.go_prior][WARNING] - GO term GO:0006725 from training set missing in ontology
[2025-10-17 23:19:53,740][utils.go_prior][WARNING] - GO term GO:0034641 from training set missing in ontology
[2025-10-17 23:19:53,740][utils.go_prior][WARNING] - GO term GO:0034660 from training set missing in ontology
[2025-10-17 23:19:53,740][utils.go_prior][WARNING] - GO term GO:0019400 from training set missing in ontology
[2025-10-17 23:19:53,740][utils.go_prior][WARNING] - GO term GO:0060548 from training set missing in ontology
[2025-10-17 23:19:53,740][utils.go_prior][WARNING] - GO term GO:0043280 from training set missing in ontology
[2025-10-17 23:19:53,740][utils.go_prior][WARNING] - GO term GO:2000116 from training set missing in ontology
[2025-10-17 23:19:53,740][utils.go_prior][WARNING] - GO term GO:0007568 from training set missing in ontology
[2025-10-17 23:19:53,740][utils.go_prior][WARNING] - GO term GO:2001056 from training set missing in ontology
[2025-10-17 23:19:53,740][utils.go_prior][WARNING] - GO term GO:0043281 from training set missing in ontology
[2025-10-17 23:19:53,740][utils.go_prior][WARNING] - GO term GO:0071407 from training set missing in ontology
[2025-10-17 23:19:53,740][utils.go_prior][WARNING] - GO term GO:0060774 from training set missing in ontology
[2025-10-17 23:19:53,740][utils.go_prior][WARNING] - GO term GO:0044265 from training set missing in ontology
[2025-10-17 23:19:53,740][utils.go_prior][WARNING] - GO term GO:0003402 from training set missing in ontology
[2025-10-17 23:19:53,748][utils.go_prior][WARNING] - GO term GO:1905114 from training set missing in ontology
[2025-10-17 23:19:53,748][utils.go_prior][WARNING] - GO term GO:2000040 from training set missing in ontology
[2025-10-17 23:19:53,748][utils.go_prior][WARNING] - GO term GO:1901565 from training set missing in ontology
[2025-10-17 23:19:53,748][utils.go_prior][WARNING] - GO term GO:0019438 from training set missing in ontology
[2025-10-17 23:19:53,748][utils.go_prior][WARNING] - GO term GO:1901160 from training set missing in ontology
[2025-10-17 23:19:53,748][utils.go_prior][WARNING] - GO term GO:0044271 from training set missing in ontology
[2025-10-17 23:19:53,748][utils.go_prior][WARNING] - GO term GO:0006305 from training set missing in ontology
[2025-10-17 23:19:53,748][utils.go_prior][WARNING] - GO term GO:0010424 from training set missing in ontology
[2025-10-17 23:19:53,748][utils.go_prior][WARNING] - GO term GO:0032776 from training set missing in ontology
[2025-10-17 23:19:53,748][utils.go_prior][WARNING] - GO term GO:0090116 from training set missing in ontology
[2025-10-17 23:19:53,748][utils.go_prior][WARNING] - GO term GO:0006306 from training set missing in ontology
[2025-10-17 23:19:53,748][utils.go_prior][WARNING] - GO term GO:0034470 from training set missing in ontology
[2025-10-17 23:19:53,751][utils.go_prior][WARNING] - GO term GO:0071241 from training set missing in ontology
[2025-10-17 23:19:53,751][utils.go_prior][WARNING] - GO term GO:0006767 from training set missing in ontology
[2025-10-17 23:19:53,751][utils.go_prior][WARNING] - GO term GO:0019419 from training set missing in ontology
[2025-10-17 23:19:53,753][utils.go_prior][WARNING] - GO term GO:1990355 from training set missing in ontology
[2025-10-17 23:19:53,753][utils.go_prior][WARNING] - GO term GO:0016143 from training set missing in ontology
[2025-10-17 23:19:53,753][utils.go_prior][WARNING] - GO term GO:0019757 from training set missing in ontology
[2025-10-17 23:19:53,753][utils.go_prior][WARNING] - GO term GO:1901618 from training set missing in ontology
[2025-10-17 23:19:53,753][utils.go_prior][WARNING] - GO term GO:0032505 from training set missing in ontology
[2025-10-17 23:19:53,753][utils.go_prior][WARNING] - GO term GO:0031330 from training set missing in ontology
[2025-10-17 23:19:53,753][utils.go_prior][WARNING] - GO term GO:1904029 from training set missing in ontology
[2025-10-17 23:19:53,753][utils.go_prior][WARNING] - GO term GO:0016575 from training set missing in ontology
[2025-10-17 23:19:53,755][utils.go_prior][WARNING] - GO term GO:0016570 from training set missing in ontology
[2025-10-17 23:19:53,755][utils.go_prior][WARNING] - GO term GO:0071417 from training set missing in ontology
[2025-10-17 23:19:53,755][utils.go_prior][WARNING] - GO term GO:0044000 from training set missing in ontology
[2025-10-17 23:19:53,755][utils.go_prior][WARNING] - GO term GO:0031279 from training set missing in ontology
[2025-10-17 23:19:53,755][utils.go_prior][WARNING] - GO term GO:0043154 from training set missing in ontology
[2025-10-17 23:19:53,755][utils.go_prior][WARNING] - GO term GO:2000117 from training set missing in ontology
[2025-10-17 23:19:53,755][utils.go_prior][WARNING] - GO term GO:0051339 from training set missing in ontology
[2025-10-17 23:19:53,755][utils.go_prior][WARNING] - GO term GO:0015248 from training set missing in ontology
[2025-10-17 23:19:53,755][utils.go_prior][WARNING] - GO term GO:0042165 from training set missing in ontology
[2025-10-17 23:19:53,755][utils.go_prior][WARNING] - GO term GO:0009199 from training set missing in ontology
[2025-10-17 23:19:53,755][utils.go_prior][WARNING] - GO term GO:0045263 from training set missing in ontology
[2025-10-17 23:19:53,755][utils.go_prior][WARNING] - GO term GO:0005753 from training set missing in ontology
[2025-10-17 23:19:53,755][utils.go_prior][WARNING] - GO term GO:0045265 from training set missing in ontology
[2025-10-17 23:19:53,755][utils.go_prior][WARNING] - GO term GO:0000274 from training set missing in ontology
[2025-10-17 23:19:53,755][utils.go_prior][WARNING] - GO term GO:0000276 from training set missing in ontology
[2025-10-17 23:19:53,758][utils.go_prior][WARNING] - GO term GO:1903201 from training set missing in ontology
[2025-10-17 23:19:53,758][utils.go_prior][WARNING] - GO term GO:0000083 from training set missing in ontology
[2025-10-17 23:19:53,758][utils.go_prior][WARNING] - GO term GO:0007074 from training set missing in ontology
[2025-10-17 23:19:53,758][utils.go_prior][WARNING] - GO term GO:0007072 from training set missing in ontology
[2025-10-17 23:19:53,758][utils.go_prior][WARNING] - GO term GO:2001020 from training set missing in ontology
[2025-10-17 23:19:53,758][utils.go_prior][WARNING] - GO term GO:2001022 from training set missing in ontology
[2025-10-17 23:19:53,758][utils.go_prior][WARNING] - GO term GO:0097659 from training set missing in ontology
[2025-10-17 23:19:53,758][utils.go_prior][WARNING] - GO term GO:0000002 from training set missing in ontology
[2025-10-17 23:19:53,758][utils.go_prior][WARNING] - GO term GO:2000112 from training set missing in ontology
[2025-10-17 23:19:53,758][utils.go_prior][WARNING] - GO term GO:0090079 from training set missing in ontology
[2025-10-17 23:19:53,758][utils.go_prior][WARNING] - GO term GO:1901616 from training set missing in ontology
[2025-10-17 23:19:53,761][utils.go_prior][WARNING] - GO term GO:0034471 from training set missing in ontology
[2025-10-17 23:19:53,761][utils.go_prior][WARNING] - GO term GO:0044275 from training set missing in ontology
[2025-10-17 23:19:53,761][utils.go_prior][WARNING] - GO term GO:0044501 from training set missing in ontology
[2025-10-17 23:19:53,761][utils.go_prior][WARNING] - GO term GO:0075528 from training set missing in ontology
[2025-10-17 23:19:53,761][utils.go_prior][WARNING] - GO term GO:0039503 from training set missing in ontology
[2025-10-17 23:19:53,761][utils.go_prior][WARNING] - GO term GO:0016415 from training set missing in ontology
[2025-10-17 23:19:53,761][utils.go_prior][WARNING] - GO term GO:0032070 from training set missing in ontology
[2025-10-17 23:19:53,761][utils.go_prior][WARNING] - GO term GO:1900262 from training set missing in ontology
[2025-10-17 23:19:53,761][utils.go_prior][WARNING] - GO term GO:0032069 from training set missing in ontology
[2025-10-17 23:19:53,761][utils.go_prior][WARNING] - GO term GO:0044815 from training set missing in ontology
[2025-10-17 23:19:53,761][utils.go_prior][WARNING] - GO term GO:0036003 from training set missing in ontology
[2025-10-17 23:19:53,761][utils.go_prior][WARNING] - GO term GO:1901522 from training set missing in ontology
[2025-10-17 23:19:53,761][utils.go_prior][WARNING] - GO term GO:0060394 from training set missing in ontology
[2025-10-17 23:19:53,761][utils.go_prior][WARNING] - GO term GO:0043620 from training set missing in ontology
[2025-10-17 23:19:53,761][utils.go_prior][WARNING] - GO term GO:0043618 from training set missing in ontology
[2025-10-17 23:19:53,761][utils.go_prior][WARNING] - GO term GO:0060393 from training set missing in ontology
[2025-10-17 23:19:53,767][utils.go_prior][WARNING] - GO term GO:0031056 from training set missing in ontology
[2025-10-17 23:19:53,767][utils.go_prior][WARNING] - GO term GO:0048017 from training set missing in ontology
[2025-10-17 23:19:53,767][utils.go_prior][WARNING] - GO term GO:1903069 from training set missing in ontology
[2025-10-17 23:19:53,767][utils.go_prior][WARNING] - GO term GO:0031062 from training set missing in ontology
[2025-10-17 23:19:53,767][utils.go_prior][WARNING] - GO term GO:0006990 from training set missing in ontology
[2025-10-17 23:19:53,767][utils.go_prior][WARNING] - GO term GO:0031058 from training set missing in ontology
[2025-10-17 23:19:53,767][utils.go_prior][WARNING] - GO term GO:1903071 from training set missing in ontology
[2025-10-17 23:19:53,768][utils.go_prior][WARNING] - GO term GO:0031060 from training set missing in ontology
[2025-10-17 23:19:53,768][utils.go_prior][WARNING] - GO term GO:1990440 from training set missing in ontology
[2025-10-17 23:19:53,768][utils.go_prior][WARNING] - GO term GO:0014065 from training set missing in ontology
[2025-10-17 23:19:53,768][utils.go_prior][WARNING] - GO term GO:0043631 from training set missing in ontology
[2025-10-17 23:19:53,768][utils.go_prior][WARNING] - GO term GO:0004652 from training set missing in ontology
[2025-10-17 23:19:53,768][utils.go_prior][WARNING] - GO term GO:1903016 from training set missing in ontology
[2025-10-17 23:19:53,768][utils.go_prior][WARNING] - GO term GO:1903015 from training set missing in ontology
[2025-10-17 23:19:53,768][utils.go_prior][WARNING] - GO term GO:0016573 from training set missing in ontology
[2025-10-17 23:19:53,768][utils.go_prior][WARNING] - GO term GO:0097043 from training set missing in ontology
[2025-10-17 23:19:53,768][utils.go_prior][WARNING] - GO term GO:0043966 from training set missing in ontology
[2025-10-17 23:19:53,768][utils.go_prior][WARNING] - GO term GO:0061726 from training set missing in ontology
[2025-10-17 23:19:53,771][utils.go_prior][WARNING] - GO term GO:0009162 from training set missing in ontology
[2025-10-17 23:19:53,771][utils.go_prior][WARNING] - GO term GO:0019692 from training set missing in ontology
[2025-10-17 23:19:53,771][utils.go_prior][WARNING] - GO term GO:2001021 from training set missing in ontology
[2025-10-17 23:19:53,771][utils.go_prior][WARNING] - GO term GO:0006734 from training set missing in ontology
[2025-10-17 23:19:53,771][utils.go_prior][WARNING] - GO term GO:0019362 from training set missing in ontology
[2025-10-17 23:19:53,771][utils.go_prior][WARNING] - GO term GO:0061912 from training set missing in ontology
[2025-10-17 23:19:53,771][utils.go_prior][WARNING] - GO term GO:0005749 from training set missing in ontology
[2025-10-17 23:19:53,771][utils.go_prior][WARNING] - GO term GO:0005746 from training set missing in ontology
[2025-10-17 23:19:53,771][utils.go_prior][WARNING] - GO term GO:0045281 from training set missing in ontology
[2025-10-17 23:19:53,771][utils.go_prior][WARNING] - GO term GO:0070469 from training set missing in ontology
[2025-10-17 23:19:53,771][utils.go_prior][WARNING] - GO term GO:0045257 from training set missing in ontology
[2025-10-17 23:19:53,771][utils.go_prior][WARNING] - GO term GO:1901376 from training set missing in ontology
[2025-10-17 23:19:53,771][utils.go_prior][WARNING] - GO term GO:1901377 from training set missing in ontology
[2025-10-17 23:19:53,771][utils.go_prior][WARNING] - GO term GO:0019439 from training set missing in ontology
[2025-10-17 23:19:53,771][utils.go_prior][WARNING] - GO term GO:0046700 from training set missing in ontology
[2025-10-17 23:19:53,771][utils.go_prior][WARNING] - GO term GO:1901361 from training set missing in ontology
[2025-10-17 23:19:53,771][utils.go_prior][WARNING] - GO term GO:1901378 from training set missing in ontology
[2025-10-17 23:19:53,771][utils.go_prior][WARNING] - GO term GO:0005355 from training set missing in ontology
[2025-10-17 23:19:53,771][utils.go_prior][WARNING] - GO term GO:0004033 from training set missing in ontology
[2025-10-17 23:19:53,771][utils.go_prior][WARNING] - GO term GO:0008272 from training set missing in ontology
[2025-10-17 23:19:53,771][utils.go_prior][WARNING] - GO term GO:0010675 from training set missing in ontology
[2025-10-17 23:19:53,771][utils.go_prior][WARNING] - GO term GO:0010677 from training set missing in ontology
[2025-10-17 23:19:53,771][utils.go_prior][WARNING] - GO term GO:0005844 from training set missing in ontology
[2025-10-17 23:19:53,778][utils.go_prior][WARNING] - GO term GO:0042788 from training set missing in ontology
[2025-10-17 23:19:53,778][utils.go_prior][WARNING] - GO term GO:0044270 from training set missing in ontology
[2025-10-17 23:19:53,778][utils.go_prior][WARNING] - GO term GO:0016893 from training set missing in ontology
[2025-10-17 23:19:53,778][utils.go_prior][WARNING] - GO term GO:1901019 from training set missing in ontology
[2025-10-17 23:19:53,778][utils.go_prior][WARNING] - GO term GO:0090501 from training set missing in ontology
[2025-10-17 23:19:53,778][utils.go_prior][WARNING] - GO term GO:0000469 from training set missing in ontology
[2025-10-17 23:19:53,778][utils.go_prior][WARNING] - GO term GO:0090503 from training set missing in ontology
[2025-10-17 23:19:53,778][utils.go_prior][WARNING] - GO term GO:0090305 from training set missing in ontology
[2025-10-17 23:19:53,778][utils.go_prior][WARNING] - GO term GO:0000459 from training set missing in ontology
[2025-10-17 23:19:53,778][utils.go_prior][WARNING] - GO term GO:0016796 from training set missing in ontology
[2025-10-17 23:19:53,778][utils.go_prior][WARNING] - GO term GO:1900758 from training set missing in ontology
[2025-10-17 23:19:53,778][utils.go_prior][WARNING] - GO term GO:1902283 from training set missing in ontology
[2025-10-17 23:19:53,782][utils.go_prior][WARNING] - GO term GO:1900757 from training set missing in ontology
[2025-10-17 23:19:53,782][utils.go_prior][WARNING] - GO term GO:0061088 from training set missing in ontology
[2025-10-17 23:19:53,782][utils.go_prior][WARNING] - GO term GO:0051238 from training set missing in ontology
[2025-10-17 23:19:53,782][utils.go_prior][WARNING] - GO term GO:0032119 from training set missing in ontology
[2025-10-17 23:19:53,782][utils.go_prior][WARNING] - GO term GO:0070589 from training set missing in ontology
[2025-10-17 23:19:53,782][utils.go_prior][WARNING] - GO term GO:0015965 from training set missing in ontology
[2025-10-17 23:19:53,782][utils.go_prior][WARNING] - GO term GO:0010410 from training set missing in ontology
[2025-10-17 23:19:53,782][utils.go_prior][WARNING] - GO term GO:0030433 from training set missing in ontology
[2025-10-17 23:19:53,782][utils.go_prior][WARNING] - GO term GO:0010525 from training set missing in ontology
[2025-10-17 23:19:53,782][utils.go_prior][WARNING] - GO term GO:0010529 from training set missing in ontology
[2025-10-17 23:19:53,782][utils.go_prior][WARNING] - GO term GO:0010528 from training set missing in ontology
[2025-10-17 23:19:53,782][utils.go_prior][WARNING] - GO term GO:0034427 from training set missing in ontology
[2025-10-17 23:19:53,782][utils.go_prior][WARNING] - GO term GO:0000291 from training set missing in ontology
[2025-10-17 23:19:53,782][utils.go_prior][WARNING] - GO term GO:0034661 from training set missing in ontology
[2025-10-17 23:19:53,782][utils.go_prior][WARNING] - GO term GO:0071029 from training set missing in ontology
[2025-10-17 23:19:53,782][utils.go_prior][WARNING] - GO term GO:2000113 from training set missing in ontology
[2025-10-17 23:19:53,782][utils.go_prior][WARNING] - GO term GO:0000478 from training set missing in ontology
[2025-10-17 23:19:53,782][utils.go_prior][WARNING] - GO term GO:0090502 from training set missing in ontology
[2025-10-17 23:19:53,782][utils.go_prior][WARNING] - GO term GO:0051543 from training set missing in ontology
[2025-10-17 23:19:53,782][utils.go_prior][WARNING] - GO term GO:0051545 from training set missing in ontology
[2025-10-17 23:19:53,782][utils.go_prior][WARNING] - GO term GO:0006978 from training set missing in ontology
[2025-10-17 23:19:53,782][utils.go_prior][WARNING] - GO term GO:0097064 from training set missing in ontology
[2025-10-17 23:19:53,788][utils.go_prior][WARNING] - GO term GO:1903510 from training set missing in ontology
[2025-10-17 23:19:53,788][utils.go_prior][WARNING] - GO term GO:0070265 from training set missing in ontology
[2025-10-17 23:19:53,788][utils.go_prior][WARNING] - GO term GO:0005747 from training set missing in ontology
[2025-10-17 23:19:53,788][utils.go_prior][WARNING] - GO term GO:0098781 from training set missing in ontology
[2025-10-17 23:19:53,788][utils.go_prior][WARNING] - GO term GO:0044349 from training set missing in ontology
[2025-10-17 23:19:53,788][utils.go_prior][WARNING] - GO term GO:0032104 from training set missing in ontology
[2025-10-17 23:19:53,788][utils.go_prior][WARNING] - GO term GO:0032105 from training set missing in ontology
[2025-10-17 23:19:53,788][utils.go_prior][WARNING] - GO term GO:0019932 from training set missing in ontology
[2025-10-17 23:19:53,788][utils.go_prior][WARNING] - GO term GO:1901215 from training set missing in ontology
[2025-10-17 23:19:53,788][utils.go_prior][WARNING] - GO term GO:0070932 from training set missing in ontology
[2025-10-17 23:19:53,788][utils.go_prior][WARNING] - GO term GO:0003896 from training set missing in ontology
[2025-10-17 23:19:53,792][utils.go_prior][WARNING] - GO term GO:0009161 from training set missing in ontology
[2025-10-17 23:19:53,792][utils.go_prior][WARNING] - GO term GO:0006919 from training set missing in ontology
[2025-10-17 23:19:53,792][utils.go_prior][WARNING] - GO term GO:0007182 from training set missing in ontology
[2025-10-17 23:19:53,792][utils.go_prior][WARNING] - GO term GO:0036473 from training set missing in ontology
[2025-10-17 23:19:53,792][utils.go_prior][WARNING] - GO term GO:0006977 from training set missing in ontology
[2025-10-17 23:19:53,792][utils.go_prior][WARNING] - GO term GO:2000286 from training set missing in ontology
[2025-10-17 23:19:53,792][utils.go_prior][WARNING] - GO term GO:0016578 from training set missing in ontology
[2025-10-17 23:19:53,792][utils.go_prior][WARNING] - GO term GO:0035616 from training set missing in ontology
[2025-10-17 23:19:53,792][utils.go_prior][WARNING] - GO term GO:1901021 from training set missing in ontology
[2025-10-17 23:19:53,792][utils.go_prior][WARNING] - GO term GO:0035584 from training set missing in ontology
[2025-10-17 23:19:53,792][utils.go_prior][WARNING] - GO term GO:0030104 from training set missing in ontology
[2025-10-17 23:19:53,792][utils.go_prior][WARNING] - GO term GO:0044247 from training set missing in ontology
[2025-10-17 23:19:53,792][utils.go_prior][WARNING] - GO term GO:0009186 from training set missing in ontology
[2025-10-17 23:19:53,792][utils.go_prior][WARNING] - GO term GO:0051303 from training set missing in ontology
[2025-10-17 23:19:53,792][utils.go_prior][WARNING] - GO term GO:0006775 from training set missing in ontology
[2025-10-17 23:19:53,792][utils.go_prior][WARNING] - GO term GO:0035065 from training set missing in ontology
[2025-10-17 23:19:53,792][utils.go_prior][WARNING] - GO term GO:0090143 from training set missing in ontology
[2025-10-17 23:19:53,792][utils.go_prior][WARNING] - GO term GO:0090144 from training set missing in ontology
[2025-10-17 23:19:53,792][utils.go_prior][WARNING] - GO term GO:0010822 from training set missing in ontology
[2025-10-17 23:19:53,792][utils.go_prior][WARNING] - GO term GO:0031532 from training set missing in ontology
[2025-10-17 23:19:53,792][utils.go_prior][WARNING] - GO term GO:0031063 from training set missing in ontology
[2025-10-17 23:19:53,798][utils.go_prior][WARNING] - GO term GO:0031065 from training set missing in ontology
[2025-10-17 23:19:53,798][utils.go_prior][WARNING] - GO term GO:0019935 from training set missing in ontology
[2025-10-17 23:19:53,798][utils.go_prior][WARNING] - GO term GO:0019758 from training set missing in ontology
[2025-10-17 23:19:53,798][utils.go_prior][WARNING] - GO term GO:0000737 from training set missing in ontology
[2025-10-17 23:19:53,798][utils.go_prior][WARNING] - GO term GO:0016894 from training set missing in ontology
[2025-10-17 23:19:53,798][utils.go_prior][WARNING] - GO term GO:0070940 from training set missing in ontology
[2025-10-17 23:19:53,798][utils.go_prior][WARNING] - GO term GO:0006039 from training set missing in ontology
[2025-10-17 23:19:53,798][utils.go_prior][WARNING] - GO term GO:0034232 from training set missing in ontology
[2025-10-17 23:19:53,798][utils.go_prior][WARNING] - GO term GO:0034218 from training set missing in ontology
[2025-10-17 23:19:53,798][utils.go_prior][WARNING] - GO term GO:0006037 from training set missing in ontology
[2025-10-17 23:19:53,798][utils.go_prior][WARNING] - GO term GO:0035561 from training set missing in ontology
[2025-10-17 23:19:53,798][utils.go_prior][WARNING] - GO term GO:0043641 from training set missing in ontology
[2025-10-17 23:19:53,798][utils.go_prior][WARNING] - GO term GO:0018904 from training set missing in ontology
[2025-10-17 23:19:53,802][utils.go_prior][WARNING] - GO term GO:0005750 from training set missing in ontology
[2025-10-17 23:19:53,802][utils.go_prior][WARNING] - GO term GO:0110129 from training set missing in ontology
[2025-10-17 23:19:53,802][utils.go_prior][WARNING] - GO term GO:0034968 from training set missing in ontology
[2025-10-17 23:19:53,802][utils.go_prior][WARNING] - GO term GO:0044648 from training set missing in ontology
[2025-10-17 23:19:53,802][utils.go_prior][WARNING] - GO term GO:0097692 from training set missing in ontology
[2025-10-17 23:19:53,802][utils.go_prior][WARNING] - GO term GO:0016571 from training set missing in ontology
[2025-10-17 23:19:53,802][utils.go_prior][WARNING] - GO term GO:0051568 from training set missing in ontology
[2025-10-17 23:19:53,802][utils.go_prior][WARNING] - GO term GO:0080182 from training set missing in ontology
[2025-10-17 23:19:53,802][utils.go_prior][WARNING] - GO term GO:0018024 from training set missing in ontology
[2025-10-17 23:19:53,802][utils.go_prior][WARNING] - GO term GO:1902380 from training set missing in ontology
[2025-10-17 23:19:53,802][utils.go_prior][WARNING] - GO term GO:0035066 from training set missing in ontology
[2025-10-17 23:19:53,802][utils.go_prior][WARNING] - GO term GO:0031057 from training set missing in ontology
[2025-10-17 23:19:53,802][utils.go_prior][WARNING] - GO term GO:0031061 from training set missing in ontology
[2025-10-17 23:19:53,808][utils.go_prior][WARNING] - GO term GO:0048563 from training set missing in ontology
[2025-10-17 23:19:53,808][utils.go_prior][WARNING] - GO term GO:0048569 from training set missing in ontology
[2025-10-17 23:19:53,808][utils.go_prior][WARNING] - GO term GO:0031323 from training set missing in ontology
[2025-10-17 23:19:53,808][utils.go_prior][WARNING] - GO term GO:0031331 from training set missing in ontology
[2025-10-17 23:19:53,808][utils.go_prior][WARNING] - GO term GO:0031329 from training set missing in ontology
[2025-10-17 23:19:53,808][utils.go_prior][WARNING] - GO term GO:0031325 from training set missing in ontology
[2025-10-17 23:19:53,808][utils.go_prior][WARNING] - GO term GO:0097159 from training set missing in ontology
[2025-10-17 23:19:53,808][utils.go_prior][WARNING] - GO term GO:1903508 from training set missing in ontology
[2025-10-17 23:19:53,808][utils.go_prior][WARNING] - GO term GO:0051171 from training set missing in ontology
[2025-10-17 23:19:53,808][utils.go_prior][WARNING] - GO term GO:0031326 from training set missing in ontology
[2025-10-17 23:19:53,808][utils.go_prior][WARNING] - GO term GO:1903506 from training set missing in ontology
[2025-10-17 23:19:53,808][utils.go_prior][WARNING] - GO term GO:0031328 from training set missing in ontology
[2025-10-17 23:19:53,808][utils.go_prior][WARNING] - GO term GO:0051173 from training set missing in ontology
[2025-10-17 23:19:53,808][utils.go_prior][WARNING] - GO term GO:0010035 from training set missing in ontology
[2025-10-17 23:19:53,813][utils.go_prior][WARNING] - GO term GO:0010243 from training set missing in ontology
[2025-10-17 23:19:53,813][utils.go_prior][WARNING] - GO term GO:0014070 from training set missing in ontology
[2025-10-17 23:19:53,813][utils.go_prior][WARNING] - GO term GO:0010033 from training set missing in ontology
[2025-10-17 23:19:53,813][utils.go_prior][WARNING] - GO term GO:0006807 from training set missing in ontology
[2025-10-17 23:19:53,813][utils.go_prior][WARNING] - GO term GO:1901564 from training set missing in ontology
[2025-10-17 23:19:53,813][utils.go_prior][WARNING] - GO term GO:0071704 from training set missing in ontology
[2025-10-17 23:19:53,813][utils.go_prior][WARNING] - GO term GO:0000904 from training set missing in ontology
[2025-10-17 23:19:53,813][utils.go_prior][WARNING] - GO term GO:0032990 from training set missing in ontology
[2025-10-17 23:19:53,813][utils.go_prior][WARNING] - GO term GO:0006073 from training set missing in ontology
[2025-10-17 23:19:53,813][utils.go_prior][WARNING] - GO term GO:0044237 from training set missing in ontology
[2025-10-17 23:19:53,813][utils.go_prior][WARNING] - GO term GO:1901576 from training set missing in ontology
[2025-10-17 23:19:53,813][utils.go_prior][WARNING] - GO term GO:0033692 from training set missing in ontology
[2025-10-17 23:19:53,813][utils.go_prior][WARNING] - GO term GO:0034637 from training set missing in ontology
[2025-10-17 23:19:53,813][utils.go_prior][WARNING] - GO term GO:0044249 from training set missing in ontology
[2025-10-17 23:19:53,813][utils.go_prior][WARNING] - GO term GO:0034645 from training set missing in ontology
[2025-10-17 23:19:53,813][utils.go_prior][WARNING] - GO term GO:0044260 from training set missing in ontology
[2025-10-17 23:19:53,813][utils.go_prior][WARNING] - GO term GO:0000003 from training set missing in ontology
[2025-10-17 23:19:53,813][utils.go_prior][WARNING] - GO term GO:0044264 from training set missing in ontology
[2025-10-17 23:19:53,813][utils.go_prior][WARNING] - GO term GO:0044262 from training set missing in ontology
[2025-10-17 23:19:53,813][utils.go_prior][WARNING] - GO term GO:0032504 from training set missing in ontology
[2025-10-17 23:19:53,813][utils.go_prior][WARNING] - GO term GO:0009991 from training set missing in ontology
[2025-10-17 23:19:53,818][utils.go_prior][WARNING] - GO term GO:0031668 from training set missing in ontology
[2025-10-17 23:19:53,818][utils.go_prior][WARNING] - GO term GO:0052173 from training set missing in ontology
[2025-10-17 23:19:53,818][utils.go_prior][WARNING] - GO term GO:0019048 from training set missing in ontology
[2025-10-17 23:19:53,818][utils.go_prior][WARNING] - GO term GO:0019049 from training set missing in ontology
[2025-10-17 23:19:53,818][utils.go_prior][WARNING] - GO term GO:0019054 from training set missing in ontology
[2025-10-17 23:19:53,818][utils.go_prior][WARNING] - GO term GO:1901566 from training set missing in ontology
[2025-10-17 23:19:53,818][utils.go_prior][WARNING] - GO term GO:0198738 from training set missing in ontology
[2025-10-17 23:19:53,818][utils.go_prior][WARNING] - GO term GO:0070727 from training set missing in ontology
[2025-10-17 23:19:53,818][utils.go_prior][WARNING] - GO term GO:0071702 from training set missing in ontology
[2025-10-17 23:19:53,818][utils.go_prior][WARNING] - GO term GO:0060389 from training set missing in ontology
[2025-10-17 23:19:53,818][utils.go_prior][WARNING] - GO term GO:1901216 from training set missing in ontology
[2025-10-17 23:19:53,818][utils.go_prior][WARNING] - GO term GO:0010942 from training set missing in ontology
[2025-10-17 23:19:53,818][utils.go_prior][WARNING] - GO term GO:1901214 from training set missing in ontology
[2025-10-17 23:19:53,818][utils.go_prior][WARNING] - GO term GO:0010941 from training set missing in ontology
[2025-10-17 23:19:53,818][utils.go_prior][WARNING] - GO term GO:0062023 from training set missing in ontology
[2025-10-17 23:19:53,818][utils.go_prior][WARNING] - GO term GO:0001505 from training set missing in ontology
[2025-10-17 23:19:53,823][utils.go_prior][WARNING] - GO term GO:0031327 from training set missing in ontology
[2025-10-17 23:19:53,823][utils.go_prior][WARNING] - GO term GO:0051172 from training set missing in ontology
[2025-10-17 23:19:53,823][utils.go_prior][WARNING] - GO term GO:0031324 from training set missing in ontology
[2025-10-17 23:19:53,823][utils.go_prior][WARNING] - GO term GO:1903507 from training set missing in ontology
[2025-10-17 23:19:53,823][utils.go_prior][WARNING] - GO term GO:0031975 from training set missing in ontology
[2025-10-17 23:19:53,823][utils.go_prior][WARNING] - GO term GO:0044248 from training set missing in ontology
[2025-10-17 23:19:53,823][utils.go_prior][WARNING] - GO term GO:0044255 from training set missing in ontology
[2025-10-17 23:19:53,823][utils.go_prior][WARNING] - GO term GO:0044242 from training set missing in ontology
[2025-10-17 23:19:53,823][utils.go_prior][WARNING] - GO term GO:1901575 from training set missing in ontology
[2025-10-17 23:19:53,823][utils.go_prior][WARNING] - GO term GO:1901617 from training set missing in ontology
[2025-10-17 23:19:53,823][utils.go_prior][WARNING] - GO term GO:1901615 from training set missing in ontology
[2025-10-17 23:19:53,823][utils.go_prior][WARNING] - GO term GO:1901362 from training set missing in ontology
[2025-10-17 23:19:53,823][utils.go_prior][WARNING] - GO term GO:1901360 from training set missing in ontology
[2025-10-17 23:19:53,823][utils.go_prior][WARNING] - GO term GO:0046483 from training set missing in ontology
[2025-10-17 23:19:53,823][utils.go_prior][WARNING] - GO term GO:0018130 from training set missing in ontology
[2025-10-17 23:19:53,823][utils.go_prior][WARNING] - GO term GO:0071310 from training set missing in ontology
[2025-10-17 23:19:53,823][utils.go_prior][WARNING] - GO term GO:0043621 from training set missing in ontology
[2025-10-17 23:19:53,823][utils.go_prior][WARNING] - GO term GO:1902595 from training set missing in ontology
[2025-10-17 23:19:53,823][utils.go_prior][WARNING] - GO term GO:0010769 from training set missing in ontology
[2025-10-17 23:19:53,823][utils.go_prior][WARNING] - GO term GO:0055072 from training set missing in ontology
[2025-10-17 23:19:53,828][utils.go_prior][WARNING] - GO term GO:1902844 from training set missing in ontology
[2025-10-17 23:19:53,828][utils.go_prior][WARNING] - GO term GO:0006725 from training set missing in ontology
[2025-10-17 23:19:53,828][utils.go_prior][WARNING] - GO term GO:0034641 from training set missing in ontology
[2025-10-17 23:19:53,828][utils.go_prior][WARNING] - GO term GO:0034660 from training set missing in ontology
[2025-10-17 23:19:53,828][utils.go_prior][WARNING] - GO term GO:0019400 from training set missing in ontology
[2025-10-17 23:19:53,828][utils.go_prior][WARNING] - GO term GO:0060548 from training set missing in ontology
[2025-10-17 23:19:53,828][utils.go_prior][WARNING] - GO term GO:0043280 from training set missing in ontology
[2025-10-17 23:19:53,828][utils.go_prior][WARNING] - GO term GO:2000116 from training set missing in ontology
[2025-10-17 23:19:53,828][utils.go_prior][WARNING] - GO term GO:0007568 from training set missing in ontology
[2025-10-17 23:19:53,828][utils.go_prior][WARNING] - GO term GO:2001056 from training set missing in ontology
[2025-10-17 23:19:53,828][utils.go_prior][WARNING] - GO term GO:0043281 from training set missing in ontology
[2025-10-17 23:19:53,828][utils.go_prior][WARNING] - GO term GO:0071407 from training set missing in ontology
[2025-10-17 23:19:53,828][utils.go_prior][WARNING] - GO term GO:0060774 from training set missing in ontology
[2025-10-17 23:19:53,828][utils.go_prior][WARNING] - GO term GO:0044265 from training set missing in ontology
[2025-10-17 23:19:53,828][utils.go_prior][WARNING] - GO term GO:0003402 from training set missing in ontology
[2025-10-17 23:19:53,828][utils.go_prior][WARNING] - GO term GO:1905114 from training set missing in ontology
[2025-10-17 23:19:53,833][utils.go_prior][WARNING] - GO term GO:2000040 from training set missing in ontology
[2025-10-17 23:19:53,833][utils.go_prior][WARNING] - GO term GO:1901565 from training set missing in ontology
[2025-10-17 23:19:53,834][utils.go_prior][WARNING] - GO term GO:0019438 from training set missing in ontology
[2025-10-17 23:19:53,834][utils.go_prior][WARNING] - GO term GO:1901160 from training set missing in ontology
[2025-10-17 23:19:53,834][utils.go_prior][WARNING] - GO term GO:0044271 from training set missing in ontology
[2025-10-17 23:19:53,834][utils.go_prior][WARNING] - GO term GO:0006305 from training set missing in ontology
[2025-10-17 23:19:53,834][utils.go_prior][WARNING] - GO term GO:0010424 from training set missing in ontology
[2025-10-17 23:19:53,834][utils.go_prior][WARNING] - GO term GO:0032776 from training set missing in ontology
[2025-10-17 23:19:53,834][utils.go_prior][WARNING] - GO term GO:0090116 from training set missing in ontology
[2025-10-17 23:19:53,834][utils.go_prior][WARNING] - GO term GO:0006306 from training set missing in ontology
[2025-10-17 23:19:53,834][utils.go_prior][WARNING] - GO term GO:0034470 from training set missing in ontology
[2025-10-17 23:19:53,834][utils.go_prior][WARNING] - GO term GO:0071241 from training set missing in ontology
[2025-10-17 23:19:53,834][utils.go_prior][WARNING] - GO term GO:0006767 from training set missing in ontology
[2025-10-17 23:19:53,834][utils.go_prior][WARNING] - GO term GO:0019419 from training set missing in ontology
[2025-10-17 23:19:53,834][utils.go_prior][WARNING] - GO term GO:1990355 from training set missing in ontology
[2025-10-17 23:19:53,834][utils.go_prior][WARNING] - GO term GO:0016143 from training set missing in ontology
[2025-10-17 23:19:53,838][utils.go_prior][WARNING] - GO term GO:0019757 from training set missing in ontology
[2025-10-17 23:19:53,838][utils.go_prior][WARNING] - GO term GO:1901618 from training set missing in ontology
[2025-10-17 23:19:53,838][utils.go_prior][WARNING] - GO term GO:0032505 from training set missing in ontology
[2025-10-17 23:19:53,838][utils.go_prior][WARNING] - GO term GO:0031330 from training set missing in ontology
[2025-10-17 23:19:53,838][utils.go_prior][WARNING] - GO term GO:1904029 from training set missing in ontology
[2025-10-17 23:19:53,838][utils.go_prior][WARNING] - GO term GO:0016575 from training set missing in ontology
[2025-10-17 23:19:53,838][utils.go_prior][WARNING] - GO term GO:0016570 from training set missing in ontology
[2025-10-17 23:19:53,838][utils.go_prior][WARNING] - GO term GO:0071417 from training set missing in ontology
[2025-10-17 23:19:53,838][utils.go_prior][WARNING] - GO term GO:0044000 from training set missing in ontology
[2025-10-17 23:19:53,838][utils.go_prior][WARNING] - GO term GO:0031279 from training set missing in ontology
[2025-10-17 23:19:53,838][utils.go_prior][WARNING] - GO term GO:0043154 from training set missing in ontology
[2025-10-17 23:19:53,838][utils.go_prior][WARNING] - GO term GO:2000117 from training set missing in ontology
[2025-10-17 23:19:53,838][utils.go_prior][WARNING] - GO term GO:0051339 from training set missing in ontology
[2025-10-17 23:19:53,838][utils.go_prior][WARNING] - GO term GO:0015248 from training set missing in ontology
[2025-10-17 23:19:53,838][utils.go_prior][WARNING] - GO term GO:0042165 from training set missing in ontology
[2025-10-17 23:19:53,838][utils.go_prior][WARNING] - GO term GO:0009199 from training set missing in ontology
[2025-10-17 23:19:53,843][utils.go_prior][WARNING] - GO term GO:0045263 from training set missing in ontology
[2025-10-17 23:19:53,843][utils.go_prior][WARNING] - GO term GO:0005753 from training set missing in ontology
[2025-10-17 23:19:53,843][utils.go_prior][WARNING] - GO term GO:0045265 from training set missing in ontology
[2025-10-17 23:19:53,843][utils.go_prior][WARNING] - GO term GO:0000274 from training set missing in ontology
[2025-10-17 23:19:53,843][utils.go_prior][WARNING] - GO term GO:0000276 from training set missing in ontology
[2025-10-17 23:19:53,843][utils.go_prior][WARNING] - GO term GO:1903201 from training set missing in ontology
[2025-10-17 23:19:53,843][utils.go_prior][WARNING] - GO term GO:0000083 from training set missing in ontology
[2025-10-17 23:19:53,843][utils.go_prior][WARNING] - GO term GO:0007074 from training set missing in ontology
[2025-10-17 23:19:53,843][utils.go_prior][WARNING] - GO term GO:0007072 from training set missing in ontology
[2025-10-17 23:19:53,843][utils.go_prior][WARNING] - GO term GO:2001020 from training set missing in ontology
[2025-10-17 23:19:53,843][utils.go_prior][WARNING] - GO term GO:2001022 from training set missing in ontology
[2025-10-17 23:19:53,843][utils.go_prior][WARNING] - GO term GO:0097659 from training set missing in ontology
[2025-10-17 23:19:53,843][utils.go_prior][WARNING] - GO term GO:0000002 from training set missing in ontology
[2025-10-17 23:19:53,843][utils.go_prior][WARNING] - GO term GO:2000112 from training set missing in ontology
[2025-10-17 23:19:53,848][utils.go_prior][WARNING] - GO term GO:0090079 from training set missing in ontology
[2025-10-17 23:19:53,848][utils.go_prior][WARNING] - GO term GO:1901616 from training set missing in ontology
[2025-10-17 23:19:53,848][utils.go_prior][WARNING] - GO term GO:0034471 from training set missing in ontology
[2025-10-17 23:19:53,848][utils.go_prior][WARNING] - GO term GO:0044275 from training set missing in ontology
[2025-10-17 23:19:53,848][utils.go_prior][WARNING] - GO term GO:0044501 from training set missing in ontology
[2025-10-17 23:19:53,848][utils.go_prior][WARNING] - GO term GO:0075528 from training set missing in ontology
[2025-10-17 23:19:53,848][utils.go_prior][WARNING] - GO term GO:0039503 from training set missing in ontology
[2025-10-17 23:19:53,848][utils.go_prior][WARNING] - GO term GO:0016415 from training set missing in ontology
[2025-10-17 23:19:53,848][utils.go_prior][WARNING] - GO term GO:0032070 from training set missing in ontology
[2025-10-17 23:19:53,848][utils.go_prior][WARNING] - GO term GO:1900262 from training set missing in ontology
[2025-10-17 23:19:53,848][utils.go_prior][WARNING] - GO term GO:0032069 from training set missing in ontology
[2025-10-17 23:19:53,848][utils.go_prior][WARNING] - GO term GO:0044815 from training set missing in ontology
[2025-10-17 23:19:53,848][utils.go_prior][WARNING] - GO term GO:0036003 from training set missing in ontology
[2025-10-17 23:19:53,848][utils.go_prior][WARNING] - GO term GO:1901522 from training set missing in ontology
[2025-10-17 23:19:53,848][utils.go_prior][WARNING] - GO term GO:0060394 from training set missing in ontology
[2025-10-17 23:19:53,848][utils.go_prior][WARNING] - GO term GO:0043620 from training set missing in ontology
[2025-10-17 23:19:53,853][utils.go_prior][WARNING] - GO term GO:0043618 from training set missing in ontology
[2025-10-17 23:19:53,853][utils.go_prior][WARNING] - GO term GO:0060393 from training set missing in ontology
[2025-10-17 23:19:53,853][utils.go_prior][WARNING] - GO term GO:0031056 from training set missing in ontology
[2025-10-17 23:19:53,853][utils.go_prior][WARNING] - GO term GO:0048017 from training set missing in ontology
[2025-10-17 23:19:53,853][utils.go_prior][WARNING] - GO term GO:1903069 from training set missing in ontology
[2025-10-17 23:19:53,853][utils.go_prior][WARNING] - GO term GO:0031062 from training set missing in ontology
[2025-10-17 23:19:53,853][utils.go_prior][WARNING] - GO term GO:0006990 from training set missing in ontology
[2025-10-17 23:19:53,853][utils.go_prior][WARNING] - GO term GO:0031058 from training set missing in ontology
[2025-10-17 23:19:53,853][utils.go_prior][WARNING] - GO term GO:1903071 from training set missing in ontology
[2025-10-17 23:19:53,853][utils.go_prior][WARNING] - GO term GO:0031060 from training set missing in ontology
[2025-10-17 23:19:53,853][utils.go_prior][WARNING] - GO term GO:1990440 from training set missing in ontology
[2025-10-17 23:19:53,853][utils.go_prior][WARNING] - GO term GO:0014065 from training set missing in ontology
[2025-10-17 23:19:53,853][utils.go_prior][WARNING] - GO term GO:0043631 from training set missing in ontology
[2025-10-17 23:19:53,853][utils.go_prior][WARNING] - GO term GO:0004652 from training set missing in ontology
[2025-10-17 23:19:53,853][utils.go_prior][WARNING] - GO term GO:1903016 from training set missing in ontology
[2025-10-17 23:19:53,853][utils.go_prior][WARNING] - GO term GO:1903015 from training set missing in ontology
[2025-10-17 23:19:53,853][utils.go_prior][WARNING] - GO term GO:0016573 from training set missing in ontology
[2025-10-17 23:19:53,858][utils.go_prior][WARNING] - GO term GO:0097043 from training set missing in ontology
[2025-10-17 23:19:53,858][utils.go_prior][WARNING] - GO term GO:0043966 from training set missing in ontology
[2025-10-17 23:19:53,858][utils.go_prior][WARNING] - GO term GO:0061726 from training set missing in ontology
[2025-10-17 23:19:53,858][utils.go_prior][WARNING] - GO term GO:0009162 from training set missing in ontology
[2025-10-17 23:19:53,858][utils.go_prior][WARNING] - GO term GO:0019692 from training set missing in ontology
[2025-10-17 23:19:53,858][utils.go_prior][WARNING] - GO term GO:2001021 from training set missing in ontology
[2025-10-17 23:19:53,858][utils.go_prior][WARNING] - GO term GO:0006734 from training set missing in ontology
[2025-10-17 23:19:53,858][utils.go_prior][WARNING] - GO term GO:0019362 from training set missing in ontology
[2025-10-17 23:19:53,858][utils.go_prior][WARNING] - GO term GO:0061912 from training set missing in ontology
[2025-10-17 23:19:53,858][utils.go_prior][WARNING] - GO term GO:0005749 from training set missing in ontology
[2025-10-17 23:19:53,858][utils.go_prior][WARNING] - GO term GO:0005746 from training set missing in ontology
[2025-10-17 23:19:53,858][utils.go_prior][WARNING] - GO term GO:0045281 from training set missing in ontology
[2025-10-17 23:19:53,858][utils.go_prior][WARNING] - GO term GO:0070469 from training set missing in ontology
[2025-10-17 23:19:53,858][utils.go_prior][WARNING] - GO term GO:0045257 from training set missing in ontology
[2025-10-17 23:19:53,858][utils.go_prior][WARNING] - GO term GO:1901376 from training set missing in ontology
[2025-10-17 23:19:53,858][utils.go_prior][WARNING] - GO term GO:1901377 from training set missing in ontology
[2025-10-17 23:19:53,863][utils.go_prior][WARNING] - GO term GO:0019439 from training set missing in ontology
[2025-10-17 23:19:53,863][utils.go_prior][WARNING] - GO term GO:0046700 from training set missing in ontology
[2025-10-17 23:19:53,863][utils.go_prior][WARNING] - GO term GO:1901361 from training set missing in ontology
[2025-10-17 23:19:53,863][utils.go_prior][WARNING] - GO term GO:1901378 from training set missing in ontology
[2025-10-17 23:19:53,863][utils.go_prior][WARNING] - GO term GO:0005355 from training set missing in ontology
[2025-10-17 23:19:53,863][utils.go_prior][WARNING] - GO term GO:0004033 from training set missing in ontology
[2025-10-17 23:19:53,863][utils.go_prior][WARNING] - GO term GO:0008272 from training set missing in ontology
[2025-10-17 23:19:53,863][utils.go_prior][WARNING] - GO term GO:0010675 from training set missing in ontology
[2025-10-17 23:19:53,863][utils.go_prior][WARNING] - GO term GO:0010677 from training set missing in ontology
[2025-10-17 23:19:53,863][utils.go_prior][WARNING] - GO term GO:0005844 from training set missing in ontology
[2025-10-17 23:19:53,863][utils.go_prior][WARNING] - GO term GO:0042788 from training set missing in ontology
[2025-10-17 23:19:53,867][utils.go_prior][WARNING] - GO term GO:0044270 from training set missing in ontology
[2025-10-17 23:19:53,867][utils.go_prior][WARNING] - GO term GO:0016893 from training set missing in ontology
[2025-10-17 23:19:53,867][utils.go_prior][WARNING] - GO term GO:1901019 from training set missing in ontology
[2025-10-17 23:19:53,867][utils.go_prior][WARNING] - GO term GO:0090501 from training set missing in ontology
[2025-10-17 23:19:53,868][utils.go_prior][WARNING] - GO term GO:0000469 from training set missing in ontology
[2025-10-17 23:19:53,868][utils.go_prior][WARNING] - GO term GO:0090503 from training set missing in ontology
[2025-10-17 23:19:53,868][utils.go_prior][WARNING] - GO term GO:0090305 from training set missing in ontology
[2025-10-17 23:19:53,868][utils.go_prior][WARNING] - GO term GO:0000459 from training set missing in ontology
[2025-10-17 23:19:53,868][utils.go_prior][WARNING] - GO term GO:0016796 from training set missing in ontology
[2025-10-17 23:19:53,868][utils.go_prior][WARNING] - GO term GO:1900758 from training set missing in ontology
[2025-10-17 23:19:53,868][utils.go_prior][WARNING] - GO term GO:1902283 from training set missing in ontology
[2025-10-17 23:19:53,868][utils.go_prior][WARNING] - GO term GO:1900757 from training set missing in ontology
[2025-10-17 23:19:53,871][utils.go_prior][WARNING] - GO term GO:0061088 from training set missing in ontology
[2025-10-17 23:19:53,871][utils.go_prior][WARNING] - GO term GO:0051238 from training set missing in ontology
[2025-10-17 23:19:53,871][utils.go_prior][WARNING] - GO term GO:0032119 from training set missing in ontology
[2025-10-17 23:19:53,871][utils.go_prior][WARNING] - GO term GO:0070589 from training set missing in ontology
[2025-10-17 23:19:53,871][utils.go_prior][WARNING] - GO term GO:0015965 from training set missing in ontology
[2025-10-17 23:19:53,871][utils.go_prior][WARNING] - GO term GO:0010410 from training set missing in ontology
[2025-10-17 23:19:53,871][utils.go_prior][WARNING] - GO term GO:0030433 from training set missing in ontology
[2025-10-17 23:19:53,871][utils.go_prior][WARNING] - GO term GO:0010525 from training set missing in ontology
[2025-10-17 23:19:53,873][utils.go_prior][WARNING] - GO term GO:0010529 from training set missing in ontology
[2025-10-17 23:19:53,873][utils.go_prior][WARNING] - GO term GO:0010528 from training set missing in ontology
[2025-10-17 23:19:53,873][utils.go_prior][WARNING] - GO term GO:0034427 from training set missing in ontology
[2025-10-17 23:19:53,874][utils.go_prior][WARNING] - GO term GO:0000291 from training set missing in ontology
[2025-10-17 23:19:53,874][utils.go_prior][WARNING] - GO term GO:0034661 from training set missing in ontology
[2025-10-17 23:19:53,874][utils.go_prior][WARNING] - GO term GO:0071029 from training set missing in ontology
[2025-10-17 23:19:53,874][utils.go_prior][WARNING] - GO term GO:2000113 from training set missing in ontology
[2025-10-17 23:19:53,874][utils.go_prior][WARNING] - GO term GO:0000478 from training set missing in ontology
[2025-10-17 23:19:53,874][utils.go_prior][WARNING] - GO term GO:0090502 from training set missing in ontology
[2025-10-17 23:19:53,874][utils.go_prior][WARNING] - GO term GO:0051543 from training set missing in ontology
[2025-10-17 23:19:53,874][utils.go_prior][WARNING] - GO term GO:0051545 from training set missing in ontology
[2025-10-17 23:19:53,874][utils.go_prior][WARNING] - GO term GO:0006978 from training set missing in ontology
[2025-10-17 23:19:53,874][utils.go_prior][WARNING] - GO term GO:0097064 from training set missing in ontology
[2025-10-17 23:19:53,874][utils.go_prior][WARNING] - GO term GO:1903510 from training set missing in ontology
[2025-10-17 23:19:53,874][utils.go_prior][WARNING] - GO term GO:0070265 from training set missing in ontology
[2025-10-17 23:19:53,874][utils.go_prior][WARNING] - GO term GO:0005747 from training set missing in ontology
[2025-10-17 23:19:53,874][utils.go_prior][WARNING] - GO term GO:0098781 from training set missing in ontology
[2025-10-17 23:19:53,874][utils.go_prior][WARNING] - GO term GO:0044349 from training set missing in ontology
[2025-10-17 23:19:53,874][utils.go_prior][WARNING] - GO term GO:0032104 from training set missing in ontology
[2025-10-17 23:19:53,878][utils.go_prior][WARNING] - GO term GO:0032105 from training set missing in ontology
[2025-10-17 23:19:53,878][utils.go_prior][WARNING] - GO term GO:0019932 from training set missing in ontology
[2025-10-17 23:19:53,878][utils.go_prior][WARNING] - GO term GO:1901215 from training set missing in ontology
[2025-10-17 23:19:53,878][utils.go_prior][WARNING] - GO term GO:0070932 from training set missing in ontology
[2025-10-17 23:19:53,878][utils.go_prior][WARNING] - GO term GO:0003896 from training set missing in ontology
[2025-10-17 23:19:53,878][utils.go_prior][WARNING] - GO term GO:0009161 from training set missing in ontology
[2025-10-17 23:19:53,878][utils.go_prior][WARNING] - GO term GO:0006919 from training set missing in ontology
[2025-10-17 23:19:53,878][utils.go_prior][WARNING] - GO term GO:0007182 from training set missing in ontology
[2025-10-17 23:19:53,878][utils.go_prior][WARNING] - GO term GO:0036473 from training set missing in ontology
[2025-10-17 23:19:53,878][utils.go_prior][WARNING] - GO term GO:0006977 from training set missing in ontology
[2025-10-17 23:19:53,878][utils.go_prior][WARNING] - GO term GO:2000286 from training set missing in ontology
[2025-10-17 23:19:53,878][utils.go_prior][WARNING] - GO term GO:0016578 from training set missing in ontology
[2025-10-17 23:19:53,878][utils.go_prior][WARNING] - GO term GO:0035616 from training set missing in ontology
[2025-10-17 23:19:53,878][utils.go_prior][WARNING] - GO term GO:1901021 from training set missing in ontology
[2025-10-17 23:19:53,878][utils.go_prior][WARNING] - GO term GO:0035584 from training set missing in ontology
[2025-10-17 23:19:53,878][utils.go_prior][WARNING] - GO term GO:0030104 from training set missing in ontology
[2025-10-17 23:19:53,884][utils.go_prior][WARNING] - GO term GO:0044247 from training set missing in ontology
[2025-10-17 23:19:53,884][utils.go_prior][WARNING] - GO term GO:0009186 from training set missing in ontology
[2025-10-17 23:19:53,884][utils.go_prior][WARNING] - GO term GO:0051303 from training set missing in ontology
[2025-10-17 23:19:53,884][utils.go_prior][WARNING] - GO term GO:0006775 from training set missing in ontology
[2025-10-17 23:19:53,884][utils.go_prior][WARNING] - GO term GO:0035065 from training set missing in ontology
[2025-10-17 23:19:53,884][utils.go_prior][WARNING] - GO term GO:0090143 from training set missing in ontology
[2025-10-17 23:19:53,884][utils.go_prior][WARNING] - GO term GO:0090144 from training set missing in ontology
[2025-10-17 23:19:53,884][utils.go_prior][WARNING] - GO term GO:0010822 from training set missing in ontology
[2025-10-17 23:19:53,884][utils.go_prior][WARNING] - GO term GO:0031532 from training set missing in ontology
[2025-10-17 23:19:53,884][utils.go_prior][WARNING] - GO term GO:0031063 from training set missing in ontology
[2025-10-17 23:19:53,884][utils.go_prior][WARNING] - GO term GO:0031065 from training set missing in ontology
[2025-10-17 23:19:53,884][utils.go_prior][WARNING] - GO term GO:0019935 from training set missing in ontology
[2025-10-17 23:19:53,884][utils.go_prior][WARNING] - GO term GO:0019758 from training set missing in ontology
[2025-10-17 23:19:53,888][utils.go_prior][WARNING] - GO term GO:0000737 from training set missing in ontology
[2025-10-17 23:19:53,888][utils.go_prior][WARNING] - GO term GO:0016894 from training set missing in ontology
[2025-10-17 23:19:53,888][utils.go_prior][WARNING] - GO term GO:0070940 from training set missing in ontology
[2025-10-17 23:19:53,888][utils.go_prior][WARNING] - GO term GO:0006039 from training set missing in ontology
[2025-10-17 23:19:53,888][utils.go_prior][WARNING] - GO term GO:0034232 from training set missing in ontology
[2025-10-17 23:19:53,888][utils.go_prior][WARNING] - GO term GO:0034218 from training set missing in ontology
[2025-10-17 23:19:53,888][utils.go_prior][WARNING] - GO term GO:0006037 from training set missing in ontology
[2025-10-17 23:19:53,890][utils.go_prior][WARNING] - GO term GO:0035561 from training set missing in ontology
[2025-10-17 23:19:53,890][utils.go_prior][WARNING] - GO term GO:0043641 from training set missing in ontology
[2025-10-17 23:19:53,890][utils.go_prior][WARNING] - GO term GO:0018904 from training set missing in ontology
[2025-10-17 23:19:53,890][utils.go_prior][WARNING] - GO term GO:0005750 from training set missing in ontology
[2025-10-17 23:19:53,890][utils.go_prior][WARNING] - GO term GO:0110129 from training set missing in ontology
[2025-10-17 23:19:53,890][utils.go_prior][WARNING] - GO term GO:0034968 from training set missing in ontology
[2025-10-17 23:19:53,890][utils.go_prior][WARNING] - GO term GO:0044648 from training set missing in ontology
[2025-10-17 23:19:53,890][utils.go_prior][WARNING] - GO term GO:0097692 from training set missing in ontology
[2025-10-17 23:19:53,890][utils.go_prior][WARNING] - GO term GO:0016571 from training set missing in ontology
[2025-10-17 23:19:53,894][utils.go_prior][WARNING] - GO term GO:0051568 from training set missing in ontology
[2025-10-17 23:19:53,894][utils.go_prior][WARNING] - GO term GO:0080182 from training set missing in ontology
[2025-10-17 23:19:53,894][utils.go_prior][WARNING] - GO term GO:0018024 from training set missing in ontology
[2025-10-17 23:19:53,894][utils.go_prior][WARNING] - GO term GO:1902380 from training set missing in ontology
[2025-10-17 23:19:53,894][utils.go_prior][WARNING] - GO term GO:0035066 from training set missing in ontology
[2025-10-17 23:19:53,894][utils.go_prior][WARNING] - GO term GO:0031057 from training set missing in ontology
[2025-10-17 23:19:53,894][utils.go_prior][WARNING] - GO term GO:0031061 from training set missing in ontology
[2025-10-17 23:19:53,898][utils.go_prior][WARNING] - GO term GO:0048563 from training set missing in ontology
[2025-10-17 23:19:53,904][utils.go_prior][WARNING] - GO term GO:0048569 from training set missing in ontology
[2025-10-17 23:19:53,904][utils.go_prior][WARNING] - GO term GO:0031323 from training set missing in ontology
[2025-10-17 23:19:53,904][utils.go_prior][WARNING] - GO term GO:0031331 from training set missing in ontology
[2025-10-17 23:19:53,904][utils.go_prior][WARNING] - GO term GO:0031329 from training set missing in ontology
[2025-10-17 23:19:53,904][utils.go_prior][WARNING] - GO term GO:0031325 from training set missing in ontology
[2025-10-17 23:19:53,904][utils.go_prior][WARNING] - GO term GO:0097159 from training set missing in ontology
[2025-10-17 23:19:53,904][utils.go_prior][WARNING] - GO term GO:1903508 from training set missing in ontology
[2025-10-17 23:19:53,904][utils.go_prior][WARNING] - GO term GO:0051171 from training set missing in ontology
[2025-10-17 23:19:53,904][utils.go_prior][WARNING] - GO term GO:0031326 from training set missing in ontology
[2025-10-17 23:19:53,904][utils.go_prior][WARNING] - GO term GO:1903506 from training set missing in ontology
[2025-10-17 23:19:53,908][utils.go_prior][WARNING] - GO term GO:0031328 from training set missing in ontology
[2025-10-17 23:19:53,908][utils.go_prior][WARNING] - GO term GO:0051173 from training set missing in ontology
[2025-10-17 23:19:53,908][utils.go_prior][WARNING] - GO term GO:0010035 from training set missing in ontology
[2025-10-17 23:19:53,908][utils.go_prior][WARNING] - GO term GO:0010243 from training set missing in ontology
[2025-10-17 23:19:53,908][utils.go_prior][WARNING] - GO term GO:0014070 from training set missing in ontology
[2025-10-17 23:19:53,908][utils.go_prior][WARNING] - GO term GO:0010033 from training set missing in ontology
[2025-10-17 23:19:53,908][utils.go_prior][WARNING] - GO term GO:0006807 from training set missing in ontology
[2025-10-17 23:19:53,908][utils.go_prior][WARNING] - GO term GO:1901564 from training set missing in ontology
[2025-10-17 23:19:53,908][utils.go_prior][WARNING] - GO term GO:0071704 from training set missing in ontology
[2025-10-17 23:19:53,908][utils.go_prior][WARNING] - GO term GO:0000904 from training set missing in ontology
[2025-10-17 23:19:53,908][utils.go_prior][WARNING] - GO term GO:0032990 from training set missing in ontology
[2025-10-17 23:19:53,908][utils.go_prior][WARNING] - GO term GO:0006073 from training set missing in ontology
[2025-10-17 23:19:53,908][utils.go_prior][WARNING] - GO term GO:0044237 from training set missing in ontology
[2025-10-17 23:19:53,908][utils.go_prior][WARNING] - GO term GO:1901576 from training set missing in ontology
[2025-10-17 23:19:53,908][utils.go_prior][WARNING] - GO term GO:0033692 from training set missing in ontology
[2025-10-17 23:19:53,908][utils.go_prior][WARNING] - GO term GO:0034637 from training set missing in ontology
[2025-10-17 23:19:53,908][utils.go_prior][WARNING] - GO term GO:0044249 from training set missing in ontology
[2025-10-17 23:19:53,908][utils.go_prior][WARNING] - GO term GO:0034645 from training set missing in ontology
[2025-10-17 23:19:53,908][utils.go_prior][WARNING] - GO term GO:0044260 from training set missing in ontology
[2025-10-17 23:19:53,908][utils.go_prior][WARNING] - GO term GO:0000003 from training set missing in ontology
[2025-10-17 23:19:53,908][utils.go_prior][WARNING] - GO term GO:0044264 from training set missing in ontology
[2025-10-17 23:19:53,914][utils.go_prior][WARNING] - GO term GO:0044262 from training set missing in ontology
[2025-10-17 23:19:53,914][utils.go_prior][WARNING] - GO term GO:0032504 from training set missing in ontology
[2025-10-17 23:19:53,914][utils.go_prior][WARNING] - GO term GO:0009991 from training set missing in ontology
[2025-10-17 23:19:53,916][utils.go_prior][WARNING] - GO term GO:0031668 from training set missing in ontology
[2025-10-17 23:19:53,916][utils.go_prior][WARNING] - GO term GO:0052173 from training set missing in ontology
[2025-10-17 23:19:53,916][utils.go_prior][WARNING] - GO term GO:0019048 from training set missing in ontology
[2025-10-17 23:19:53,916][utils.go_prior][WARNING] - GO term GO:0019049 from training set missing in ontology
[2025-10-17 23:19:53,918][utils.go_prior][WARNING] - GO term GO:0019054 from training set missing in ontology
[2025-10-17 23:19:53,918][utils.go_prior][WARNING] - GO term GO:1901566 from training set missing in ontology
[2025-10-17 23:19:53,918][utils.go_prior][WARNING] - GO term GO:0198738 from training set missing in ontology
[2025-10-17 23:19:53,918][utils.go_prior][WARNING] - GO term GO:0070727 from training set missing in ontology
[2025-10-17 23:19:53,918][utils.go_prior][WARNING] - GO term GO:0071702 from training set missing in ontology
[2025-10-17 23:19:53,918][utils.go_prior][WARNING] - GO term GO:0060389 from training set missing in ontology
[2025-10-17 23:19:53,918][utils.go_prior][WARNING] - GO term GO:1901216 from training set missing in ontology
[2025-10-17 23:19:53,918][utils.go_prior][WARNING] - GO term GO:0010942 from training set missing in ontology
[2025-10-17 23:19:53,918][utils.go_prior][WARNING] - GO term GO:1901214 from training set missing in ontology
[2025-10-17 23:19:53,918][utils.go_prior][WARNING] - GO term GO:0010941 from training set missing in ontology
[2025-10-17 23:19:53,918][utils.go_prior][WARNING] - GO term GO:0062023 from training set missing in ontology
[2025-10-17 23:19:53,918][utils.go_prior][WARNING] - GO term GO:0001505 from training set missing in ontology
[2025-10-17 23:19:53,918][utils.go_prior][WARNING] - GO term GO:0031327 from training set missing in ontology
[2025-10-17 23:19:53,918][utils.go_prior][WARNING] - GO term GO:0051172 from training set missing in ontology
[2025-10-17 23:19:53,918][utils.go_prior][WARNING] - GO term GO:0031324 from training set missing in ontology
[2025-10-17 23:19:53,918][utils.go_prior][WARNING] - GO term GO:1903507 from training set missing in ontology
[2025-10-17 23:19:53,918][utils.go_prior][WARNING] - GO term GO:0031975 from training set missing in ontology
[2025-10-17 23:19:53,918][utils.go_prior][WARNING] - GO term GO:0044248 from training set missing in ontology
[2025-10-17 23:19:53,918][utils.go_prior][WARNING] - GO term GO:0044255 from training set missing in ontology
[2025-10-17 23:19:53,918][utils.go_prior][WARNING] - GO term GO:0044242 from training set missing in ontology
[2025-10-17 23:19:53,925][utils.go_prior][WARNING] - GO term GO:1901575 from training set missing in ontology
[2025-10-17 23:19:53,925][utils.go_prior][WARNING] - GO term GO:1901617 from training set missing in ontology
[2025-10-17 23:19:53,925][utils.go_prior][WARNING] - GO term GO:1901615 from training set missing in ontology
[2025-10-17 23:19:53,925][utils.go_prior][WARNING] - GO term GO:1901362 from training set missing in ontology
[2025-10-17 23:19:53,925][utils.go_prior][WARNING] - GO term GO:1901360 from training set missing in ontology
[2025-10-17 23:19:53,925][utils.go_prior][WARNING] - GO term GO:0046483 from training set missing in ontology
[2025-10-17 23:19:53,925][utils.go_prior][WARNING] - GO term GO:0018130 from training set missing in ontology
[2025-10-17 23:19:53,927][utils.go_prior][WARNING] - GO term GO:0071310 from training set missing in ontology
[2025-10-17 23:19:53,927][utils.go_prior][WARNING] - GO term GO:0043621 from training set missing in ontology
[2025-10-17 23:19:53,927][utils.go_prior][WARNING] - GO term GO:1902595 from training set missing in ontology
[2025-10-17 23:19:53,927][utils.go_prior][WARNING] - GO term GO:0010769 from training set missing in ontology
[2025-10-17 23:19:53,928][utils.go_prior][WARNING] - GO term GO:0055072 from training set missing in ontology
[2025-10-17 23:19:53,928][utils.go_prior][WARNING] - GO term GO:1902844 from training set missing in ontology
[2025-10-17 23:19:53,928][utils.go_prior][WARNING] - GO term GO:0006725 from training set missing in ontology
[2025-10-17 23:19:53,928][utils.go_prior][WARNING] - GO term GO:0034641 from training set missing in ontology
[2025-10-17 23:19:53,928][utils.go_prior][WARNING] - GO term GO:0034660 from training set missing in ontology
[2025-10-17 23:19:53,930][utils.go_prior][WARNING] - GO term GO:0019400 from training set missing in ontology
[2025-10-17 23:19:53,930][utils.go_prior][WARNING] - GO term GO:0060548 from training set missing in ontology
[2025-10-17 23:19:53,930][utils.go_prior][WARNING] - GO term GO:0043280 from training set missing in ontology
[2025-10-17 23:19:53,930][utils.go_prior][WARNING] - GO term GO:2000116 from training set missing in ontology
[2025-10-17 23:19:53,930][utils.go_prior][WARNING] - GO term GO:0007568 from training set missing in ontology
[2025-10-17 23:19:53,930][utils.go_prior][WARNING] - GO term GO:2001056 from training set missing in ontology
[2025-10-17 23:19:53,930][utils.go_prior][WARNING] - GO term GO:0043281 from training set missing in ontology
[2025-10-17 23:19:53,930][utils.go_prior][WARNING] - GO term GO:0071407 from training set missing in ontology
[2025-10-17 23:19:53,930][utils.go_prior][WARNING] - GO term GO:0060774 from training set missing in ontology
[2025-10-17 23:19:53,930][utils.go_prior][WARNING] - GO term GO:0044265 from training set missing in ontology
[2025-10-17 23:19:53,930][utils.go_prior][WARNING] - GO term GO:0003402 from training set missing in ontology
[2025-10-17 23:19:53,930][utils.go_prior][WARNING] - GO term GO:1905114 from training set missing in ontology
[2025-10-17 23:19:53,930][utils.go_prior][WARNING] - GO term GO:2000040 from training set missing in ontology
[2025-10-17 23:19:53,930][utils.go_prior][WARNING] - GO term GO:1901565 from training set missing in ontology
[2025-10-17 23:19:53,935][utils.go_prior][WARNING] - GO term GO:0019438 from training set missing in ontology
[2025-10-17 23:19:53,935][utils.go_prior][WARNING] - GO term GO:1901160 from training set missing in ontology
[2025-10-17 23:19:53,935][utils.go_prior][WARNING] - GO term GO:0044271 from training set missing in ontology
[2025-10-17 23:19:53,936][utils.go_prior][WARNING] - GO term GO:0006305 from training set missing in ontology
[2025-10-17 23:19:53,936][utils.go_prior][WARNING] - GO term GO:0010424 from training set missing in ontology
[2025-10-17 23:19:53,936][utils.go_prior][WARNING] - GO term GO:0032776 from training set missing in ontology
[2025-10-17 23:19:53,936][utils.go_prior][WARNING] - GO term GO:0090116 from training set missing in ontology
[2025-10-17 23:19:53,936][utils.go_prior][WARNING] - GO term GO:0006306 from training set missing in ontology
[2025-10-17 23:19:53,936][utils.go_prior][WARNING] - GO term GO:0034470 from training set missing in ontology
[2025-10-17 23:19:53,936][utils.go_prior][WARNING] - GO term GO:0071241 from training set missing in ontology
[2025-10-17 23:19:53,936][utils.go_prior][WARNING] - GO term GO:0006767 from training set missing in ontology
[2025-10-17 23:19:53,938][utils.go_prior][WARNING] - GO term GO:0019419 from training set missing in ontology
[2025-10-17 23:19:53,938][utils.go_prior][WARNING] - GO term GO:1990355 from training set missing in ontology
[2025-10-17 23:19:53,938][utils.go_prior][WARNING] - GO term GO:0016143 from training set missing in ontology
[2025-10-17 23:19:53,938][utils.go_prior][WARNING] - GO term GO:0019757 from training set missing in ontology
[2025-10-17 23:19:53,938][utils.go_prior][WARNING] - GO term GO:1901618 from training set missing in ontology
[2025-10-17 23:19:53,938][utils.go_prior][WARNING] - GO term GO:0032505 from training set missing in ontology
[2025-10-17 23:19:53,938][utils.go_prior][WARNING] - GO term GO:0031330 from training set missing in ontology
[2025-10-17 23:19:53,938][utils.go_prior][WARNING] - GO term GO:1904029 from training set missing in ontology
[2025-10-17 23:19:53,938][utils.go_prior][WARNING] - GO term GO:0016575 from training set missing in ontology
[2025-10-17 23:19:53,938][utils.go_prior][WARNING] - GO term GO:0016570 from training set missing in ontology
[2025-10-17 23:19:53,938][utils.go_prior][WARNING] - GO term GO:0071417 from training set missing in ontology
[2025-10-17 23:19:53,938][utils.go_prior][WARNING] - GO term GO:0044000 from training set missing in ontology
[2025-10-17 23:19:53,938][utils.go_prior][WARNING] - GO term GO:0031279 from training set missing in ontology
[2025-10-17 23:19:53,938][utils.go_prior][WARNING] - GO term GO:0043154 from training set missing in ontology
[2025-10-17 23:19:53,938][utils.go_prior][WARNING] - GO term GO:2000117 from training set missing in ontology
[2025-10-17 23:19:53,938][utils.go_prior][WARNING] - GO term GO:0051339 from training set missing in ontology
[2025-10-17 23:19:53,938][utils.go_prior][WARNING] - GO term GO:0015248 from training set missing in ontology
[2025-10-17 23:19:53,938][utils.go_prior][WARNING] - GO term GO:0042165 from training set missing in ontology
[2025-10-17 23:19:53,938][utils.go_prior][WARNING] - GO term GO:0009199 from training set missing in ontology
[2025-10-17 23:19:53,938][utils.go_prior][WARNING] - GO term GO:0045263 from training set missing in ontology
[2025-10-17 23:19:53,938][utils.go_prior][WARNING] - GO term GO:0005753 from training set missing in ontology
[2025-10-17 23:19:53,945][utils.go_prior][WARNING] - GO term GO:0045265 from training set missing in ontology
[2025-10-17 23:19:53,945][utils.go_prior][WARNING] - GO term GO:0000274 from training set missing in ontology
[2025-10-17 23:19:53,945][utils.go_prior][WARNING] - GO term GO:0000276 from training set missing in ontology
[2025-10-17 23:19:53,945][utils.go_prior][WARNING] - GO term GO:1903201 from training set missing in ontology
[2025-10-17 23:19:53,945][utils.go_prior][WARNING] - GO term GO:0000083 from training set missing in ontology
[2025-10-17 23:19:53,945][utils.go_prior][WARNING] - GO term GO:0007074 from training set missing in ontology
[2025-10-17 23:19:53,945][utils.go_prior][WARNING] - GO term GO:0007072 from training set missing in ontology
[2025-10-17 23:19:53,945][utils.go_prior][WARNING] - GO term GO:2001020 from training set missing in ontology
[2025-10-17 23:19:53,945][utils.go_prior][WARNING] - GO term GO:2001022 from training set missing in ontology
[2025-10-17 23:19:53,948][utils.go_prior][WARNING] - GO term GO:0097659 from training set missing in ontology
[2025-10-17 23:19:53,948][utils.go_prior][WARNING] - GO term GO:0000002 from training set missing in ontology
[2025-10-17 23:19:53,948][utils.go_prior][WARNING] - GO term GO:2000112 from training set missing in ontology
[2025-10-17 23:19:53,948][utils.go_prior][WARNING] - GO term GO:0090079 from training set missing in ontology
[2025-10-17 23:19:53,948][utils.go_prior][WARNING] - GO term GO:1901616 from training set missing in ontology
[2025-10-17 23:19:53,948][utils.go_prior][WARNING] - GO term GO:0034471 from training set missing in ontology
[2025-10-17 23:19:53,948][utils.go_prior][WARNING] - GO term GO:0044275 from training set missing in ontology
[2025-10-17 23:19:53,948][utils.go_prior][WARNING] - GO term GO:0044501 from training set missing in ontology
[2025-10-17 23:19:53,948][utils.go_prior][WARNING] - GO term GO:0075528 from training set missing in ontology
[2025-10-17 23:19:53,948][utils.go_prior][WARNING] - GO term GO:0039503 from training set missing in ontology
[2025-10-17 23:19:53,948][utils.go_prior][WARNING] - GO term GO:0016415 from training set missing in ontology
[2025-10-17 23:19:53,948][utils.go_prior][WARNING] - GO term GO:0032070 from training set missing in ontology
[2025-10-17 23:19:53,948][utils.go_prior][WARNING] - GO term GO:1900262 from training set missing in ontology
[2025-10-17 23:19:53,948][utils.go_prior][WARNING] - GO term GO:0032069 from training set missing in ontology
[2025-10-17 23:19:53,948][utils.go_prior][WARNING] - GO term GO:0044815 from training set missing in ontology
[2025-10-17 23:19:53,948][utils.go_prior][WARNING] - GO term GO:0036003 from training set missing in ontology
[2025-10-17 23:19:53,948][utils.go_prior][WARNING] - GO term GO:1901522 from training set missing in ontology
[2025-10-17 23:19:53,948][utils.go_prior][WARNING] - GO term GO:0060394 from training set missing in ontology
[2025-10-17 23:19:53,948][utils.go_prior][WARNING] - GO term GO:0043620 from training set missing in ontology
[2025-10-17 23:19:53,948][utils.go_prior][WARNING] - GO term GO:0043618 from training set missing in ontology
[2025-10-17 23:19:53,948][utils.go_prior][WARNING] - GO term GO:0060393 from training set missing in ontology
[2025-10-17 23:19:53,948][utils.go_prior][WARNING] - GO term GO:0031056 from training set missing in ontology
[2025-10-17 23:19:53,948][utils.go_prior][WARNING] - GO term GO:0048017 from training set missing in ontology
[2025-10-17 23:19:53,948][utils.go_prior][WARNING] - GO term GO:1903069 from training set missing in ontology
[2025-10-17 23:19:53,955][utils.go_prior][WARNING] - GO term GO:0031062 from training set missing in ontology
[2025-10-17 23:19:53,955][utils.go_prior][WARNING] - GO term GO:0006990 from training set missing in ontology
[2025-10-17 23:19:53,955][utils.go_prior][WARNING] - GO term GO:0031058 from training set missing in ontology
[2025-10-17 23:19:53,955][utils.go_prior][WARNING] - GO term GO:1903071 from training set missing in ontology
[2025-10-17 23:19:53,955][utils.go_prior][WARNING] - GO term GO:0031060 from training set missing in ontology
[2025-10-17 23:19:53,955][utils.go_prior][WARNING] - GO term GO:1990440 from training set missing in ontology
[2025-10-17 23:19:53,955][utils.go_prior][WARNING] - GO term GO:0014065 from training set missing in ontology
[2025-10-17 23:19:53,955][utils.go_prior][WARNING] - GO term GO:0043631 from training set missing in ontology
[2025-10-17 23:19:53,955][utils.go_prior][WARNING] - GO term GO:0004652 from training set missing in ontology
[2025-10-17 23:19:53,958][utils.go_prior][WARNING] - GO term GO:1903016 from training set missing in ontology
[2025-10-17 23:19:53,958][utils.go_prior][WARNING] - GO term GO:1903015 from training set missing in ontology
[2025-10-17 23:19:53,958][utils.go_prior][WARNING] - GO term GO:0016573 from training set missing in ontology
[2025-10-17 23:19:53,958][utils.go_prior][WARNING] - GO term GO:0097043 from training set missing in ontology
[2025-10-17 23:19:53,958][utils.go_prior][WARNING] - GO term GO:0043966 from training set missing in ontology
[2025-10-17 23:19:53,958][utils.go_prior][WARNING] - GO term GO:0061726 from training set missing in ontology
[2025-10-17 23:19:53,958][utils.go_prior][WARNING] - GO term GO:0009162 from training set missing in ontology
[2025-10-17 23:19:53,958][utils.go_prior][WARNING] - GO term GO:0019692 from training set missing in ontology
[2025-10-17 23:19:53,958][utils.go_prior][WARNING] - GO term GO:2001021 from training set missing in ontology
[2025-10-17 23:19:53,958][utils.go_prior][WARNING] - GO term GO:0006734 from training set missing in ontology
[2025-10-17 23:19:53,958][utils.go_prior][WARNING] - GO term GO:0019362 from training set missing in ontology
[2025-10-17 23:19:53,958][utils.go_prior][WARNING] - GO term GO:0061912 from training set missing in ontology
[2025-10-17 23:19:53,958][utils.go_prior][WARNING] - GO term GO:0005749 from training set missing in ontology
[2025-10-17 23:19:53,958][utils.go_prior][WARNING] - GO term GO:0005746 from training set missing in ontology
[2025-10-17 23:19:53,958][utils.go_prior][WARNING] - GO term GO:0045281 from training set missing in ontology
[2025-10-17 23:19:53,958][utils.go_prior][WARNING] - GO term GO:0070469 from training set missing in ontology
[2025-10-17 23:19:53,958][utils.go_prior][WARNING] - GO term GO:0045257 from training set missing in ontology
[2025-10-17 23:19:53,958][utils.go_prior][WARNING] - GO term GO:1901376 from training set missing in ontology
[2025-10-17 23:19:53,958][utils.go_prior][WARNING] - GO term GO:1901377 from training set missing in ontology
[2025-10-17 23:19:53,958][utils.go_prior][WARNING] - GO term GO:0019439 from training set missing in ontology
[2025-10-17 23:19:53,958][utils.go_prior][WARNING] - GO term GO:0046700 from training set missing in ontology
[2025-10-17 23:19:53,958][utils.go_prior][WARNING] - GO term GO:1901361 from training set missing in ontology
[2025-10-17 23:19:53,958][utils.go_prior][WARNING] - GO term GO:1901378 from training set missing in ontology
[2025-10-17 23:19:53,958][utils.go_prior][WARNING] - GO term GO:0005355 from training set missing in ontology
[2025-10-17 23:19:53,958][utils.go_prior][WARNING] - GO term GO:0004033 from training set missing in ontology
[2025-10-17 23:19:53,958][utils.go_prior][WARNING] - GO term GO:0008272 from training set missing in ontology
[2025-10-17 23:19:53,958][utils.go_prior][WARNING] - GO term GO:0010675 from training set missing in ontology
[2025-10-17 23:19:53,958][utils.go_prior][WARNING] - GO term GO:0010677 from training set missing in ontology
[2025-10-17 23:19:53,966][utils.go_prior][WARNING] - GO term GO:0005844 from training set missing in ontology
[2025-10-17 23:19:53,966][utils.go_prior][WARNING] - GO term GO:0042788 from training set missing in ontology
[2025-10-17 23:19:53,966][utils.go_prior][WARNING] - GO term GO:0044270 from training set missing in ontology
[2025-10-17 23:19:53,966][utils.go_prior][WARNING] - GO term GO:0016893 from training set missing in ontology
[2025-10-17 23:19:53,967][utils.go_prior][WARNING] - GO term GO:1901019 from training set missing in ontology
[2025-10-17 23:19:53,967][utils.go_prior][WARNING] - GO term GO:0090501 from training set missing in ontology
[2025-10-17 23:19:53,967][utils.go_prior][WARNING] - GO term GO:0000469 from training set missing in ontology
[2025-10-17 23:19:53,967][utils.go_prior][WARNING] - GO term GO:0090503 from training set missing in ontology
[2025-10-17 23:19:53,968][utils.go_prior][WARNING] - GO term GO:0090305 from training set missing in ontology
[2025-10-17 23:19:53,968][utils.go_prior][WARNING] - GO term GO:0000459 from training set missing in ontology
[2025-10-17 23:19:53,968][utils.go_prior][WARNING] - GO term GO:0016796 from training set missing in ontology
[2025-10-17 23:19:53,968][utils.go_prior][WARNING] - GO term GO:1900758 from training set missing in ontology
[2025-10-17 23:19:53,968][utils.go_prior][WARNING] - GO term GO:1902283 from training set missing in ontology
[2025-10-17 23:19:53,968][utils.go_prior][WARNING] - GO term GO:1900757 from training set missing in ontology
[2025-10-17 23:19:53,968][utils.go_prior][WARNING] - GO term GO:0061088 from training set missing in ontology
[2025-10-17 23:19:53,968][utils.go_prior][WARNING] - GO term GO:0051238 from training set missing in ontology
[2025-10-17 23:19:53,968][utils.go_prior][WARNING] - GO term GO:0032119 from training set missing in ontology
[2025-10-17 23:19:53,968][utils.go_prior][WARNING] - GO term GO:0070589 from training set missing in ontology
[2025-10-17 23:19:53,971][utils.go_prior][WARNING] - GO term GO:0015965 from training set missing in ontology
[2025-10-17 23:19:53,971][utils.go_prior][WARNING] - GO term GO:0010410 from training set missing in ontology
[2025-10-17 23:19:53,971][utils.go_prior][WARNING] - GO term GO:0030433 from training set missing in ontology
[2025-10-17 23:19:53,971][utils.go_prior][WARNING] - GO term GO:0010525 from training set missing in ontology
[2025-10-17 23:19:53,971][utils.go_prior][WARNING] - GO term GO:0010529 from training set missing in ontology
[2025-10-17 23:19:53,971][utils.go_prior][WARNING] - GO term GO:0010528 from training set missing in ontology
[2025-10-17 23:19:53,971][utils.go_prior][WARNING] - GO term GO:0034427 from training set missing in ontology
[2025-10-17 23:19:53,971][utils.go_prior][WARNING] - GO term GO:0000291 from training set missing in ontology
[2025-10-17 23:19:53,973][utils.go_prior][WARNING] - GO term GO:0034661 from training set missing in ontology
[2025-10-17 23:19:53,973][utils.go_prior][WARNING] - GO term GO:0071029 from training set missing in ontology
[2025-10-17 23:19:53,973][utils.go_prior][WARNING] - GO term GO:2000113 from training set missing in ontology
[2025-10-17 23:19:53,973][utils.go_prior][WARNING] - GO term GO:0000478 from training set missing in ontology
[2025-10-17 23:19:53,973][utils.go_prior][WARNING] - GO term GO:0090502 from training set missing in ontology
[2025-10-17 23:19:53,973][utils.go_prior][WARNING] - GO term GO:0051543 from training set missing in ontology
[2025-10-17 23:19:53,973][utils.go_prior][WARNING] - GO term GO:0051545 from training set missing in ontology
[2025-10-17 23:19:53,973][utils.go_prior][WARNING] - GO term GO:0006978 from training set missing in ontology
[2025-10-17 23:19:53,973][utils.go_prior][WARNING] - GO term GO:0097064 from training set missing in ontology
[2025-10-17 23:19:53,976][utils.go_prior][WARNING] - GO term GO:1903510 from training set missing in ontology
[2025-10-17 23:19:53,976][utils.go_prior][WARNING] - GO term GO:0070265 from training set missing in ontology
[2025-10-17 23:19:53,976][utils.go_prior][WARNING] - GO term GO:0005747 from training set missing in ontology
[2025-10-17 23:19:53,976][utils.go_prior][WARNING] - GO term GO:0098781 from training set missing in ontology
[2025-10-17 23:19:53,976][utils.go_prior][WARNING] - GO term GO:0044349 from training set missing in ontology
[2025-10-17 23:19:53,976][utils.go_prior][WARNING] - GO term GO:0032104 from training set missing in ontology
[2025-10-17 23:19:53,976][utils.go_prior][WARNING] - GO term GO:0032105 from training set missing in ontology
[2025-10-17 23:19:53,976][utils.go_prior][WARNING] - GO term GO:0019932 from training set missing in ontology
[2025-10-17 23:19:53,978][utils.go_prior][WARNING] - GO term GO:1901215 from training set missing in ontology
[2025-10-17 23:19:53,978][utils.go_prior][WARNING] - GO term GO:0070932 from training set missing in ontology
[2025-10-17 23:19:53,978][utils.go_prior][WARNING] - GO term GO:0003896 from training set missing in ontology
[2025-10-17 23:19:53,978][utils.go_prior][WARNING] - GO term GO:0009161 from training set missing in ontology
[2025-10-17 23:19:53,978][utils.go_prior][WARNING] - GO term GO:0006919 from training set missing in ontology
[2025-10-17 23:19:53,978][utils.go_prior][WARNING] - GO term GO:0007182 from training set missing in ontology
[2025-10-17 23:19:53,978][utils.go_prior][WARNING] - GO term GO:0036473 from training set missing in ontology
[2025-10-17 23:19:53,978][utils.go_prior][WARNING] - GO term GO:0006977 from training set missing in ontology
[2025-10-17 23:19:53,978][utils.go_prior][WARNING] - GO term GO:2000286 from training set missing in ontology
[2025-10-17 23:19:53,978][utils.go_prior][WARNING] - GO term GO:0016578 from training set missing in ontology
[2025-10-17 23:19:53,978][utils.go_prior][WARNING] - GO term GO:0035616 from training set missing in ontology
[2025-10-17 23:19:53,978][utils.go_prior][WARNING] - GO term GO:1901021 from training set missing in ontology
[2025-10-17 23:19:53,978][utils.go_prior][WARNING] - GO term GO:0035584 from training set missing in ontology
[2025-10-17 23:19:53,978][utils.go_prior][WARNING] - GO term GO:0030104 from training set missing in ontology
[2025-10-17 23:19:53,978][utils.go_prior][WARNING] - GO term GO:0044247 from training set missing in ontology
[2025-10-17 23:19:53,978][utils.go_prior][WARNING] - GO term GO:0009186 from training set missing in ontology
[2025-10-17 23:19:53,978][utils.go_prior][WARNING] - GO term GO:0051303 from training set missing in ontology
[2025-10-17 23:19:53,978][utils.go_prior][WARNING] - GO term GO:0006775 from training set missing in ontology
[2025-10-17 23:19:53,978][utils.go_prior][WARNING] - GO term GO:0035065 from training set missing in ontology
[2025-10-17 23:19:53,978][utils.go_prior][WARNING] - GO term GO:0090143 from training set missing in ontology
[2025-10-17 23:19:53,978][utils.go_prior][WARNING] - GO term GO:0090144 from training set missing in ontology
[2025-10-17 23:19:53,978][utils.go_prior][WARNING] - GO term GO:0010822 from training set missing in ontology
[2025-10-17 23:19:53,978][utils.go_prior][WARNING] - GO term GO:0031532 from training set missing in ontology
[2025-10-17 23:19:53,985][utils.go_prior][WARNING] - GO term GO:0031063 from training set missing in ontology
[2025-10-17 23:19:53,985][utils.go_prior][WARNING] - GO term GO:0031065 from training set missing in ontology
[2025-10-17 23:19:53,985][utils.go_prior][WARNING] - GO term GO:0019935 from training set missing in ontology
[2025-10-17 23:19:53,985][utils.go_prior][WARNING] - GO term GO:0019758 from training set missing in ontology
[2025-10-17 23:19:53,985][utils.go_prior][WARNING] - GO term GO:0000737 from training set missing in ontology
[2025-10-17 23:19:53,985][utils.go_prior][WARNING] - GO term GO:0016894 from training set missing in ontology
[2025-10-17 23:19:53,985][utils.go_prior][WARNING] - GO term GO:0070940 from training set missing in ontology
[2025-10-17 23:19:53,988][utils.go_prior][WARNING] - GO term GO:0006039 from training set missing in ontology
[2025-10-17 23:19:53,988][utils.go_prior][WARNING] - GO term GO:0034232 from training set missing in ontology
[2025-10-17 23:19:53,988][utils.go_prior][WARNING] - GO term GO:0034218 from training set missing in ontology
[2025-10-17 23:19:53,988][utils.go_prior][WARNING] - GO term GO:0006037 from training set missing in ontology
[2025-10-17 23:19:53,988][utils.go_prior][WARNING] - GO term GO:0035561 from training set missing in ontology
[2025-10-17 23:19:53,988][utils.go_prior][WARNING] - GO term GO:0043641 from training set missing in ontology
[2025-10-17 23:19:53,988][utils.go_prior][WARNING] - GO term GO:0018904 from training set missing in ontology
[2025-10-17 23:19:53,988][utils.go_prior][WARNING] - GO term GO:0005750 from training set missing in ontology
[2025-10-17 23:19:53,988][utils.go_prior][WARNING] - GO term GO:0110129 from training set missing in ontology
[2025-10-17 23:19:53,988][utils.go_prior][WARNING] - GO term GO:0034968 from training set missing in ontology
[2025-10-17 23:19:53,988][utils.go_prior][WARNING] - GO term GO:0044648 from training set missing in ontology
[2025-10-17 23:19:53,988][utils.go_prior][WARNING] - GO term GO:0097692 from training set missing in ontology
[2025-10-17 23:19:53,988][utils.go_prior][WARNING] - GO term GO:0016571 from training set missing in ontology
[2025-10-17 23:19:53,988][utils.go_prior][WARNING] - GO term GO:0051568 from training set missing in ontology
[2025-10-17 23:19:53,988][utils.go_prior][WARNING] - GO term GO:0080182 from training set missing in ontology
[2025-10-17 23:19:53,988][utils.go_prior][WARNING] - GO term GO:0018024 from training set missing in ontology
[2025-10-17 23:19:53,988][utils.go_prior][WARNING] - GO term GO:1902380 from training set missing in ontology
[2025-10-17 23:19:53,988][utils.go_prior][WARNING] - GO term GO:0035066 from training set missing in ontology
[2025-10-17 23:19:53,988][utils.go_prior][WARNING] - GO term GO:0031057 from training set missing in ontology
[2025-10-17 23:19:53,988][utils.go_prior][WARNING] - GO term GO:0031061 from training set missing in ontology
[2025-10-17 23:19:53,996][utils.go_prior][INFO] - successfully created GO prior.
