[2025-10-18 00:06:35,325][modules.dataloader][INFO] - Loaded 800 sequences from C:\Users\yoche\OneDrive - The University of Texas at Austin\Documents\pf_agcn\data\raw\toy_train.fasta
[2025-10-18 00:06:35,388][modules.dataloader][INFO] - Loaded 30640 ground-truth rows from C:\Users\yoche\OneDrive - The University of Texas at Austin\Documents\pf_agcn\data\raw\terms_train_toy.tsv
[2025-10-18 00:06:35,398][modules.dataloader][INFO] - Loaded 200 sequences from C:\Users\yoche\OneDrive - The University of Texas at Austin\Documents\pf_agcn\data\raw\toy_val.fasta
[2025-10-18 00:06:35,404][modules.dataloader][INFO] - Loaded 200 sequences from C:\Users\yoche\OneDrive - The University of Texas at Austin\Documents\pf_agcn\data\raw\toy_test.fasta
[2025-10-18 00:06:35,424][modules.dataloader][INFO] - Loaded 8218 ground-truth rows from C:\Users\yoche\OneDrive - The University of Texas at Austin\Documents\pf_agcn\data\raw\terms_val_toy.tsv
[2025-10-18 00:06:35,446][modules.dataloader][INFO] - Loaded 7267 ground-truth rows from C:\Users\yoche\OneDrive - The University of Texas at Austin\Documents\pf_agcn\data\raw\terms_test_toy.tsv
[2025-10-18 00:06:36,314][preprocessing][WARNING] - train_split_csv C:\Users\yoche\OneDrive - The University of Texas at Austin\Documents\pf_agcn\data\splits\train.csv missing; using cached aggregate C:\Users\yoche\OneDrive - The University of Texas at Austin\Documents\pf_agcn\data\manifests\raw\cc\train_split_cache.csv
[2025-10-18 00:06:38,274][utils.go_prior][WARNING] - GO term GO:0048563 from training set missing in ontology
[2025-10-18 00:06:38,274][utils.go_prior][WARNING] - GO term GO:0048569 from training set missing in ontology
[2025-10-18 00:06:38,274][utils.go_prior][WARNING] - GO term GO:0031323 from training set missing in ontology
[2025-10-18 00:06:38,274][utils.go_prior][WARNING] - GO term GO:0031331 from training set missing in ontology
[2025-10-18 00:06:38,280][utils.go_prior][WARNING] - GO term GO:0031329 from training set missing in ontology
[2025-10-18 00:06:38,280][utils.go_prior][WARNING] - GO term GO:0031325 from training set missing in ontology
[2025-10-18 00:06:38,280][utils.go_prior][WARNING] - GO term GO:0097159 from training set missing in ontology
[2025-10-18 00:06:38,284][utils.go_prior][WARNING] - GO term GO:1903508 from training set missing in ontology
[2025-10-18 00:06:38,286][utils.go_prior][WARNING] - GO term GO:0051171 from training set missing in ontology
[2025-10-18 00:06:38,286][utils.go_prior][WARNING] - GO term GO:0031326 from training set missing in ontology
[2025-10-18 00:06:38,289][utils.go_prior][WARNING] - GO term GO:1903506 from training set missing in ontology
[2025-10-18 00:06:38,291][utils.go_prior][WARNING] - GO term GO:0031328 from training set missing in ontology
[2025-10-18 00:06:38,293][utils.go_prior][WARNING] - GO term GO:0051173 from training set missing in ontology
[2025-10-18 00:06:38,293][utils.go_prior][WARNING] - GO term GO:0010035 from training set missing in ontology
[2025-10-18 00:06:38,298][utils.go_prior][WARNING] - GO term GO:0010243 from training set missing in ontology
[2025-10-18 00:06:38,300][utils.go_prior][WARNING] - GO term GO:0014070 from training set missing in ontology
[2025-10-18 00:06:38,300][utils.go_prior][WARNING] - GO term GO:0010033 from training set missing in ontology
[2025-10-18 00:06:38,302][utils.go_prior][WARNING] - GO term GO:0006807 from training set missing in ontology
[2025-10-18 00:06:38,302][utils.go_prior][WARNING] - GO term GO:1901564 from training set missing in ontology
[2025-10-18 00:06:38,302][utils.go_prior][WARNING] - GO term GO:0071704 from training set missing in ontology
[2025-10-18 00:06:38,302][utils.go_prior][WARNING] - GO term GO:0000904 from training set missing in ontology
[2025-10-18 00:06:38,305][utils.go_prior][WARNING] - GO term GO:0032990 from training set missing in ontology
[2025-10-18 00:06:38,305][utils.go_prior][WARNING] - GO term GO:0006073 from training set missing in ontology
[2025-10-18 00:06:38,307][utils.go_prior][WARNING] - GO term GO:0044237 from training set missing in ontology
[2025-10-18 00:06:38,308][utils.go_prior][WARNING] - GO term GO:1901576 from training set missing in ontology
[2025-10-18 00:06:38,308][utils.go_prior][WARNING] - GO term GO:0033692 from training set missing in ontology
[2025-10-18 00:06:38,308][utils.go_prior][WARNING] - GO term GO:0034637 from training set missing in ontology
[2025-10-18 00:06:38,310][utils.go_prior][WARNING] - GO term GO:0044249 from training set missing in ontology
[2025-10-18 00:06:38,310][utils.go_prior][WARNING] - GO term GO:0034645 from training set missing in ontology
[2025-10-18 00:06:38,311][utils.go_prior][WARNING] - GO term GO:0044260 from training set missing in ontology
[2025-10-18 00:06:38,311][utils.go_prior][WARNING] - GO term GO:0000003 from training set missing in ontology
[2025-10-18 00:06:38,311][utils.go_prior][WARNING] - GO term GO:0044264 from training set missing in ontology
[2025-10-18 00:06:38,311][utils.go_prior][WARNING] - GO term GO:0044262 from training set missing in ontology
[2025-10-18 00:06:38,311][utils.go_prior][WARNING] - GO term GO:0032504 from training set missing in ontology
[2025-10-18 00:06:38,314][utils.go_prior][WARNING] - GO term GO:0009991 from training set missing in ontology
[2025-10-18 00:06:38,314][utils.go_prior][WARNING] - GO term GO:0031668 from training set missing in ontology
[2025-10-18 00:06:38,316][utils.go_prior][WARNING] - GO term GO:0052173 from training set missing in ontology
[2025-10-18 00:06:38,318][utils.go_prior][WARNING] - GO term GO:0019048 from training set missing in ontology
[2025-10-18 00:06:38,318][utils.go_prior][WARNING] - GO term GO:0019049 from training set missing in ontology
[2025-10-18 00:06:38,318][utils.go_prior][WARNING] - GO term GO:0019054 from training set missing in ontology
[2025-10-18 00:06:38,318][utils.go_prior][WARNING] - GO term GO:1901566 from training set missing in ontology
[2025-10-18 00:06:38,318][utils.go_prior][WARNING] - GO term GO:0198738 from training set missing in ontology
[2025-10-18 00:06:38,318][utils.go_prior][WARNING] - GO term GO:0070727 from training set missing in ontology
[2025-10-18 00:06:38,318][utils.go_prior][WARNING] - GO term GO:0071702 from training set missing in ontology
[2025-10-18 00:06:38,322][utils.go_prior][WARNING] - GO term GO:0060389 from training set missing in ontology
[2025-10-18 00:06:38,322][utils.go_prior][WARNING] - GO term GO:1901216 from training set missing in ontology
[2025-10-18 00:06:38,322][utils.go_prior][WARNING] - GO term GO:0010942 from training set missing in ontology
[2025-10-18 00:06:38,324][utils.go_prior][WARNING] - GO term GO:1901214 from training set missing in ontology
[2025-10-18 00:06:38,324][utils.go_prior][WARNING] - GO term GO:0010941 from training set missing in ontology
[2025-10-18 00:06:38,324][utils.go_prior][WARNING] - GO term GO:0062023 from training set missing in ontology
[2025-10-18 00:06:38,324][utils.go_prior][WARNING] - GO term GO:0001505 from training set missing in ontology
[2025-10-18 00:06:38,324][utils.go_prior][WARNING] - GO term GO:0031327 from training set missing in ontology
[2025-10-18 00:06:38,324][utils.go_prior][WARNING] - GO term GO:0051172 from training set missing in ontology
[2025-10-18 00:06:38,324][utils.go_prior][WARNING] - GO term GO:0031324 from training set missing in ontology
[2025-10-18 00:06:38,327][utils.go_prior][WARNING] - GO term GO:1903507 from training set missing in ontology
[2025-10-18 00:06:38,327][utils.go_prior][WARNING] - GO term GO:0031975 from training set missing in ontology
[2025-10-18 00:06:38,328][utils.go_prior][WARNING] - GO term GO:0044248 from training set missing in ontology
[2025-10-18 00:06:38,328][utils.go_prior][WARNING] - GO term GO:0044255 from training set missing in ontology
[2025-10-18 00:06:38,330][utils.go_prior][WARNING] - GO term GO:0044242 from training set missing in ontology
[2025-10-18 00:06:38,330][utils.go_prior][WARNING] - GO term GO:1901575 from training set missing in ontology
[2025-10-18 00:06:38,330][utils.go_prior][WARNING] - GO term GO:1901617 from training set missing in ontology
[2025-10-18 00:06:38,333][utils.go_prior][WARNING] - GO term GO:1901615 from training set missing in ontology
[2025-10-18 00:06:38,333][utils.go_prior][WARNING] - GO term GO:1901362 from training set missing in ontology
[2025-10-18 00:06:38,335][utils.go_prior][WARNING] - GO term GO:1901360 from training set missing in ontology
[2025-10-18 00:06:38,336][utils.go_prior][WARNING] - GO term GO:0046483 from training set missing in ontology
[2025-10-18 00:06:38,336][utils.go_prior][WARNING] - GO term GO:0018130 from training set missing in ontology
[2025-10-18 00:06:38,336][utils.go_prior][WARNING] - GO term GO:0071310 from training set missing in ontology
[2025-10-18 00:06:38,338][utils.go_prior][WARNING] - GO term GO:0043621 from training set missing in ontology
[2025-10-18 00:06:38,339][utils.go_prior][WARNING] - GO term GO:1902595 from training set missing in ontology
[2025-10-18 00:06:38,339][utils.go_prior][WARNING] - GO term GO:0010769 from training set missing in ontology
[2025-10-18 00:06:38,340][utils.go_prior][WARNING] - GO term GO:0055072 from training set missing in ontology
[2025-10-18 00:06:38,340][utils.go_prior][WARNING] - GO term GO:1902844 from training set missing in ontology
[2025-10-18 00:06:38,340][utils.go_prior][WARNING] - GO term GO:0006725 from training set missing in ontology
[2025-10-18 00:06:38,340][utils.go_prior][WARNING] - GO term GO:0034641 from training set missing in ontology
[2025-10-18 00:06:38,340][utils.go_prior][WARNING] - GO term GO:0034660 from training set missing in ontology
[2025-10-18 00:06:38,340][utils.go_prior][WARNING] - GO term GO:0019400 from training set missing in ontology
[2025-10-18 00:06:38,345][utils.go_prior][WARNING] - GO term GO:0060548 from training set missing in ontology
[2025-10-18 00:06:38,345][utils.go_prior][WARNING] - GO term GO:0043280 from training set missing in ontology
[2025-10-18 00:06:38,345][utils.go_prior][WARNING] - GO term GO:2000116 from training set missing in ontology
[2025-10-18 00:06:38,345][utils.go_prior][WARNING] - GO term GO:0007568 from training set missing in ontology
[2025-10-18 00:06:38,345][utils.go_prior][WARNING] - GO term GO:2001056 from training set missing in ontology
[2025-10-18 00:06:38,348][utils.go_prior][WARNING] - GO term GO:0043281 from training set missing in ontology
[2025-10-18 00:06:38,350][utils.go_prior][WARNING] - GO term GO:0071407 from training set missing in ontology
[2025-10-18 00:06:38,352][utils.go_prior][WARNING] - GO term GO:0060774 from training set missing in ontology
[2025-10-18 00:06:38,352][utils.go_prior][WARNING] - GO term GO:0044265 from training set missing in ontology
[2025-10-18 00:06:38,352][utils.go_prior][WARNING] - GO term GO:0003402 from training set missing in ontology
[2025-10-18 00:06:38,352][utils.go_prior][WARNING] - GO term GO:1905114 from training set missing in ontology
[2025-10-18 00:06:38,354][utils.go_prior][WARNING] - GO term GO:2000040 from training set missing in ontology
[2025-10-18 00:06:38,354][utils.go_prior][WARNING] - GO term GO:1901565 from training set missing in ontology
[2025-10-18 00:06:38,355][utils.go_prior][WARNING] - GO term GO:0019438 from training set missing in ontology
[2025-10-18 00:06:38,355][utils.go_prior][WARNING] - GO term GO:1901160 from training set missing in ontology
[2025-10-18 00:06:38,356][utils.go_prior][WARNING] - GO term GO:0044271 from training set missing in ontology
[2025-10-18 00:06:38,356][utils.go_prior][WARNING] - GO term GO:0006305 from training set missing in ontology
[2025-10-18 00:06:38,356][utils.go_prior][WARNING] - GO term GO:0010424 from training set missing in ontology
[2025-10-18 00:06:38,356][utils.go_prior][WARNING] - GO term GO:0032776 from training set missing in ontology
[2025-10-18 00:06:38,356][utils.go_prior][WARNING] - GO term GO:0090116 from training set missing in ontology
[2025-10-18 00:06:38,356][utils.go_prior][WARNING] - GO term GO:0006306 from training set missing in ontology
[2025-10-18 00:06:38,356][utils.go_prior][WARNING] - GO term GO:0034470 from training set missing in ontology
[2025-10-18 00:06:38,360][utils.go_prior][WARNING] - GO term GO:0071241 from training set missing in ontology
[2025-10-18 00:06:38,360][utils.go_prior][WARNING] - GO term GO:0006767 from training set missing in ontology
[2025-10-18 00:06:38,362][utils.go_prior][WARNING] - GO term GO:0019419 from training set missing in ontology
[2025-10-18 00:06:38,362][utils.go_prior][WARNING] - GO term GO:1990355 from training set missing in ontology
[2025-10-18 00:06:38,362][utils.go_prior][WARNING] - GO term GO:0016143 from training set missing in ontology
[2025-10-18 00:06:38,364][utils.go_prior][WARNING] - GO term GO:0019757 from training set missing in ontology
[2025-10-18 00:06:38,364][utils.go_prior][WARNING] - GO term GO:1901618 from training set missing in ontology
[2025-10-18 00:06:38,366][utils.go_prior][WARNING] - GO term GO:0032505 from training set missing in ontology
[2025-10-18 00:06:38,369][utils.go_prior][WARNING] - GO term GO:0031330 from training set missing in ontology
[2025-10-18 00:06:38,369][utils.go_prior][WARNING] - GO term GO:1904029 from training set missing in ontology
[2025-10-18 00:06:38,369][utils.go_prior][WARNING] - GO term GO:0016575 from training set missing in ontology
[2025-10-18 00:06:38,369][utils.go_prior][WARNING] - GO term GO:0016570 from training set missing in ontology
[2025-10-18 00:06:38,373][utils.go_prior][WARNING] - GO term GO:0071417 from training set missing in ontology
[2025-10-18 00:06:38,373][utils.go_prior][WARNING] - GO term GO:0044000 from training set missing in ontology
[2025-10-18 00:06:38,373][utils.go_prior][WARNING] - GO term GO:0031279 from training set missing in ontology
[2025-10-18 00:06:38,373][utils.go_prior][WARNING] - GO term GO:0043154 from training set missing in ontology
[2025-10-18 00:06:38,373][utils.go_prior][WARNING] - GO term GO:2000117 from training set missing in ontology
[2025-10-18 00:06:38,373][utils.go_prior][WARNING] - GO term GO:0051339 from training set missing in ontology
[2025-10-18 00:06:38,377][utils.go_prior][WARNING] - GO term GO:0015248 from training set missing in ontology
[2025-10-18 00:06:38,377][utils.go_prior][WARNING] - GO term GO:0042165 from training set missing in ontology
[2025-10-18 00:06:38,378][utils.go_prior][WARNING] - GO term GO:0009199 from training set missing in ontology
[2025-10-18 00:06:38,378][utils.go_prior][WARNING] - GO term GO:0045263 from training set missing in ontology
[2025-10-18 00:06:38,378][utils.go_prior][WARNING] - GO term GO:0005753 from training set missing in ontology
[2025-10-18 00:06:38,381][utils.go_prior][WARNING] - GO term GO:0045265 from training set missing in ontology
[2025-10-18 00:06:38,386][utils.go_prior][WARNING] - GO term GO:0000274 from training set missing in ontology
[2025-10-18 00:06:38,386][utils.go_prior][WARNING] - GO term GO:0000276 from training set missing in ontology
[2025-10-18 00:06:38,386][utils.go_prior][WARNING] - GO term GO:1903201 from training set missing in ontology
[2025-10-18 00:06:38,389][utils.go_prior][WARNING] - GO term GO:0000083 from training set missing in ontology
[2025-10-18 00:06:38,389][utils.go_prior][WARNING] - GO term GO:0007074 from training set missing in ontology
[2025-10-18 00:06:38,389][utils.go_prior][WARNING] - GO term GO:0007072 from training set missing in ontology
[2025-10-18 00:06:38,391][utils.go_prior][WARNING] - GO term GO:2001020 from training set missing in ontology
[2025-10-18 00:06:38,392][utils.go_prior][WARNING] - GO term GO:2001022 from training set missing in ontology
[2025-10-18 00:06:38,392][utils.go_prior][WARNING] - GO term GO:0097659 from training set missing in ontology
[2025-10-18 00:06:38,392][utils.go_prior][WARNING] - GO term GO:0000002 from training set missing in ontology
[2025-10-18 00:06:38,392][utils.go_prior][WARNING] - GO term GO:2000112 from training set missing in ontology
[2025-10-18 00:06:38,396][utils.go_prior][WARNING] - GO term GO:0090079 from training set missing in ontology
[2025-10-18 00:06:38,398][utils.go_prior][WARNING] - GO term GO:1901616 from training set missing in ontology
[2025-10-18 00:06:38,402][utils.go_prior][WARNING] - GO term GO:0034471 from training set missing in ontology
[2025-10-18 00:06:38,402][utils.go_prior][WARNING] - GO term GO:0044275 from training set missing in ontology
[2025-10-18 00:06:38,404][utils.go_prior][WARNING] - GO term GO:0044501 from training set missing in ontology
[2025-10-18 00:06:38,404][utils.go_prior][WARNING] - GO term GO:0075528 from training set missing in ontology
[2025-10-18 00:06:38,404][utils.go_prior][WARNING] - GO term GO:0039503 from training set missing in ontology
[2025-10-18 00:06:38,404][utils.go_prior][WARNING] - GO term GO:0016415 from training set missing in ontology
[2025-10-18 00:06:38,404][utils.go_prior][WARNING] - GO term GO:0032070 from training set missing in ontology
[2025-10-18 00:06:38,404][utils.go_prior][WARNING] - GO term GO:1900262 from training set missing in ontology
[2025-10-18 00:06:38,404][utils.go_prior][WARNING] - GO term GO:0032069 from training set missing in ontology
[2025-10-18 00:06:38,404][utils.go_prior][WARNING] - GO term GO:0044815 from training set missing in ontology
[2025-10-18 00:06:38,404][utils.go_prior][WARNING] - GO term GO:0036003 from training set missing in ontology
[2025-10-18 00:06:38,404][utils.go_prior][WARNING] - GO term GO:1901522 from training set missing in ontology
[2025-10-18 00:06:38,411][utils.go_prior][WARNING] - GO term GO:0060394 from training set missing in ontology
[2025-10-18 00:06:38,411][utils.go_prior][WARNING] - GO term GO:0043620 from training set missing in ontology
[2025-10-18 00:06:38,411][utils.go_prior][WARNING] - GO term GO:0043618 from training set missing in ontology
[2025-10-18 00:06:38,414][utils.go_prior][WARNING] - GO term GO:0060393 from training set missing in ontology
[2025-10-18 00:06:38,414][utils.go_prior][WARNING] - GO term GO:0031056 from training set missing in ontology
[2025-10-18 00:06:38,418][utils.go_prior][WARNING] - GO term GO:0048017 from training set missing in ontology
[2025-10-18 00:06:38,419][utils.go_prior][WARNING] - GO term GO:1903069 from training set missing in ontology
[2025-10-18 00:06:38,419][utils.go_prior][WARNING] - GO term GO:0031062 from training set missing in ontology
[2025-10-18 00:06:38,421][utils.go_prior][WARNING] - GO term GO:0006990 from training set missing in ontology
[2025-10-18 00:06:38,421][utils.go_prior][WARNING] - GO term GO:0031058 from training set missing in ontology
[2025-10-18 00:06:38,421][utils.go_prior][WARNING] - GO term GO:1903071 from training set missing in ontology
[2025-10-18 00:06:38,421][utils.go_prior][WARNING] - GO term GO:0031060 from training set missing in ontology
[2025-10-18 00:06:38,421][utils.go_prior][WARNING] - GO term GO:1990440 from training set missing in ontology
[2025-10-18 00:06:38,421][utils.go_prior][WARNING] - GO term GO:0014065 from training set missing in ontology
[2025-10-18 00:06:38,421][utils.go_prior][WARNING] - GO term GO:0043631 from training set missing in ontology
[2025-10-18 00:06:38,426][utils.go_prior][WARNING] - GO term GO:0004652 from training set missing in ontology
[2025-10-18 00:06:38,427][utils.go_prior][WARNING] - GO term GO:1903016 from training set missing in ontology
[2025-10-18 00:06:38,427][utils.go_prior][WARNING] - GO term GO:1903015 from training set missing in ontology
[2025-10-18 00:06:38,430][utils.go_prior][WARNING] - GO term GO:0016573 from training set missing in ontology
[2025-10-18 00:06:38,432][utils.go_prior][WARNING] - GO term GO:0097043 from training set missing in ontology
[2025-10-18 00:06:38,435][utils.go_prior][WARNING] - GO term GO:0043966 from training set missing in ontology
[2025-10-18 00:06:38,435][utils.go_prior][WARNING] - GO term GO:0061726 from training set missing in ontology
[2025-10-18 00:06:38,437][utils.go_prior][WARNING] - GO term GO:0009162 from training set missing in ontology
[2025-10-18 00:06:38,438][utils.go_prior][WARNING] - GO term GO:0019692 from training set missing in ontology
[2025-10-18 00:06:38,438][utils.go_prior][WARNING] - GO term GO:2001021 from training set missing in ontology
[2025-10-18 00:06:38,438][utils.go_prior][WARNING] - GO term GO:0006734 from training set missing in ontology
[2025-10-18 00:06:38,438][utils.go_prior][WARNING] - GO term GO:0019362 from training set missing in ontology
[2025-10-18 00:06:38,438][utils.go_prior][WARNING] - GO term GO:0061912 from training set missing in ontology
[2025-10-18 00:06:38,438][utils.go_prior][WARNING] - GO term GO:0005749 from training set missing in ontology
[2025-10-18 00:06:38,438][utils.go_prior][WARNING] - GO term GO:0005746 from training set missing in ontology
[2025-10-18 00:06:38,438][utils.go_prior][WARNING] - GO term GO:0045281 from training set missing in ontology
[2025-10-18 00:06:38,443][utils.go_prior][WARNING] - GO term GO:0070469 from training set missing in ontology
[2025-10-18 00:06:38,447][utils.go_prior][WARNING] - GO term GO:0045257 from training set missing in ontology
[2025-10-18 00:06:38,452][utils.go_prior][WARNING] - GO term GO:1901376 from training set missing in ontology
[2025-10-18 00:06:38,455][utils.go_prior][WARNING] - GO term GO:1901377 from training set missing in ontology
[2025-10-18 00:06:38,456][utils.go_prior][WARNING] - GO term GO:0019439 from training set missing in ontology
[2025-10-18 00:06:38,456][utils.go_prior][WARNING] - GO term GO:0046700 from training set missing in ontology
[2025-10-18 00:06:38,456][utils.go_prior][WARNING] - GO term GO:1901361 from training set missing in ontology
[2025-10-18 00:06:38,456][utils.go_prior][WARNING] - GO term GO:1901378 from training set missing in ontology
[2025-10-18 00:06:38,456][utils.go_prior][WARNING] - GO term GO:0005355 from training set missing in ontology
[2025-10-18 00:06:38,456][utils.go_prior][WARNING] - GO term GO:0004033 from training set missing in ontology
[2025-10-18 00:06:38,461][utils.go_prior][WARNING] - GO term GO:0008272 from training set missing in ontology
[2025-10-18 00:06:38,461][utils.go_prior][WARNING] - GO term GO:0010675 from training set missing in ontology
[2025-10-18 00:06:38,461][utils.go_prior][WARNING] - GO term GO:0010677 from training set missing in ontology
[2025-10-18 00:06:38,465][utils.go_prior][WARNING] - GO term GO:0005844 from training set missing in ontology
[2025-10-18 00:06:38,466][utils.go_prior][WARNING] - GO term GO:0042788 from training set missing in ontology
[2025-10-18 00:06:38,466][utils.go_prior][WARNING] - GO term GO:0044270 from training set missing in ontology
[2025-10-18 00:06:38,469][utils.go_prior][WARNING] - GO term GO:0016893 from training set missing in ontology
[2025-10-18 00:06:38,471][utils.go_prior][WARNING] - GO term GO:1901019 from training set missing in ontology
[2025-10-18 00:06:38,471][utils.go_prior][WARNING] - GO term GO:0090501 from training set missing in ontology
[2025-10-18 00:06:38,471][utils.go_prior][WARNING] - GO term GO:0000469 from training set missing in ontology
[2025-10-18 00:06:38,471][utils.go_prior][WARNING] - GO term GO:0090503 from training set missing in ontology
[2025-10-18 00:06:38,471][utils.go_prior][WARNING] - GO term GO:0090305 from training set missing in ontology
[2025-10-18 00:06:38,475][utils.go_prior][WARNING] - GO term GO:0000459 from training set missing in ontology
[2025-10-18 00:06:38,475][utils.go_prior][WARNING] - GO term GO:0016796 from training set missing in ontology
[2025-10-18 00:06:38,475][utils.go_prior][WARNING] - GO term GO:1900758 from training set missing in ontology
[2025-10-18 00:06:38,475][utils.go_prior][WARNING] - GO term GO:1902283 from training set missing in ontology
[2025-10-18 00:06:38,478][utils.go_prior][WARNING] - GO term GO:1900757 from training set missing in ontology
[2025-10-18 00:06:38,478][utils.go_prior][WARNING] - GO term GO:0061088 from training set missing in ontology
[2025-10-18 00:06:38,478][utils.go_prior][WARNING] - GO term GO:0051238 from training set missing in ontology
[2025-10-18 00:06:38,478][utils.go_prior][WARNING] - GO term GO:0032119 from training set missing in ontology
[2025-10-18 00:06:38,478][utils.go_prior][WARNING] - GO term GO:0070589 from training set missing in ontology
[2025-10-18 00:06:38,483][utils.go_prior][WARNING] - GO term GO:0015965 from training set missing in ontology
[2025-10-18 00:06:38,484][utils.go_prior][WARNING] - GO term GO:0010410 from training set missing in ontology
[2025-10-18 00:06:38,484][utils.go_prior][WARNING] - GO term GO:0030433 from training set missing in ontology
[2025-10-18 00:06:38,486][utils.go_prior][WARNING] - GO term GO:0010525 from training set missing in ontology
[2025-10-18 00:06:38,488][utils.go_prior][WARNING] - GO term GO:0010529 from training set missing in ontology
[2025-10-18 00:06:38,488][utils.go_prior][WARNING] - GO term GO:0010528 from training set missing in ontology
[2025-10-18 00:06:38,488][utils.go_prior][WARNING] - GO term GO:0034427 from training set missing in ontology
[2025-10-18 00:06:38,488][utils.go_prior][WARNING] - GO term GO:0000291 from training set missing in ontology
[2025-10-18 00:06:38,488][utils.go_prior][WARNING] - GO term GO:0034661 from training set missing in ontology
[2025-10-18 00:06:38,490][utils.go_prior][WARNING] - GO term GO:0071029 from training set missing in ontology
[2025-10-18 00:06:38,490][utils.go_prior][WARNING] - GO term GO:2000113 from training set missing in ontology
[2025-10-18 00:06:38,492][utils.go_prior][WARNING] - GO term GO:0000478 from training set missing in ontology
[2025-10-18 00:06:38,492][utils.go_prior][WARNING] - GO term GO:0090502 from training set missing in ontology
[2025-10-18 00:06:38,492][utils.go_prior][WARNING] - GO term GO:0051543 from training set missing in ontology
[2025-10-18 00:06:38,492][utils.go_prior][WARNING] - GO term GO:0051545 from training set missing in ontology
[2025-10-18 00:06:38,494][utils.go_prior][WARNING] - GO term GO:0006978 from training set missing in ontology
[2025-10-18 00:06:38,494][utils.go_prior][WARNING] - GO term GO:0097064 from training set missing in ontology
[2025-10-18 00:06:38,497][utils.go_prior][WARNING] - GO term GO:1903510 from training set missing in ontology
[2025-10-18 00:06:38,497][utils.go_prior][WARNING] - GO term GO:0070265 from training set missing in ontology
[2025-10-18 00:06:38,499][utils.go_prior][WARNING] - GO term GO:0005747 from training set missing in ontology
[2025-10-18 00:06:38,500][utils.go_prior][WARNING] - GO term GO:0098781 from training set missing in ontology
[2025-10-18 00:06:38,500][utils.go_prior][WARNING] - GO term GO:0044349 from training set missing in ontology
[2025-10-18 00:06:38,502][utils.go_prior][WARNING] - GO term GO:0032104 from training set missing in ontology
[2025-10-18 00:06:38,502][utils.go_prior][WARNING] - GO term GO:0032105 from training set missing in ontology
[2025-10-18 00:06:38,502][utils.go_prior][WARNING] - GO term GO:0019932 from training set missing in ontology
[2025-10-18 00:06:38,504][utils.go_prior][WARNING] - GO term GO:1901215 from training set missing in ontology
[2025-10-18 00:06:38,504][utils.go_prior][WARNING] - GO term GO:0070932 from training set missing in ontology
[2025-10-18 00:06:38,504][utils.go_prior][WARNING] - GO term GO:0003896 from training set missing in ontology
[2025-10-18 00:06:38,504][utils.go_prior][WARNING] - GO term GO:0009161 from training set missing in ontology
[2025-10-18 00:06:38,507][utils.go_prior][WARNING] - GO term GO:0006919 from training set missing in ontology
[2025-10-18 00:06:38,507][utils.go_prior][WARNING] - GO term GO:0007182 from training set missing in ontology
[2025-10-18 00:06:38,507][utils.go_prior][WARNING] - GO term GO:0036473 from training set missing in ontology
[2025-10-18 00:06:38,507][utils.go_prior][WARNING] - GO term GO:0006977 from training set missing in ontology
[2025-10-18 00:06:38,507][utils.go_prior][WARNING] - GO term GO:2000286 from training set missing in ontology
[2025-10-18 00:06:38,507][utils.go_prior][WARNING] - GO term GO:0016578 from training set missing in ontology
[2025-10-18 00:06:38,510][utils.go_prior][WARNING] - GO term GO:0035616 from training set missing in ontology
[2025-10-18 00:06:38,510][utils.go_prior][WARNING] - GO term GO:1901021 from training set missing in ontology
[2025-10-18 00:06:38,510][utils.go_prior][WARNING] - GO term GO:0035584 from training set missing in ontology
[2025-10-18 00:06:38,513][utils.go_prior][WARNING] - GO term GO:0030104 from training set missing in ontology
[2025-10-18 00:06:38,513][utils.go_prior][WARNING] - GO term GO:0044247 from training set missing in ontology
[2025-10-18 00:06:38,513][utils.go_prior][WARNING] - GO term GO:0009186 from training set missing in ontology
[2025-10-18 00:06:38,513][utils.go_prior][WARNING] - GO term GO:0051303 from training set missing in ontology
[2025-10-18 00:06:38,516][utils.go_prior][WARNING] - GO term GO:0006775 from training set missing in ontology
[2025-10-18 00:06:38,517][utils.go_prior][WARNING] - GO term GO:0035065 from training set missing in ontology
[2025-10-18 00:06:38,518][utils.go_prior][WARNING] - GO term GO:0090143 from training set missing in ontology
[2025-10-18 00:06:38,518][utils.go_prior][WARNING] - GO term GO:0090144 from training set missing in ontology
[2025-10-18 00:06:38,520][utils.go_prior][WARNING] - GO term GO:0010822 from training set missing in ontology
[2025-10-18 00:06:38,520][utils.go_prior][WARNING] - GO term GO:0031532 from training set missing in ontology
[2025-10-18 00:06:38,520][utils.go_prior][WARNING] - GO term GO:0031063 from training set missing in ontology
[2025-10-18 00:06:38,520][utils.go_prior][WARNING] - GO term GO:0031065 from training set missing in ontology
[2025-10-18 00:06:38,520][utils.go_prior][WARNING] - GO term GO:0019935 from training set missing in ontology
[2025-10-18 00:06:38,520][utils.go_prior][WARNING] - GO term GO:0019758 from training set missing in ontology
[2025-10-18 00:06:38,520][utils.go_prior][WARNING] - GO term GO:0000737 from training set missing in ontology
[2025-10-18 00:06:38,520][utils.go_prior][WARNING] - GO term GO:0016894 from training set missing in ontology
[2025-10-18 00:06:38,520][utils.go_prior][WARNING] - GO term GO:0070940 from training set missing in ontology
[2025-10-18 00:06:38,520][utils.go_prior][WARNING] - GO term GO:0006039 from training set missing in ontology
[2025-10-18 00:06:38,520][utils.go_prior][WARNING] - GO term GO:0034232 from training set missing in ontology
[2025-10-18 00:06:38,520][utils.go_prior][WARNING] - GO term GO:0034218 from training set missing in ontology
[2025-10-18 00:06:38,526][utils.go_prior][WARNING] - GO term GO:0006037 from training set missing in ontology
[2025-10-18 00:06:38,526][utils.go_prior][WARNING] - GO term GO:0035561 from training set missing in ontology
[2025-10-18 00:06:38,526][utils.go_prior][WARNING] - GO term GO:0043641 from training set missing in ontology
[2025-10-18 00:06:38,526][utils.go_prior][WARNING] - GO term GO:0018904 from training set missing in ontology
[2025-10-18 00:06:38,526][utils.go_prior][WARNING] - GO term GO:0005750 from training set missing in ontology
[2025-10-18 00:06:38,526][utils.go_prior][WARNING] - GO term GO:0110129 from training set missing in ontology
[2025-10-18 00:06:38,526][utils.go_prior][WARNING] - GO term GO:0034968 from training set missing in ontology
[2025-10-18 00:06:38,526][utils.go_prior][WARNING] - GO term GO:0044648 from training set missing in ontology
[2025-10-18 00:06:38,526][utils.go_prior][WARNING] - GO term GO:0097692 from training set missing in ontology
[2025-10-18 00:06:38,526][utils.go_prior][WARNING] - GO term GO:0016571 from training set missing in ontology
[2025-10-18 00:06:38,533][utils.go_prior][WARNING] - GO term GO:0051568 from training set missing in ontology
[2025-10-18 00:06:38,583][utils.go_prior][WARNING] - GO term GO:0080182 from training set missing in ontology
[2025-10-18 00:06:38,610][utils.go_prior][WARNING] - GO term GO:0018024 from training set missing in ontology
[2025-10-18 00:06:38,729][utils.go_prior][WARNING] - GO term GO:1902380 from training set missing in ontology
[2025-10-18 00:06:38,743][utils.go_prior][WARNING] - GO term GO:0035066 from training set missing in ontology
[2025-10-18 00:06:38,751][utils.go_prior][WARNING] - GO term GO:0031057 from training set missing in ontology
[2025-10-18 00:06:38,755][utils.go_prior][WARNING] - GO term GO:0031061 from training set missing in ontology
[2025-10-18 00:06:38,871][utils.go_prior][WARNING] - GO term GO:0048563 from training set missing in ontology
[2025-10-18 00:06:38,887][utils.go_prior][WARNING] - GO term GO:0048569 from training set missing in ontology
[2025-10-18 00:06:38,903][utils.go_prior][WARNING] - GO term GO:0031323 from training set missing in ontology
[2025-10-18 00:06:38,914][utils.go_prior][WARNING] - GO term GO:0031331 from training set missing in ontology
[2025-10-18 00:06:38,918][utils.go_prior][WARNING] - GO term GO:0031329 from training set missing in ontology
[2025-10-18 00:06:38,922][utils.go_prior][WARNING] - GO term GO:0031325 from training set missing in ontology
[2025-10-18 00:06:38,926][utils.go_prior][WARNING] - GO term GO:0097159 from training set missing in ontology
[2025-10-18 00:06:38,933][utils.go_prior][WARNING] - GO term GO:1903508 from training set missing in ontology
[2025-10-18 00:06:38,936][utils.go_prior][WARNING] - GO term GO:0051171 from training set missing in ontology
[2025-10-18 00:06:38,937][utils.go_prior][WARNING] - GO term GO:0031326 from training set missing in ontology
[2025-10-18 00:06:38,941][utils.go_prior][WARNING] - GO term GO:1903506 from training set missing in ontology
[2025-10-18 00:06:38,944][utils.go_prior][WARNING] - GO term GO:0031328 from training set missing in ontology
[2025-10-18 00:06:38,944][utils.go_prior][WARNING] - GO term GO:0051173 from training set missing in ontology
[2025-10-18 00:06:38,946][utils.go_prior][WARNING] - GO term GO:0010035 from training set missing in ontology
[2025-10-18 00:06:38,953][utils.go_prior][WARNING] - GO term GO:0010243 from training set missing in ontology
[2025-10-18 00:06:38,956][utils.go_prior][WARNING] - GO term GO:0014070 from training set missing in ontology
[2025-10-18 00:06:38,956][utils.go_prior][WARNING] - GO term GO:0010033 from training set missing in ontology
[2025-10-18 00:06:38,958][utils.go_prior][WARNING] - GO term GO:0006807 from training set missing in ontology
[2025-10-18 00:06:39,050][utils.go_prior][WARNING] - GO term GO:1901564 from training set missing in ontology
[2025-10-18 00:06:39,073][utils.go_prior][WARNING] - GO term GO:0071704 from training set missing in ontology
[2025-10-18 00:06:39,086][utils.go_prior][WARNING] - GO term GO:0000904 from training set missing in ontology
[2025-10-18 00:06:39,098][utils.go_prior][WARNING] - GO term GO:0032990 from training set missing in ontology
[2025-10-18 00:06:39,104][utils.go_prior][WARNING] - GO term GO:0006073 from training set missing in ontology
[2025-10-18 00:06:39,110][utils.go_prior][WARNING] - GO term GO:0044237 from training set missing in ontology
[2025-10-18 00:06:39,119][utils.go_prior][WARNING] - GO term GO:1901576 from training set missing in ontology
[2025-10-18 00:06:39,136][utils.go_prior][WARNING] - GO term GO:0033692 from training set missing in ontology
[2025-10-18 00:06:39,139][utils.go_prior][WARNING] - GO term GO:0034637 from training set missing in ontology
[2025-10-18 00:06:39,141][utils.go_prior][WARNING] - GO term GO:0044249 from training set missing in ontology
[2025-10-18 00:06:39,142][utils.go_prior][WARNING] - GO term GO:0034645 from training set missing in ontology
[2025-10-18 00:06:39,144][utils.go_prior][WARNING] - GO term GO:0044260 from training set missing in ontology
[2025-10-18 00:06:39,146][utils.go_prior][WARNING] - GO term GO:0000003 from training set missing in ontology
[2025-10-18 00:06:39,147][utils.go_prior][WARNING] - GO term GO:0044264 from training set missing in ontology
[2025-10-18 00:06:39,152][utils.go_prior][WARNING] - GO term GO:0044262 from training set missing in ontology
[2025-10-18 00:06:39,155][utils.go_prior][WARNING] - GO term GO:0032504 from training set missing in ontology
[2025-10-18 00:06:39,157][utils.go_prior][WARNING] - GO term GO:0009991 from training set missing in ontology
[2025-10-18 00:06:39,159][utils.go_prior][WARNING] - GO term GO:0031668 from training set missing in ontology
[2025-10-18 00:06:39,160][utils.go_prior][WARNING] - GO term GO:0052173 from training set missing in ontology
[2025-10-18 00:06:39,160][utils.go_prior][WARNING] - GO term GO:0019048 from training set missing in ontology
[2025-10-18 00:06:39,162][utils.go_prior][WARNING] - GO term GO:0019049 from training set missing in ontology
[2025-10-18 00:06:39,163][utils.go_prior][WARNING] - GO term GO:0019054 from training set missing in ontology
[2025-10-18 00:06:39,269][utils.go_prior][WARNING] - GO term GO:1901566 from training set missing in ontology
[2025-10-18 00:06:39,304][utils.go_prior][WARNING] - GO term GO:0198738 from training set missing in ontology
[2025-10-18 00:06:39,319][utils.go_prior][WARNING] - GO term GO:0070727 from training set missing in ontology
[2025-10-18 00:06:39,324][utils.go_prior][WARNING] - GO term GO:0071702 from training set missing in ontology
[2025-10-18 00:06:39,327][utils.go_prior][WARNING] - GO term GO:0060389 from training set missing in ontology
[2025-10-18 00:06:39,331][utils.go_prior][WARNING] - GO term GO:1901216 from training set missing in ontology
[2025-10-18 00:06:39,347][utils.go_prior][WARNING] - GO term GO:0010942 from training set missing in ontology
[2025-10-18 00:06:39,350][utils.go_prior][WARNING] - GO term GO:1901214 from training set missing in ontology
[2025-10-18 00:06:39,359][utils.go_prior][WARNING] - GO term GO:0010941 from training set missing in ontology
[2025-10-18 00:06:39,359][utils.go_prior][WARNING] - GO term GO:0062023 from training set missing in ontology
[2025-10-18 00:06:39,361][utils.go_prior][WARNING] - GO term GO:0001505 from training set missing in ontology
[2025-10-18 00:06:39,361][utils.go_prior][WARNING] - GO term GO:0031327 from training set missing in ontology
[2025-10-18 00:06:39,366][utils.go_prior][WARNING] - GO term GO:0051172 from training set missing in ontology
[2025-10-18 00:06:39,367][utils.go_prior][WARNING] - GO term GO:0031324 from training set missing in ontology
[2025-10-18 00:06:39,373][utils.go_prior][WARNING] - GO term GO:1903507 from training set missing in ontology
[2025-10-18 00:06:39,375][utils.go_prior][WARNING] - GO term GO:0031975 from training set missing in ontology
[2025-10-18 00:06:39,379][utils.go_prior][WARNING] - GO term GO:0044248 from training set missing in ontology
[2025-10-18 00:06:39,380][utils.go_prior][WARNING] - GO term GO:0044255 from training set missing in ontology
[2025-10-18 00:06:39,380][utils.go_prior][WARNING] - GO term GO:0044242 from training set missing in ontology
[2025-10-18 00:06:39,383][utils.go_prior][WARNING] - GO term GO:1901575 from training set missing in ontology
[2025-10-18 00:06:39,385][utils.go_prior][WARNING] - GO term GO:1901617 from training set missing in ontology
[2025-10-18 00:06:39,388][utils.go_prior][WARNING] - GO term GO:1901615 from training set missing in ontology
[2025-10-18 00:06:39,388][utils.go_prior][WARNING] - GO term GO:1901362 from training set missing in ontology
[2025-10-18 00:06:39,389][utils.go_prior][WARNING] - GO term GO:1901360 from training set missing in ontology
[2025-10-18 00:06:39,391][utils.go_prior][WARNING] - GO term GO:0046483 from training set missing in ontology
[2025-10-18 00:06:39,391][utils.go_prior][WARNING] - GO term GO:0018130 from training set missing in ontology
[2025-10-18 00:06:39,392][utils.go_prior][WARNING] - GO term GO:0071310 from training set missing in ontology
[2025-10-18 00:06:39,392][utils.go_prior][WARNING] - GO term GO:0043621 from training set missing in ontology
[2025-10-18 00:06:39,394][utils.go_prior][WARNING] - GO term GO:1902595 from training set missing in ontology
[2025-10-18 00:06:39,395][utils.go_prior][WARNING] - GO term GO:0010769 from training set missing in ontology
[2025-10-18 00:06:39,396][utils.go_prior][WARNING] - GO term GO:0055072 from training set missing in ontology
[2025-10-18 00:06:39,397][utils.go_prior][WARNING] - GO term GO:1902844 from training set missing in ontology
[2025-10-18 00:06:39,399][utils.go_prior][WARNING] - GO term GO:0006725 from training set missing in ontology
[2025-10-18 00:06:39,402][utils.go_prior][WARNING] - GO term GO:0034641 from training set missing in ontology
[2025-10-18 00:06:39,404][utils.go_prior][WARNING] - GO term GO:0034660 from training set missing in ontology
[2025-10-18 00:06:39,407][utils.go_prior][WARNING] - GO term GO:0019400 from training set missing in ontology
[2025-10-18 00:06:39,409][utils.go_prior][WARNING] - GO term GO:0060548 from training set missing in ontology
[2025-10-18 00:06:39,409][utils.go_prior][WARNING] - GO term GO:0043280 from training set missing in ontology
[2025-10-18 00:06:39,410][utils.go_prior][WARNING] - GO term GO:2000116 from training set missing in ontology
[2025-10-18 00:06:39,411][utils.go_prior][WARNING] - GO term GO:0007568 from training set missing in ontology
[2025-10-18 00:06:39,412][utils.go_prior][WARNING] - GO term GO:2001056 from training set missing in ontology
[2025-10-18 00:06:39,413][utils.go_prior][WARNING] - GO term GO:0043281 from training set missing in ontology
[2025-10-18 00:06:39,414][utils.go_prior][WARNING] - GO term GO:0071407 from training set missing in ontology
[2025-10-18 00:06:39,416][utils.go_prior][WARNING] - GO term GO:0060774 from training set missing in ontology
[2025-10-18 00:06:39,418][utils.go_prior][WARNING] - GO term GO:0044265 from training set missing in ontology
[2025-10-18 00:06:39,420][utils.go_prior][WARNING] - GO term GO:0003402 from training set missing in ontology
[2025-10-18 00:06:39,420][utils.go_prior][WARNING] - GO term GO:1905114 from training set missing in ontology
[2025-10-18 00:06:39,422][utils.go_prior][WARNING] - GO term GO:2000040 from training set missing in ontology
[2025-10-18 00:06:39,423][utils.go_prior][WARNING] - GO term GO:1901565 from training set missing in ontology
[2025-10-18 00:06:39,423][utils.go_prior][WARNING] - GO term GO:0019438 from training set missing in ontology
[2025-10-18 00:06:39,423][utils.go_prior][WARNING] - GO term GO:1901160 from training set missing in ontology
[2025-10-18 00:06:39,423][utils.go_prior][WARNING] - GO term GO:0044271 from training set missing in ontology
[2025-10-18 00:06:39,425][utils.go_prior][WARNING] - GO term GO:0006305 from training set missing in ontology
[2025-10-18 00:06:39,425][utils.go_prior][WARNING] - GO term GO:0010424 from training set missing in ontology
[2025-10-18 00:06:39,427][utils.go_prior][WARNING] - GO term GO:0032776 from training set missing in ontology
[2025-10-18 00:06:39,428][utils.go_prior][WARNING] - GO term GO:0090116 from training set missing in ontology
[2025-10-18 00:06:39,428][utils.go_prior][WARNING] - GO term GO:0006306 from training set missing in ontology
[2025-10-18 00:06:39,430][utils.go_prior][WARNING] - GO term GO:0034470 from training set missing in ontology
[2025-10-18 00:06:39,431][utils.go_prior][WARNING] - GO term GO:0071241 from training set missing in ontology
[2025-10-18 00:06:39,431][utils.go_prior][WARNING] - GO term GO:0006767 from training set missing in ontology
[2025-10-18 00:06:39,433][utils.go_prior][WARNING] - GO term GO:0019419 from training set missing in ontology
[2025-10-18 00:06:39,433][utils.go_prior][WARNING] - GO term GO:1990355 from training set missing in ontology
[2025-10-18 00:06:39,436][utils.go_prior][WARNING] - GO term GO:0016143 from training set missing in ontology
[2025-10-18 00:06:39,438][utils.go_prior][WARNING] - GO term GO:0019757 from training set missing in ontology
[2025-10-18 00:06:39,438][utils.go_prior][WARNING] - GO term GO:1901618 from training set missing in ontology
[2025-10-18 00:06:39,438][utils.go_prior][WARNING] - GO term GO:0032505 from training set missing in ontology
[2025-10-18 00:06:39,440][utils.go_prior][WARNING] - GO term GO:0031330 from training set missing in ontology
[2025-10-18 00:06:39,468][utils.go_prior][WARNING] - GO term GO:1904029 from training set missing in ontology
[2025-10-18 00:06:39,478][utils.go_prior][WARNING] - GO term GO:0016575 from training set missing in ontology
[2025-10-18 00:06:39,540][utils.go_prior][WARNING] - GO term GO:0016570 from training set missing in ontology
[2025-10-18 00:06:39,552][utils.go_prior][WARNING] - GO term GO:0071417 from training set missing in ontology
[2025-10-18 00:06:39,558][utils.go_prior][WARNING] - GO term GO:0044000 from training set missing in ontology
[2025-10-18 00:06:39,563][utils.go_prior][WARNING] - GO term GO:0031279 from training set missing in ontology
[2025-10-18 00:06:39,571][utils.go_prior][WARNING] - GO term GO:0043154 from training set missing in ontology
[2025-10-18 00:06:39,575][utils.go_prior][WARNING] - GO term GO:2000117 from training set missing in ontology
[2025-10-18 00:06:39,575][utils.go_prior][WARNING] - GO term GO:0051339 from training set missing in ontology
[2025-10-18 00:06:39,581][utils.go_prior][WARNING] - GO term GO:0015248 from training set missing in ontology
[2025-10-18 00:06:39,591][utils.go_prior][WARNING] - GO term GO:0042165 from training set missing in ontology
[2025-10-18 00:06:39,593][utils.go_prior][WARNING] - GO term GO:0009199 from training set missing in ontology
[2025-10-18 00:06:39,594][utils.go_prior][WARNING] - GO term GO:0045263 from training set missing in ontology
[2025-10-18 00:06:39,597][utils.go_prior][WARNING] - GO term GO:0005753 from training set missing in ontology
[2025-10-18 00:06:39,603][utils.go_prior][WARNING] - GO term GO:0045265 from training set missing in ontology
[2025-10-18 00:06:39,606][utils.go_prior][WARNING] - GO term GO:0000274 from training set missing in ontology
[2025-10-18 00:06:39,608][utils.go_prior][WARNING] - GO term GO:0000276 from training set missing in ontology
[2025-10-18 00:06:39,610][utils.go_prior][WARNING] - GO term GO:1903201 from training set missing in ontology
[2025-10-18 00:06:39,611][utils.go_prior][WARNING] - GO term GO:0000083 from training set missing in ontology
[2025-10-18 00:06:39,615][utils.go_prior][WARNING] - GO term GO:0007074 from training set missing in ontology
[2025-10-18 00:06:39,621][utils.go_prior][WARNING] - GO term GO:0007072 from training set missing in ontology
[2025-10-18 00:06:39,623][utils.go_prior][WARNING] - GO term GO:2001020 from training set missing in ontology
[2025-10-18 00:06:39,624][utils.go_prior][WARNING] - GO term GO:2001022 from training set missing in ontology
[2025-10-18 00:06:39,626][utils.go_prior][WARNING] - GO term GO:0097659 from training set missing in ontology
[2025-10-18 00:06:39,626][utils.go_prior][WARNING] - GO term GO:0000002 from training set missing in ontology
[2025-10-18 00:06:39,627][utils.go_prior][WARNING] - GO term GO:2000112 from training set missing in ontology
[2025-10-18 00:06:39,629][utils.go_prior][WARNING] - GO term GO:0090079 from training set missing in ontology
[2025-10-18 00:06:39,632][utils.go_prior][WARNING] - GO term GO:1901616 from training set missing in ontology
[2025-10-18 00:06:39,638][utils.go_prior][WARNING] - GO term GO:0034471 from training set missing in ontology
[2025-10-18 00:06:39,639][utils.go_prior][WARNING] - GO term GO:0044275 from training set missing in ontology
[2025-10-18 00:06:39,642][utils.go_prior][WARNING] - GO term GO:0044501 from training set missing in ontology
[2025-10-18 00:06:39,642][utils.go_prior][WARNING] - GO term GO:0075528 from training set missing in ontology
[2025-10-18 00:06:39,643][utils.go_prior][WARNING] - GO term GO:0039503 from training set missing in ontology
[2025-10-18 00:06:39,644][utils.go_prior][WARNING] - GO term GO:0016415 from training set missing in ontology
[2025-10-18 00:06:39,646][utils.go_prior][WARNING] - GO term GO:0032070 from training set missing in ontology
[2025-10-18 00:06:39,648][utils.go_prior][WARNING] - GO term GO:1900262 from training set missing in ontology
[2025-10-18 00:06:39,710][utils.go_prior][WARNING] - GO term GO:0032069 from training set missing in ontology
[2025-10-18 00:06:39,760][utils.go_prior][WARNING] - GO term GO:0044815 from training set missing in ontology
[2025-10-18 00:06:39,773][utils.go_prior][WARNING] - GO term GO:0036003 from training set missing in ontology
[2025-10-18 00:06:39,780][utils.go_prior][WARNING] - GO term GO:1901522 from training set missing in ontology
[2025-10-18 00:06:39,787][utils.go_prior][WARNING] - GO term GO:0060394 from training set missing in ontology
[2025-10-18 00:06:39,790][utils.go_prior][WARNING] - GO term GO:0043620 from training set missing in ontology
[2025-10-18 00:06:39,798][utils.go_prior][WARNING] - GO term GO:0043618 from training set missing in ontology
[2025-10-18 00:06:39,810][utils.go_prior][WARNING] - GO term GO:0060393 from training set missing in ontology
[2025-10-18 00:06:39,817][utils.go_prior][WARNING] - GO term GO:0031056 from training set missing in ontology
[2025-10-18 00:06:39,825][utils.go_prior][WARNING] - GO term GO:0048017 from training set missing in ontology
[2025-10-18 00:06:39,840][utils.go_prior][WARNING] - GO term GO:1903069 from training set missing in ontology
[2025-10-18 00:06:39,844][utils.go_prior][WARNING] - GO term GO:0031062 from training set missing in ontology
[2025-10-18 00:06:39,854][utils.go_prior][WARNING] - GO term GO:0006990 from training set missing in ontology
[2025-10-18 00:06:39,859][utils.go_prior][WARNING] - GO term GO:0031058 from training set missing in ontology
[2025-10-18 00:06:39,860][utils.go_prior][WARNING] - GO term GO:1903071 from training set missing in ontology
[2025-10-18 00:06:39,860][utils.go_prior][WARNING] - GO term GO:0031060 from training set missing in ontology
[2025-10-18 00:06:39,860][utils.go_prior][WARNING] - GO term GO:1990440 from training set missing in ontology
[2025-10-18 00:06:39,864][utils.go_prior][WARNING] - GO term GO:0014065 from training set missing in ontology
[2025-10-18 00:06:39,872][utils.go_prior][WARNING] - GO term GO:0043631 from training set missing in ontology
[2025-10-18 00:06:39,874][utils.go_prior][WARNING] - GO term GO:0004652 from training set missing in ontology
[2025-10-18 00:06:39,877][utils.go_prior][WARNING] - GO term GO:1903016 from training set missing in ontology
[2025-10-18 00:06:39,878][utils.go_prior][WARNING] - GO term GO:1903015 from training set missing in ontology
[2025-10-18 00:06:39,882][utils.go_prior][WARNING] - GO term GO:0016573 from training set missing in ontology
[2025-10-18 00:06:39,888][utils.go_prior][WARNING] - GO term GO:0097043 from training set missing in ontology
[2025-10-18 00:06:39,891][utils.go_prior][WARNING] - GO term GO:0043966 from training set missing in ontology
[2025-10-18 00:06:39,893][utils.go_prior][WARNING] - GO term GO:0061726 from training set missing in ontology
[2025-10-18 00:06:39,893][utils.go_prior][WARNING] - GO term GO:0009162 from training set missing in ontology
[2025-10-18 00:06:39,896][utils.go_prior][WARNING] - GO term GO:0019692 from training set missing in ontology
[2025-10-18 00:06:39,900][utils.go_prior][WARNING] - GO term GO:2001021 from training set missing in ontology
[2025-10-18 00:06:39,902][utils.go_prior][WARNING] - GO term GO:0006734 from training set missing in ontology
[2025-10-18 00:06:39,903][utils.go_prior][WARNING] - GO term GO:0019362 from training set missing in ontology
[2025-10-18 00:06:39,904][utils.go_prior][WARNING] - GO term GO:0061912 from training set missing in ontology
[2025-10-18 00:06:39,906][utils.go_prior][WARNING] - GO term GO:0005749 from training set missing in ontology
[2025-10-18 00:06:39,907][utils.go_prior][WARNING] - GO term GO:0005746 from training set missing in ontology
[2025-10-18 00:06:39,908][utils.go_prior][WARNING] - GO term GO:0045281 from training set missing in ontology
[2025-10-18 00:06:39,908][utils.go_prior][WARNING] - GO term GO:0070469 from training set missing in ontology
[2025-10-18 00:06:39,909][utils.go_prior][WARNING] - GO term GO:0045257 from training set missing in ontology
[2025-10-18 00:06:39,910][utils.go_prior][WARNING] - GO term GO:1901376 from training set missing in ontology
[2025-10-18 00:06:39,910][utils.go_prior][WARNING] - GO term GO:1901377 from training set missing in ontology
[2025-10-18 00:06:39,911][utils.go_prior][WARNING] - GO term GO:0019439 from training set missing in ontology
[2025-10-18 00:06:39,912][utils.go_prior][WARNING] - GO term GO:0046700 from training set missing in ontology
[2025-10-18 00:06:39,912][utils.go_prior][WARNING] - GO term GO:1901361 from training set missing in ontology
[2025-10-18 00:06:39,912][utils.go_prior][WARNING] - GO term GO:1901378 from training set missing in ontology
[2025-10-18 00:06:39,914][utils.go_prior][WARNING] - GO term GO:0005355 from training set missing in ontology
[2025-10-18 00:06:39,915][utils.go_prior][WARNING] - GO term GO:0004033 from training set missing in ontology
[2025-10-18 00:06:39,916][utils.go_prior][WARNING] - GO term GO:0008272 from training set missing in ontology
[2025-10-18 00:06:39,918][utils.go_prior][WARNING] - GO term GO:0010675 from training set missing in ontology
[2025-10-18 00:06:39,918][utils.go_prior][WARNING] - GO term GO:0010677 from training set missing in ontology
[2025-10-18 00:06:39,924][utils.go_prior][WARNING] - GO term GO:0005844 from training set missing in ontology
[2025-10-18 00:06:39,975][utils.go_prior][WARNING] - GO term GO:0042788 from training set missing in ontology
[2025-10-18 00:06:40,023][utils.go_prior][WARNING] - GO term GO:0044270 from training set missing in ontology
[2025-10-18 00:06:40,034][utils.go_prior][WARNING] - GO term GO:0016893 from training set missing in ontology
[2025-10-18 00:06:40,037][utils.go_prior][WARNING] - GO term GO:1901019 from training set missing in ontology
[2025-10-18 00:06:40,039][utils.go_prior][WARNING] - GO term GO:0090501 from training set missing in ontology
[2025-10-18 00:06:40,041][utils.go_prior][WARNING] - GO term GO:0000469 from training set missing in ontology
[2025-10-18 00:06:40,043][utils.go_prior][WARNING] - GO term GO:0090503 from training set missing in ontology
[2025-10-18 00:06:40,045][utils.go_prior][WARNING] - GO term GO:0090305 from training set missing in ontology
[2025-10-18 00:06:40,050][utils.go_prior][WARNING] - GO term GO:0000459 from training set missing in ontology
[2025-10-18 00:06:40,055][utils.go_prior][WARNING] - GO term GO:0016796 from training set missing in ontology
[2025-10-18 00:06:40,057][utils.go_prior][WARNING] - GO term GO:1900758 from training set missing in ontology
[2025-10-18 00:06:40,060][utils.go_prior][WARNING] - GO term GO:1902283 from training set missing in ontology
[2025-10-18 00:06:40,064][utils.go_prior][WARNING] - GO term GO:1900757 from training set missing in ontology
[2025-10-18 00:06:40,076][utils.go_prior][WARNING] - GO term GO:0061088 from training set missing in ontology
[2025-10-18 00:06:40,076][utils.go_prior][WARNING] - GO term GO:0051238 from training set missing in ontology
[2025-10-18 00:06:40,082][utils.go_prior][WARNING] - GO term GO:0032119 from training set missing in ontology
[2025-10-18 00:06:40,088][utils.go_prior][WARNING] - GO term GO:0070589 from training set missing in ontology
[2025-10-18 00:06:40,091][utils.go_prior][WARNING] - GO term GO:0015965 from training set missing in ontology
[2025-10-18 00:06:40,092][utils.go_prior][WARNING] - GO term GO:0010410 from training set missing in ontology
[2025-10-18 00:06:40,093][utils.go_prior][WARNING] - GO term GO:0030433 from training set missing in ontology
[2025-10-18 00:06:40,094][utils.go_prior][WARNING] - GO term GO:0010525 from training set missing in ontology
[2025-10-18 00:06:40,094][utils.go_prior][WARNING] - GO term GO:0010529 from training set missing in ontology
[2025-10-18 00:06:40,095][utils.go_prior][WARNING] - GO term GO:0010528 from training set missing in ontology
[2025-10-18 00:06:40,099][utils.go_prior][WARNING] - GO term GO:0034427 from training set missing in ontology
[2025-10-18 00:06:40,102][utils.go_prior][WARNING] - GO term GO:0000291 from training set missing in ontology
[2025-10-18 00:06:40,105][utils.go_prior][WARNING] - GO term GO:0034661 from training set missing in ontology
[2025-10-18 00:06:40,105][utils.go_prior][WARNING] - GO term GO:0071029 from training set missing in ontology
[2025-10-18 00:06:40,105][utils.go_prior][WARNING] - GO term GO:2000113 from training set missing in ontology
[2025-10-18 00:06:40,105][utils.go_prior][WARNING] - GO term GO:0000478 from training set missing in ontology
[2025-10-18 00:06:40,107][utils.go_prior][WARNING] - GO term GO:0090502 from training set missing in ontology
[2025-10-18 00:06:40,108][utils.go_prior][WARNING] - GO term GO:0051543 from training set missing in ontology
[2025-10-18 00:06:40,110][utils.go_prior][WARNING] - GO term GO:0051545 from training set missing in ontology
[2025-10-18 00:06:40,110][utils.go_prior][WARNING] - GO term GO:0006978 from training set missing in ontology
[2025-10-18 00:06:40,112][utils.go_prior][WARNING] - GO term GO:0097064 from training set missing in ontology
[2025-10-18 00:06:40,112][utils.go_prior][WARNING] - GO term GO:1903510 from training set missing in ontology
[2025-10-18 00:06:40,114][utils.go_prior][WARNING] - GO term GO:0070265 from training set missing in ontology
[2025-10-18 00:06:40,119][utils.go_prior][WARNING] - GO term GO:0005747 from training set missing in ontology
[2025-10-18 00:06:40,121][utils.go_prior][WARNING] - GO term GO:0098781 from training set missing in ontology
[2025-10-18 00:06:40,121][utils.go_prior][WARNING] - GO term GO:0044349 from training set missing in ontology
[2025-10-18 00:06:40,121][utils.go_prior][WARNING] - GO term GO:0032104 from training set missing in ontology
[2025-10-18 00:06:40,123][utils.go_prior][WARNING] - GO term GO:0032105 from training set missing in ontology
[2025-10-18 00:06:40,124][utils.go_prior][WARNING] - GO term GO:0019932 from training set missing in ontology
[2025-10-18 00:06:40,125][utils.go_prior][WARNING] - GO term GO:1901215 from training set missing in ontology
[2025-10-18 00:06:40,126][utils.go_prior][WARNING] - GO term GO:0070932 from training set missing in ontology
[2025-10-18 00:06:40,126][utils.go_prior][WARNING] - GO term GO:0003896 from training set missing in ontology
[2025-10-18 00:06:40,126][utils.go_prior][WARNING] - GO term GO:0009161 from training set missing in ontology
[2025-10-18 00:06:40,128][utils.go_prior][WARNING] - GO term GO:0006919 from training set missing in ontology
[2025-10-18 00:06:40,129][utils.go_prior][WARNING] - GO term GO:0007182 from training set missing in ontology
[2025-10-18 00:06:40,271][utils.go_prior][WARNING] - GO term GO:0036473 from training set missing in ontology
[2025-10-18 00:06:40,298][utils.go_prior][WARNING] - GO term GO:0006977 from training set missing in ontology
[2025-10-18 00:06:40,404][utils.go_prior][WARNING] - GO term GO:2000286 from training set missing in ontology
[2025-10-18 00:06:40,600][utils.go_prior][WARNING] - GO term GO:0016578 from training set missing in ontology
[2025-10-18 00:06:40,628][utils.go_prior][WARNING] - GO term GO:0035616 from training set missing in ontology
[2025-10-18 00:06:40,744][utils.go_prior][WARNING] - GO term GO:1901021 from training set missing in ontology
[2025-10-18 00:06:40,793][utils.go_prior][WARNING] - GO term GO:0035584 from training set missing in ontology
[2025-10-18 00:06:40,913][utils.go_prior][WARNING] - GO term GO:0030104 from training set missing in ontology
[2025-10-18 00:06:40,934][utils.go_prior][WARNING] - GO term GO:0044247 from training set missing in ontology
[2025-10-18 00:06:40,956][utils.go_prior][WARNING] - GO term GO:0009186 from training set missing in ontology
[2025-10-18 00:06:41,066][utils.go_prior][WARNING] - GO term GO:0051303 from training set missing in ontology
[2025-10-18 00:06:41,138][utils.go_prior][WARNING] - GO term GO:0006775 from training set missing in ontology
[2025-10-18 00:06:41,169][utils.go_prior][WARNING] - GO term GO:0035065 from training set missing in ontology
[2025-10-18 00:06:41,333][utils.go_prior][WARNING] - GO term GO:0090143 from training set missing in ontology
[2025-10-18 00:06:41,364][utils.go_prior][WARNING] - GO term GO:0090144 from training set missing in ontology
[2025-10-18 00:06:41,405][utils.go_prior][WARNING] - GO term GO:0010822 from training set missing in ontology
[2025-10-18 00:06:41,425][utils.go_prior][WARNING] - GO term GO:0031532 from training set missing in ontology
[2025-10-18 00:06:41,438][utils.go_prior][WARNING] - GO term GO:0031063 from training set missing in ontology
[2025-10-18 00:06:41,602][utils.go_prior][WARNING] - GO term GO:0031065 from training set missing in ontology
[2025-10-18 00:06:41,620][utils.go_prior][WARNING] - GO term GO:0019935 from training set missing in ontology
[2025-10-18 00:06:41,654][utils.go_prior][WARNING] - GO term GO:0019758 from training set missing in ontology
[2025-10-18 00:06:41,793][utils.go_prior][WARNING] - GO term GO:0000737 from training set missing in ontology
[2025-10-18 00:06:41,857][utils.go_prior][WARNING] - GO term GO:0016894 from training set missing in ontology
[2025-10-18 00:06:41,862][utils.go_prior][WARNING] - GO term GO:0070940 from training set missing in ontology
[2025-10-18 00:06:42,029][utils.go_prior][WARNING] - GO term GO:0006039 from training set missing in ontology
[2025-10-18 00:06:42,060][utils.go_prior][WARNING] - GO term GO:0034232 from training set missing in ontology
[2025-10-18 00:06:42,070][utils.go_prior][WARNING] - GO term GO:0034218 from training set missing in ontology
[2025-10-18 00:06:42,081][utils.go_prior][WARNING] - GO term GO:0006037 from training set missing in ontology
[2025-10-18 00:06:42,091][utils.go_prior][WARNING] - GO term GO:0035561 from training set missing in ontology
[2025-10-18 00:06:42,112][utils.go_prior][WARNING] - GO term GO:0043641 from training set missing in ontology
[2025-10-18 00:06:42,127][utils.go_prior][WARNING] - GO term GO:0018904 from training set missing in ontology
[2025-10-18 00:06:42,135][utils.go_prior][WARNING] - GO term GO:0005750 from training set missing in ontology
[2025-10-18 00:06:42,173][utils.go_prior][WARNING] - GO term GO:0110129 from training set missing in ontology
[2025-10-18 00:06:42,245][utils.go_prior][WARNING] - GO term GO:0034968 from training set missing in ontology
[2025-10-18 00:06:42,256][utils.go_prior][WARNING] - GO term GO:0044648 from training set missing in ontology
[2025-10-18 00:06:42,276][utils.go_prior][WARNING] - GO term GO:0097692 from training set missing in ontology
[2025-10-18 00:06:42,287][utils.go_prior][WARNING] - GO term GO:0016571 from training set missing in ontology
[2025-10-18 00:06:42,297][utils.go_prior][WARNING] - GO term GO:0051568 from training set missing in ontology
[2025-10-18 00:06:42,307][utils.go_prior][WARNING] - GO term GO:0080182 from training set missing in ontology
[2025-10-18 00:06:42,318][utils.go_prior][WARNING] - GO term GO:0018024 from training set missing in ontology
[2025-10-18 00:06:42,328][utils.go_prior][WARNING] - GO term GO:1902380 from training set missing in ontology
[2025-10-18 00:06:42,330][utils.go_prior][WARNING] - GO term GO:0035066 from training set missing in ontology
[2025-10-18 00:06:42,336][utils.go_prior][WARNING] - GO term GO:0031057 from training set missing in ontology
[2025-10-18 00:06:42,341][utils.go_prior][WARNING] - GO term GO:0031061 from training set missing in ontology
[2025-10-18 00:06:42,470][utils.go_prior][WARNING] - GO term GO:0048563 from training set missing in ontology
[2025-10-18 00:06:42,481][utils.go_prior][WARNING] - GO term GO:0048569 from training set missing in ontology
[2025-10-18 00:06:42,491][utils.go_prior][WARNING] - GO term GO:0031323 from training set missing in ontology
[2025-10-18 00:06:42,501][utils.go_prior][WARNING] - GO term GO:0031331 from training set missing in ontology
[2025-10-18 00:06:42,511][utils.go_prior][WARNING] - GO term GO:0031329 from training set missing in ontology
[2025-10-18 00:06:42,511][utils.go_prior][WARNING] - GO term GO:0031325 from training set missing in ontology
[2025-10-18 00:06:42,522][utils.go_prior][WARNING] - GO term GO:0097159 from training set missing in ontology
[2025-10-18 00:06:42,533][utils.go_prior][WARNING] - GO term GO:1903508 from training set missing in ontology
[2025-10-18 00:06:42,543][utils.go_prior][WARNING] - GO term GO:0051171 from training set missing in ontology
[2025-10-18 00:06:42,572][utils.go_prior][WARNING] - GO term GO:0031326 from training set missing in ontology
[2025-10-18 00:06:42,654][utils.go_prior][WARNING] - GO term GO:1903506 from training set missing in ontology
[2025-10-18 00:06:42,654][utils.go_prior][WARNING] - GO term GO:0031328 from training set missing in ontology
[2025-10-18 00:06:42,675][utils.go_prior][WARNING] - GO term GO:0051173 from training set missing in ontology
[2025-10-18 00:06:42,685][utils.go_prior][WARNING] - GO term GO:0010035 from training set missing in ontology
[2025-10-18 00:06:42,696][utils.go_prior][WARNING] - GO term GO:0010243 from training set missing in ontology
[2025-10-18 00:06:42,716][utils.go_prior][WARNING] - GO term GO:0014070 from training set missing in ontology
[2025-10-18 00:06:42,716][utils.go_prior][WARNING] - GO term GO:0010033 from training set missing in ontology
[2025-10-18 00:06:42,726][utils.go_prior][WARNING] - GO term GO:0006807 from training set missing in ontology
[2025-10-18 00:06:42,726][utils.go_prior][WARNING] - GO term GO:1901564 from training set missing in ontology
[2025-10-18 00:06:42,726][utils.go_prior][WARNING] - GO term GO:0071704 from training set missing in ontology
[2025-10-18 00:06:42,737][utils.go_prior][WARNING] - GO term GO:0000904 from training set missing in ontology
[2025-10-18 00:06:42,737][utils.go_prior][WARNING] - GO term GO:0032990 from training set missing in ontology
[2025-10-18 00:06:42,747][utils.go_prior][WARNING] - GO term GO:0006073 from training set missing in ontology
[2025-10-18 00:06:42,747][utils.go_prior][WARNING] - GO term GO:0044237 from training set missing in ontology
[2025-10-18 00:06:42,755][utils.go_prior][WARNING] - GO term GO:1901576 from training set missing in ontology
[2025-10-18 00:06:42,755][utils.go_prior][WARNING] - GO term GO:0033692 from training set missing in ontology
[2025-10-18 00:06:42,757][utils.go_prior][WARNING] - GO term GO:0034637 from training set missing in ontology
[2025-10-18 00:06:42,757][utils.go_prior][WARNING] - GO term GO:0044249 from training set missing in ontology
[2025-10-18 00:06:42,757][utils.go_prior][WARNING] - GO term GO:0034645 from training set missing in ontology
[2025-10-18 00:06:42,767][utils.go_prior][WARNING] - GO term GO:0044260 from training set missing in ontology
[2025-10-18 00:06:42,767][utils.go_prior][WARNING] - GO term GO:0000003 from training set missing in ontology
[2025-10-18 00:06:42,767][utils.go_prior][WARNING] - GO term GO:0044264 from training set missing in ontology
[2025-10-18 00:06:42,767][utils.go_prior][WARNING] - GO term GO:0044262 from training set missing in ontology
[2025-10-18 00:06:42,767][utils.go_prior][WARNING] - GO term GO:0032504 from training set missing in ontology
[2025-10-18 00:06:42,779][utils.go_prior][WARNING] - GO term GO:0009991 from training set missing in ontology
[2025-10-18 00:06:42,780][utils.go_prior][WARNING] - GO term GO:0031668 from training set missing in ontology
[2025-10-18 00:06:42,781][utils.go_prior][WARNING] - GO term GO:0052173 from training set missing in ontology
[2025-10-18 00:06:42,783][utils.go_prior][WARNING] - GO term GO:0019048 from training set missing in ontology
[2025-10-18 00:06:42,785][utils.go_prior][WARNING] - GO term GO:0019049 from training set missing in ontology
[2025-10-18 00:06:42,786][utils.go_prior][WARNING] - GO term GO:0019054 from training set missing in ontology
[2025-10-18 00:06:42,787][utils.go_prior][WARNING] - GO term GO:1901566 from training set missing in ontology
[2025-10-18 00:06:42,788][utils.go_prior][WARNING] - GO term GO:0198738 from training set missing in ontology
[2025-10-18 00:06:42,790][utils.go_prior][WARNING] - GO term GO:0070727 from training set missing in ontology
[2025-10-18 00:06:42,790][utils.go_prior][WARNING] - GO term GO:0071702 from training set missing in ontology
[2025-10-18 00:06:42,792][utils.go_prior][WARNING] - GO term GO:0060389 from training set missing in ontology
[2025-10-18 00:06:42,794][utils.go_prior][WARNING] - GO term GO:1901216 from training set missing in ontology
[2025-10-18 00:06:42,796][utils.go_prior][WARNING] - GO term GO:0010942 from training set missing in ontology
[2025-10-18 00:06:42,797][utils.go_prior][WARNING] - GO term GO:1901214 from training set missing in ontology
[2025-10-18 00:06:42,797][utils.go_prior][WARNING] - GO term GO:0010941 from training set missing in ontology
[2025-10-18 00:06:42,799][utils.go_prior][WARNING] - GO term GO:0062023 from training set missing in ontology
[2025-10-18 00:06:42,870][utils.go_prior][WARNING] - GO term GO:0001505 from training set missing in ontology
[2025-10-18 00:06:42,911][utils.go_prior][WARNING] - GO term GO:0031327 from training set missing in ontology
[2025-10-18 00:06:42,942][utils.go_prior][WARNING] - GO term GO:0051172 from training set missing in ontology
[2025-10-18 00:06:42,955][utils.go_prior][WARNING] - GO term GO:0031324 from training set missing in ontology
[2025-10-18 00:06:42,955][utils.go_prior][WARNING] - GO term GO:1903507 from training set missing in ontology
[2025-10-18 00:06:42,973][utils.go_prior][WARNING] - GO term GO:0031975 from training set missing in ontology
[2025-10-18 00:06:42,983][utils.go_prior][WARNING] - GO term GO:0044248 from training set missing in ontology
[2025-10-18 00:06:42,994][utils.go_prior][WARNING] - GO term GO:0044255 from training set missing in ontology
[2025-10-18 00:06:43,004][utils.go_prior][WARNING] - GO term GO:0044242 from training set missing in ontology
[2025-10-18 00:06:43,004][utils.go_prior][WARNING] - GO term GO:1901575 from training set missing in ontology
[2025-10-18 00:06:43,014][utils.go_prior][WARNING] - GO term GO:1901617 from training set missing in ontology
[2025-10-18 00:06:43,014][utils.go_prior][WARNING] - GO term GO:1901615 from training set missing in ontology
[2025-10-18 00:06:43,014][utils.go_prior][WARNING] - GO term GO:1901362 from training set missing in ontology
[2025-10-18 00:06:43,024][utils.go_prior][WARNING] - GO term GO:1901360 from training set missing in ontology
[2025-10-18 00:06:43,024][utils.go_prior][WARNING] - GO term GO:0046483 from training set missing in ontology
[2025-10-18 00:06:43,024][utils.go_prior][WARNING] - GO term GO:0018130 from training set missing in ontology
[2025-10-18 00:06:43,024][utils.go_prior][WARNING] - GO term GO:0071310 from training set missing in ontology
[2025-10-18 00:06:43,024][utils.go_prior][WARNING] - GO term GO:0043621 from training set missing in ontology
[2025-10-18 00:06:43,024][utils.go_prior][WARNING] - GO term GO:1902595 from training set missing in ontology
[2025-10-18 00:06:43,024][utils.go_prior][WARNING] - GO term GO:0010769 from training set missing in ontology
[2025-10-18 00:06:43,035][utils.go_prior][WARNING] - GO term GO:0055072 from training set missing in ontology
[2025-10-18 00:06:43,035][utils.go_prior][WARNING] - GO term GO:1902844 from training set missing in ontology
[2025-10-18 00:06:43,035][utils.go_prior][WARNING] - GO term GO:0006725 from training set missing in ontology
[2025-10-18 00:06:43,035][utils.go_prior][WARNING] - GO term GO:0034641 from training set missing in ontology
[2025-10-18 00:06:43,035][utils.go_prior][WARNING] - GO term GO:0034660 from training set missing in ontology
[2025-10-18 00:06:43,035][utils.go_prior][WARNING] - GO term GO:0019400 from training set missing in ontology
[2025-10-18 00:06:43,035][utils.go_prior][WARNING] - GO term GO:0060548 from training set missing in ontology
[2025-10-18 00:06:43,035][utils.go_prior][WARNING] - GO term GO:0043280 from training set missing in ontology
[2025-10-18 00:06:43,035][utils.go_prior][WARNING] - GO term GO:2000116 from training set missing in ontology
[2025-10-18 00:06:43,047][utils.go_prior][WARNING] - GO term GO:0007568 from training set missing in ontology
[2025-10-18 00:06:43,050][utils.go_prior][WARNING] - GO term GO:2001056 from training set missing in ontology
[2025-10-18 00:06:43,056][utils.go_prior][WARNING] - GO term GO:0043281 from training set missing in ontology
[2025-10-18 00:06:43,057][utils.go_prior][WARNING] - GO term GO:0071407 from training set missing in ontology
[2025-10-18 00:06:43,059][utils.go_prior][WARNING] - GO term GO:0060774 from training set missing in ontology
[2025-10-18 00:06:43,059][utils.go_prior][WARNING] - GO term GO:0044265 from training set missing in ontology
[2025-10-18 00:06:43,060][utils.go_prior][WARNING] - GO term GO:0003402 from training set missing in ontology
[2025-10-18 00:06:43,061][utils.go_prior][WARNING] - GO term GO:1905114 from training set missing in ontology
[2025-10-18 00:06:43,062][utils.go_prior][WARNING] - GO term GO:2000040 from training set missing in ontology
[2025-10-18 00:06:43,062][utils.go_prior][WARNING] - GO term GO:1901565 from training set missing in ontology
[2025-10-18 00:06:43,062][utils.go_prior][WARNING] - GO term GO:0019438 from training set missing in ontology
[2025-10-18 00:06:43,064][utils.go_prior][WARNING] - GO term GO:1901160 from training set missing in ontology
[2025-10-18 00:06:43,066][utils.go_prior][WARNING] - GO term GO:0044271 from training set missing in ontology
[2025-10-18 00:06:43,069][utils.go_prior][WARNING] - GO term GO:0006305 from training set missing in ontology
[2025-10-18 00:06:43,171][utils.go_prior][WARNING] - GO term GO:0010424 from training set missing in ontology
[2025-10-18 00:06:43,175][utils.go_prior][WARNING] - GO term GO:0032776 from training set missing in ontology
[2025-10-18 00:06:43,179][utils.go_prior][WARNING] - GO term GO:0090116 from training set missing in ontology
[2025-10-18 00:06:43,182][utils.go_prior][WARNING] - GO term GO:0006306 from training set missing in ontology
[2025-10-18 00:06:43,188][utils.go_prior][WARNING] - GO term GO:0034470 from training set missing in ontology
[2025-10-18 00:06:43,256][utils.go_prior][WARNING] - GO term GO:0071241 from training set missing in ontology
[2025-10-18 00:06:43,291][utils.go_prior][WARNING] - GO term GO:0006767 from training set missing in ontology
[2025-10-18 00:06:43,312][utils.go_prior][WARNING] - GO term GO:0019419 from training set missing in ontology
[2025-10-18 00:06:43,324][utils.go_prior][WARNING] - GO term GO:1990355 from training set missing in ontology
[2025-10-18 00:06:43,333][utils.go_prior][WARNING] - GO term GO:0016143 from training set missing in ontology
[2025-10-18 00:06:43,333][utils.go_prior][WARNING] - GO term GO:0019757 from training set missing in ontology
[2025-10-18 00:06:43,343][utils.go_prior][WARNING] - GO term GO:1901618 from training set missing in ontology
[2025-10-18 00:06:43,343][utils.go_prior][WARNING] - GO term GO:0032505 from training set missing in ontology
[2025-10-18 00:06:43,356][utils.go_prior][WARNING] - GO term GO:0031330 from training set missing in ontology
[2025-10-18 00:06:43,364][utils.go_prior][WARNING] - GO term GO:1904029 from training set missing in ontology
[2025-10-18 00:06:43,374][utils.go_prior][WARNING] - GO term GO:0016575 from training set missing in ontology
[2025-10-18 00:06:43,374][utils.go_prior][WARNING] - GO term GO:0016570 from training set missing in ontology
[2025-10-18 00:06:43,374][utils.go_prior][WARNING] - GO term GO:0071417 from training set missing in ontology
[2025-10-18 00:06:43,384][utils.go_prior][WARNING] - GO term GO:0044000 from training set missing in ontology
[2025-10-18 00:06:43,384][utils.go_prior][WARNING] - GO term GO:0031279 from training set missing in ontology
[2025-10-18 00:06:43,384][utils.go_prior][WARNING] - GO term GO:0043154 from training set missing in ontology
[2025-10-18 00:06:43,384][utils.go_prior][WARNING] - GO term GO:2000117 from training set missing in ontology
[2025-10-18 00:06:43,384][utils.go_prior][WARNING] - GO term GO:0051339 from training set missing in ontology
[2025-10-18 00:06:43,395][utils.go_prior][WARNING] - GO term GO:0015248 from training set missing in ontology
[2025-10-18 00:06:43,395][utils.go_prior][WARNING] - GO term GO:0042165 from training set missing in ontology
[2025-10-18 00:06:43,395][utils.go_prior][WARNING] - GO term GO:0009199 from training set missing in ontology
[2025-10-18 00:06:43,395][utils.go_prior][WARNING] - GO term GO:0045263 from training set missing in ontology
[2025-10-18 00:06:43,395][utils.go_prior][WARNING] - GO term GO:0005753 from training set missing in ontology
[2025-10-18 00:06:43,407][utils.go_prior][WARNING] - GO term GO:0045265 from training set missing in ontology
[2025-10-18 00:06:43,409][utils.go_prior][WARNING] - GO term GO:0000274 from training set missing in ontology
[2025-10-18 00:06:43,410][utils.go_prior][WARNING] - GO term GO:0000276 from training set missing in ontology
[2025-10-18 00:06:43,410][utils.go_prior][WARNING] - GO term GO:1903201 from training set missing in ontology
[2025-10-18 00:06:43,411][utils.go_prior][WARNING] - GO term GO:0000083 from training set missing in ontology
[2025-10-18 00:06:43,413][utils.go_prior][WARNING] - GO term GO:0007074 from training set missing in ontology
[2025-10-18 00:06:43,413][utils.go_prior][WARNING] - GO term GO:0007072 from training set missing in ontology
[2025-10-18 00:06:43,413][utils.go_prior][WARNING] - GO term GO:2001020 from training set missing in ontology
[2025-10-18 00:06:43,416][utils.go_prior][WARNING] - GO term GO:2001022 from training set missing in ontology
[2025-10-18 00:06:43,417][utils.go_prior][WARNING] - GO term GO:0097659 from training set missing in ontology
[2025-10-18 00:06:43,419][utils.go_prior][WARNING] - GO term GO:0000002 from training set missing in ontology
[2025-10-18 00:06:43,419][utils.go_prior][WARNING] - GO term GO:2000112 from training set missing in ontology
[2025-10-18 00:06:43,421][utils.go_prior][WARNING] - GO term GO:0090079 from training set missing in ontology
[2025-10-18 00:06:43,422][utils.go_prior][WARNING] - GO term GO:1901616 from training set missing in ontology
[2025-10-18 00:06:43,423][utils.go_prior][WARNING] - GO term GO:0034471 from training set missing in ontology
[2025-10-18 00:06:43,423][utils.go_prior][WARNING] - GO term GO:0044275 from training set missing in ontology
[2025-10-18 00:06:43,424][utils.go_prior][WARNING] - GO term GO:0044501 from training set missing in ontology
[2025-10-18 00:06:43,424][utils.go_prior][WARNING] - GO term GO:0075528 from training set missing in ontology
[2025-10-18 00:06:43,426][utils.go_prior][WARNING] - GO term GO:0039503 from training set missing in ontology
[2025-10-18 00:06:43,426][utils.go_prior][WARNING] - GO term GO:0016415 from training set missing in ontology
[2025-10-18 00:06:43,427][utils.go_prior][WARNING] - GO term GO:0032070 from training set missing in ontology
[2025-10-18 00:06:43,427][utils.go_prior][WARNING] - GO term GO:1900262 from training set missing in ontology
[2025-10-18 00:06:43,429][utils.go_prior][WARNING] - GO term GO:0032069 from training set missing in ontology
[2025-10-18 00:06:43,430][utils.go_prior][WARNING] - GO term GO:0044815 from training set missing in ontology
[2025-10-18 00:06:43,538][utils.go_prior][WARNING] - GO term GO:0036003 from training set missing in ontology
[2025-10-18 00:06:43,556][utils.go_prior][WARNING] - GO term GO:1901522 from training set missing in ontology
[2025-10-18 00:06:43,558][utils.go_prior][WARNING] - GO term GO:0060394 from training set missing in ontology
[2025-10-18 00:06:43,569][utils.go_prior][WARNING] - GO term GO:0043620 from training set missing in ontology
[2025-10-18 00:06:43,579][utils.go_prior][WARNING] - GO term GO:0043618 from training set missing in ontology
[2025-10-18 00:06:43,579][utils.go_prior][WARNING] - GO term GO:0060393 from training set missing in ontology
[2025-10-18 00:06:43,579][utils.go_prior][WARNING] - GO term GO:0031056 from training set missing in ontology
[2025-10-18 00:06:43,579][utils.go_prior][WARNING] - GO term GO:0048017 from training set missing in ontology
[2025-10-18 00:06:43,579][utils.go_prior][WARNING] - GO term GO:1903069 from training set missing in ontology
[2025-10-18 00:06:43,579][utils.go_prior][WARNING] - GO term GO:0031062 from training set missing in ontology
[2025-10-18 00:06:43,579][utils.go_prior][WARNING] - GO term GO:0006990 from training set missing in ontology
[2025-10-18 00:06:43,579][utils.go_prior][WARNING] - GO term GO:0031058 from training set missing in ontology
[2025-10-18 00:06:43,589][utils.go_prior][WARNING] - GO term GO:1903071 from training set missing in ontology
[2025-10-18 00:06:43,589][utils.go_prior][WARNING] - GO term GO:0031060 from training set missing in ontology
[2025-10-18 00:06:43,589][utils.go_prior][WARNING] - GO term GO:1990440 from training set missing in ontology
[2025-10-18 00:06:43,589][utils.go_prior][WARNING] - GO term GO:0014065 from training set missing in ontology
[2025-10-18 00:06:43,589][utils.go_prior][WARNING] - GO term GO:0043631 from training set missing in ontology
[2025-10-18 00:06:43,589][utils.go_prior][WARNING] - GO term GO:0004652 from training set missing in ontology
[2025-10-18 00:06:43,589][utils.go_prior][WARNING] - GO term GO:1903016 from training set missing in ontology
[2025-10-18 00:06:43,589][utils.go_prior][WARNING] - GO term GO:1903015 from training set missing in ontology
[2025-10-18 00:06:43,589][utils.go_prior][WARNING] - GO term GO:0016573 from training set missing in ontology
[2025-10-18 00:06:43,600][utils.go_prior][WARNING] - GO term GO:0097043 from training set missing in ontology
[2025-10-18 00:06:43,600][utils.go_prior][WARNING] - GO term GO:0043966 from training set missing in ontology
[2025-10-18 00:06:43,600][utils.go_prior][WARNING] - GO term GO:0061726 from training set missing in ontology
[2025-10-18 00:06:43,600][utils.go_prior][WARNING] - GO term GO:0009162 from training set missing in ontology
[2025-10-18 00:06:43,600][utils.go_prior][WARNING] - GO term GO:0019692 from training set missing in ontology
[2025-10-18 00:06:43,600][utils.go_prior][WARNING] - GO term GO:2001021 from training set missing in ontology
[2025-10-18 00:06:43,600][utils.go_prior][WARNING] - GO term GO:0006734 from training set missing in ontology
[2025-10-18 00:06:43,600][utils.go_prior][WARNING] - GO term GO:0019362 from training set missing in ontology
[2025-10-18 00:06:43,600][utils.go_prior][WARNING] - GO term GO:0061912 from training set missing in ontology
[2025-10-18 00:06:43,600][utils.go_prior][WARNING] - GO term GO:0005749 from training set missing in ontology
[2025-10-18 00:06:43,600][utils.go_prior][WARNING] - GO term GO:0005746 from training set missing in ontology
[2025-10-18 00:06:43,610][utils.go_prior][WARNING] - GO term GO:0045281 from training set missing in ontology
[2025-10-18 00:06:43,610][utils.go_prior][WARNING] - GO term GO:0070469 from training set missing in ontology
[2025-10-18 00:06:43,611][utils.go_prior][WARNING] - GO term GO:0045257 from training set missing in ontology
[2025-10-18 00:06:43,612][utils.go_prior][WARNING] - GO term GO:1901376 from training set missing in ontology
[2025-10-18 00:06:43,613][utils.go_prior][WARNING] - GO term GO:1901377 from training set missing in ontology
[2025-10-18 00:06:43,613][utils.go_prior][WARNING] - GO term GO:0019439 from training set missing in ontology
[2025-10-18 00:06:43,613][utils.go_prior][WARNING] - GO term GO:0046700 from training set missing in ontology
[2025-10-18 00:06:43,616][utils.go_prior][WARNING] - GO term GO:1901361 from training set missing in ontology
[2025-10-18 00:06:43,616][utils.go_prior][WARNING] - GO term GO:1901378 from training set missing in ontology
[2025-10-18 00:06:43,617][utils.go_prior][WARNING] - GO term GO:0005355 from training set missing in ontology
[2025-10-18 00:06:43,617][utils.go_prior][WARNING] - GO term GO:0004033 from training set missing in ontology
[2025-10-18 00:06:43,619][utils.go_prior][WARNING] - GO term GO:0008272 from training set missing in ontology
[2025-10-18 00:06:43,619][utils.go_prior][WARNING] - GO term GO:0010675 from training set missing in ontology
[2025-10-18 00:06:43,620][utils.go_prior][WARNING] - GO term GO:0010677 from training set missing in ontology
[2025-10-18 00:06:43,622][utils.go_prior][WARNING] - GO term GO:0005844 from training set missing in ontology
[2025-10-18 00:06:43,623][utils.go_prior][WARNING] - GO term GO:0042788 from training set missing in ontology
[2025-10-18 00:06:43,624][utils.go_prior][WARNING] - GO term GO:0044270 from training set missing in ontology
[2025-10-18 00:06:43,624][utils.go_prior][WARNING] - GO term GO:0016893 from training set missing in ontology
[2025-10-18 00:06:43,625][utils.go_prior][WARNING] - GO term GO:1901019 from training set missing in ontology
[2025-10-18 00:06:43,625][utils.go_prior][WARNING] - GO term GO:0090501 from training set missing in ontology
[2025-10-18 00:06:43,626][utils.go_prior][WARNING] - GO term GO:0000469 from training set missing in ontology
[2025-10-18 00:06:43,626][utils.go_prior][WARNING] - GO term GO:0090503 from training set missing in ontology
[2025-10-18 00:06:43,626][utils.go_prior][WARNING] - GO term GO:0090305 from training set missing in ontology
[2025-10-18 00:06:43,628][utils.go_prior][WARNING] - GO term GO:0000459 from training set missing in ontology
[2025-10-18 00:06:43,629][utils.go_prior][WARNING] - GO term GO:0016796 from training set missing in ontology
[2025-10-18 00:06:43,629][utils.go_prior][WARNING] - GO term GO:1900758 from training set missing in ontology
[2025-10-18 00:06:43,631][utils.go_prior][WARNING] - GO term GO:1902283 from training set missing in ontology
[2025-10-18 00:06:43,631][utils.go_prior][WARNING] - GO term GO:1900757 from training set missing in ontology
[2025-10-18 00:06:43,631][utils.go_prior][WARNING] - GO term GO:0061088 from training set missing in ontology
[2025-10-18 00:06:43,633][utils.go_prior][WARNING] - GO term GO:0051238 from training set missing in ontology
[2025-10-18 00:06:43,633][utils.go_prior][WARNING] - GO term GO:0032119 from training set missing in ontology
[2025-10-18 00:06:43,634][utils.go_prior][WARNING] - GO term GO:0070589 from training set missing in ontology
[2025-10-18 00:06:43,635][utils.go_prior][WARNING] - GO term GO:0015965 from training set missing in ontology
[2025-10-18 00:06:43,635][utils.go_prior][WARNING] - GO term GO:0010410 from training set missing in ontology
[2025-10-18 00:06:43,636][utils.go_prior][WARNING] - GO term GO:0030433 from training set missing in ontology
[2025-10-18 00:06:43,637][utils.go_prior][WARNING] - GO term GO:0010525 from training set missing in ontology
[2025-10-18 00:06:43,638][utils.go_prior][WARNING] - GO term GO:0010529 from training set missing in ontology
[2025-10-18 00:06:43,639][utils.go_prior][WARNING] - GO term GO:0010528 from training set missing in ontology
[2025-10-18 00:06:43,671][utils.go_prior][WARNING] - GO term GO:0034427 from training set missing in ontology
[2025-10-18 00:06:43,744][utils.go_prior][WARNING] - GO term GO:0000291 from training set missing in ontology
[2025-10-18 00:06:43,756][utils.go_prior][WARNING] - GO term GO:0034661 from training set missing in ontology
[2025-10-18 00:06:43,765][utils.go_prior][WARNING] - GO term GO:0071029 from training set missing in ontology
[2025-10-18 00:06:43,775][utils.go_prior][WARNING] - GO term GO:2000113 from training set missing in ontology
[2025-10-18 00:06:43,795][utils.go_prior][WARNING] - GO term GO:0000478 from training set missing in ontology
[2025-10-18 00:06:43,810][utils.go_prior][WARNING] - GO term GO:0090502 from training set missing in ontology
[2025-10-18 00:06:43,827][utils.go_prior][WARNING] - GO term GO:0051543 from training set missing in ontology
[2025-10-18 00:06:43,837][utils.go_prior][WARNING] - GO term GO:0051545 from training set missing in ontology
[2025-10-18 00:06:43,837][utils.go_prior][WARNING] - GO term GO:0006978 from training set missing in ontology
[2025-10-18 00:06:43,857][utils.go_prior][WARNING] - GO term GO:0097064 from training set missing in ontology
[2025-10-18 00:06:43,858][utils.go_prior][WARNING] - GO term GO:1903510 from training set missing in ontology
[2025-10-18 00:06:43,858][utils.go_prior][WARNING] - GO term GO:0070265 from training set missing in ontology
[2025-10-18 00:06:43,868][utils.go_prior][WARNING] - GO term GO:0005747 from training set missing in ontology
[2025-10-18 00:06:43,878][utils.go_prior][WARNING] - GO term GO:0098781 from training set missing in ontology
[2025-10-18 00:06:43,878][utils.go_prior][WARNING] - GO term GO:0044349 from training set missing in ontology
[2025-10-18 00:06:43,890][utils.go_prior][WARNING] - GO term GO:0032104 from training set missing in ontology
[2025-10-18 00:06:43,892][utils.go_prior][WARNING] - GO term GO:0032105 from training set missing in ontology
[2025-10-18 00:06:43,894][utils.go_prior][WARNING] - GO term GO:0019932 from training set missing in ontology
[2025-10-18 00:06:43,894][utils.go_prior][WARNING] - GO term GO:1901215 from training set missing in ontology
[2025-10-18 00:06:43,895][utils.go_prior][WARNING] - GO term GO:0070932 from training set missing in ontology
[2025-10-18 00:06:43,897][utils.go_prior][WARNING] - GO term GO:0003896 from training set missing in ontology
[2025-10-18 00:06:43,897][utils.go_prior][WARNING] - GO term GO:0009161 from training set missing in ontology
[2025-10-18 00:06:43,901][utils.go_prior][WARNING] - GO term GO:0006919 from training set missing in ontology
[2025-10-18 00:06:43,905][utils.go_prior][WARNING] - GO term GO:0007182 from training set missing in ontology
[2025-10-18 00:06:43,907][utils.go_prior][WARNING] - GO term GO:0036473 from training set missing in ontology
[2025-10-18 00:06:43,909][utils.go_prior][WARNING] - GO term GO:0006977 from training set missing in ontology
[2025-10-18 00:06:43,970][utils.go_prior][WARNING] - GO term GO:2000286 from training set missing in ontology
[2025-10-18 00:06:44,011][utils.go_prior][WARNING] - GO term GO:0016578 from training set missing in ontology
[2025-10-18 00:06:44,021][utils.go_prior][WARNING] - GO term GO:0035616 from training set missing in ontology
[2025-10-18 00:06:44,042][utils.go_prior][WARNING] - GO term GO:1901021 from training set missing in ontology
[2025-10-18 00:06:44,042][utils.go_prior][WARNING] - GO term GO:0035584 from training set missing in ontology
[2025-10-18 00:06:44,057][utils.go_prior][WARNING] - GO term GO:0030104 from training set missing in ontology
[2025-10-18 00:06:44,062][utils.go_prior][WARNING] - GO term GO:0044247 from training set missing in ontology
[2025-10-18 00:06:44,062][utils.go_prior][WARNING] - GO term GO:0009186 from training set missing in ontology
[2025-10-18 00:06:44,062][utils.go_prior][WARNING] - GO term GO:0051303 from training set missing in ontology
[2025-10-18 00:06:44,073][utils.go_prior][WARNING] - GO term GO:0006775 from training set missing in ontology
[2025-10-18 00:06:44,073][utils.go_prior][WARNING] - GO term GO:0035065 from training set missing in ontology
[2025-10-18 00:06:44,073][utils.go_prior][WARNING] - GO term GO:0090143 from training set missing in ontology
[2025-10-18 00:06:44,073][utils.go_prior][WARNING] - GO term GO:0090144 from training set missing in ontology
[2025-10-18 00:06:44,083][utils.go_prior][WARNING] - GO term GO:0010822 from training set missing in ontology
[2025-10-18 00:06:44,083][utils.go_prior][WARNING] - GO term GO:0031532 from training set missing in ontology
[2025-10-18 00:06:44,083][utils.go_prior][WARNING] - GO term GO:0031063 from training set missing in ontology
[2025-10-18 00:06:44,083][utils.go_prior][WARNING] - GO term GO:0031065 from training set missing in ontology
[2025-10-18 00:06:44,083][utils.go_prior][WARNING] - GO term GO:0019935 from training set missing in ontology
[2025-10-18 00:06:44,083][utils.go_prior][WARNING] - GO term GO:0019758 from training set missing in ontology
[2025-10-18 00:06:44,083][utils.go_prior][WARNING] - GO term GO:0000737 from training set missing in ontology
[2025-10-18 00:06:44,093][utils.go_prior][WARNING] - GO term GO:0016894 from training set missing in ontology
[2025-10-18 00:06:44,094][utils.go_prior][WARNING] - GO term GO:0070940 from training set missing in ontology
[2025-10-18 00:06:44,097][utils.go_prior][WARNING] - GO term GO:0006039 from training set missing in ontology
[2025-10-18 00:06:44,098][utils.go_prior][WARNING] - GO term GO:0034232 from training set missing in ontology
[2025-10-18 00:06:44,100][utils.go_prior][WARNING] - GO term GO:0034218 from training set missing in ontology
[2025-10-18 00:06:44,101][utils.go_prior][WARNING] - GO term GO:0006037 from training set missing in ontology
[2025-10-18 00:06:44,103][utils.go_prior][WARNING] - GO term GO:0035561 from training set missing in ontology
[2025-10-18 00:06:44,105][utils.go_prior][WARNING] - GO term GO:0043641 from training set missing in ontology
[2025-10-18 00:06:44,107][utils.go_prior][WARNING] - GO term GO:0018904 from training set missing in ontology
[2025-10-18 00:06:44,107][utils.go_prior][WARNING] - GO term GO:0005750 from training set missing in ontology
[2025-10-18 00:06:44,109][utils.go_prior][WARNING] - GO term GO:0110129 from training set missing in ontology
[2025-10-18 00:06:44,109][utils.go_prior][WARNING] - GO term GO:0034968 from training set missing in ontology
[2025-10-18 00:06:44,110][utils.go_prior][WARNING] - GO term GO:0044648 from training set missing in ontology
[2025-10-18 00:06:44,110][utils.go_prior][WARNING] - GO term GO:0097692 from training set missing in ontology
[2025-10-18 00:06:44,111][utils.go_prior][WARNING] - GO term GO:0016571 from training set missing in ontology
[2025-10-18 00:06:44,112][utils.go_prior][WARNING] - GO term GO:0051568 from training set missing in ontology
[2025-10-18 00:06:44,113][utils.go_prior][WARNING] - GO term GO:0080182 from training set missing in ontology
[2025-10-18 00:06:44,115][utils.go_prior][WARNING] - GO term GO:0018024 from training set missing in ontology
[2025-10-18 00:06:44,119][utils.go_prior][WARNING] - GO term GO:1902380 from training set missing in ontology
[2025-10-18 00:06:44,227][utils.go_prior][WARNING] - GO term GO:0035066 from training set missing in ontology
[2025-10-18 00:06:44,247][utils.go_prior][WARNING] - GO term GO:0031057 from training set missing in ontology
[2025-10-18 00:06:44,268][utils.go_prior][WARNING] - GO term GO:0031061 from training set missing in ontology
[2025-10-18 00:06:44,288][utils.go_prior][INFO] - successfully created GO prior.
[2025-10-18 00:06:55,443][lightning.fabric.utilities.seed][INFO] - Seed set to 10
[2025-10-18 00:06:59,653][lightning.pytorch.utilities.rank_zero][INFO] - GPU available: False, used: False
[2025-10-18 00:06:59,653][lightning.pytorch.utilities.rank_zero][INFO] - TPU available: False, using: 0 TPU cores
[2025-10-18 00:06:59,653][lightning.pytorch.utilities.rank_zero][INFO] - HPU available: False, using: 0 HPUs
[2025-10-18 00:06:59,653][lightning.pytorch.utilities.rank_zero][INFO] - `Trainer(limit_val_batches=1.0)` was configured so 100% of the batches will be used..
[2025-10-18 00:06:59,715][lightning.pytorch.callbacks.model_summary][INFO] - 
  | Name      | Type          | Params | Mode 
----------------------------------------------------
0 | model     | PFAGCN        | 736 K  | train
1 | criterion | BCEWithLogits | 0      | train
----------------------------------------------------
736 K     Trainable params
0         Non-trainable params
736 K     Total params
2.946     Total estimated model params size (MB)
79        Modules in train mode
0         Modules in eval mode
